{"numFailedTestSuites":1,"numFailedTests":1,"numPassedTestSuites":1,"numPassedTests":48,"numPendingTestSuites":0,"numPendingTests":0,"numRuntimeErrorTestSuites":0,"numTodoTests":0,"numTotalTestSuites":2,"numTotalTests":49,"openHandles":[],"snapshot":{"added":0,"didUpdate":false,"failure":false,"filesAdded":0,"filesRemoved":0,"filesRemovedList":[],"filesUnmatched":0,"filesUpdated":0,"matched":0,"total":0,"unchecked":0,"uncheckedKeysByFile":[],"unmatched":0,"updated":0},"startTime":1776525194781,"success":false,"testResults":[{"assertionResults":[{"ancestorTitles":["Audit Logger Service - Core Functionality","calculateAuditHash"],"duration":11,"failureDetails":[],"failureMessages":[],"fullName":"Audit Logger Service - Core Functionality calculateAuditHash should calculate consistent hash for same data","invocations":1,"location":null,"numPassingAsserts":2,"retryReasons":[],"status":"passed","title":"should calculate consistent hash for same data"},{"ancestorTitles":["Audit Logger Service - Core Functionality","calculateAuditHash"],"duration":7,"failureDetails":[],"failureMessages":[],"fullName":"Audit Logger Service - Core Functionality calculateAuditHash should generate different hashes for different data","invocations":1,"location":null,"numPassingAsserts":1,"retryReasons":[],"status":"passed","title":"should generate different hashes for different data"},{"ancestorTitles":["Audit Logger Service - Core Functionality","calculateAuditHash"],"duration":6,"failureDetails":[],"failureMessages":[],"fullName":"Audit Logger Service - Core Functionality calculateAuditHash should handle null and undefined values gracefully","invocations":1,"location":null,"numPassingAsserts":1,"retryReasons":[],"status":"passed","title":"should handle null and undefined values gracefully"},{"ancestorTitles":["Audit Logger Service - Core Functionality","createAuditLog"],"duration":22,"failureDetails":[],"failureMessages":[],"fullName":"Audit Logger Service - Core Functionality createAuditLog should create basic audit log successfully","invocations":1,"location":null,"numPassingAsserts":7,"retryReasons":[],"status":"passed","title":"should create basic audit log successfully"},{"ancestorTitles":["Audit Logger Service - Core Functionality","createAuditLog"],"duration":12,"failureDetails":[],"failureMessages":[],"fullName":"Audit Logger Service - Core Functionality createAuditLog should create audit log with field changes","invocations":1,"location":null,"numPassingAsserts":5,"retryReasons":[],"status":"passed","title":"should create audit log with field changes"},{"ancestorTitles":["Audit Logger Service - Core Functionality","createAuditLog"],"duration":12,"failureDetails":[],"failureMessages":[],"fullName":"Audit Logger Service - Core Functionality createAuditLog should call blockchain audit service","invocations":1,"location":null,"numPassingAsserts":2,"retryReasons":[],"status":"passed","title":"should call blockchain audit service"},{"ancestorTitles":["Audit Logger Service - Core Functionality","createAuditLog"],"duration":32,"failureDetails":[],"failureMessages":[],"fullName":"Audit Logger Service - Core Functionality createAuditLog should handle blockchain service errors gracefully","invocations":1,"location":null,"numPassingAsserts":3,"retryReasons":[],"status":"passed","title":"should handle blockchain service errors gracefully"},{"ancestorTitles":["Audit Logger Service - Core Functionality","createAuditLog"],"duration":7,"failureDetails":[],"failureMessages":[],"fullName":"Audit Logger Service - Core Functionality createAuditLog should handle database errors gracefully","invocations":1,"location":null,"numPassingAsserts":2,"retryReasons":[],"status":"passed","title":"should handle database errors gracefully"},{"ancestorTitles":["Audit Logger Service - Core Functionality","createAuditLog"],"duration":12,"failureDetails":[],"failureMessages":[],"fullName":"Audit Logger Service - Core Functionality createAuditLog should enrich metadata with default values","invocations":1,"location":null,"numPassingAsserts":3,"retryReasons":[],"status":"passed","title":"should enrich metadata with default values"},{"ancestorTitles":["Audit Logger Service - Core Functionality","Data Integrity"],"duration":18,"failureDetails":[{"matcherResult":{"actual":"468f9a2afe0c66304b89dd2d4756d0bc388d3ceb8f06c51de5ab2a8d5059cf2e","expected":"aa7db4ed83b1238c7a83a5db66dccc25dace358127ac08fa80b96010d57a9729","message":"\u001b[2mexpect(\u001b[22m\u001b[31mreceived\u001b[39m\u001b[2m).\u001b[22mtoBe\u001b[2m(\u001b[22m\u001b[32mexpected\u001b[39m\u001b[2m) // Object.is equality\u001b[22m\n\nExpected: \u001b[32m\"aa7db4ed83b1238c7a83a5db66dccc25dace358127ac08fa80b96010d57a9729\"\u001b[39m\nReceived: \u001b[31m\"468f9a2afe0c66304b89dd2d4756d0bc388d3ceb8f06c51de5ab2a8d5059cf2e\"\u001b[39m","name":"toBe","pass":false}}],"failureMessages":["Error: \u001b[2mexpect(\u001b[22m\u001b[31mreceived\u001b[39m\u001b[2m).\u001b[22mtoBe\u001b[2m(\u001b[22m\u001b[32mexpected\u001b[39m\u001b[2m) // Object.is equality\u001b[22m\n\nExpected: \u001b[32m\"aa7db4ed83b1238c7a83a5db66dccc25dace358127ac08fa80b96010d57a9729\"\u001b[39m\nReceived: \u001b[31m\"468f9a2afe0c66304b89dd2d4756d0bc388d3ceb8f06c51de5ab2a8d5059cf2e\"\u001b[39m\n    at Object.toBe (C:\\Users\\Keane\\Desktop\\Git Uploads\\Capstone\\backend\\__tests__\\services\\auditLogger-simple.test.js:311:29)\n    at processTicksAndRejections (node:internal/process/task_queues:105:5)"],"fullName":"Audit Logger Service - Core Functionality Data Integrity should store hash consistently","invocations":1,"location":null,"numPassingAsserts":1,"retryReasons":[],"status":"failed","title":"should store hash consistently"},{"ancestorTitles":["Audit Logger Service - Core Functionality","Data Integrity"],"duration":9,"failureDetails":[],"failureMessages":[],"fullName":"Audit Logger Service - Core Functionality Data Integrity should preserve all audit log fields","invocations":1,"location":null,"numPassingAsserts":9,"retryReasons":[],"status":"passed","title":"should preserve all audit log fields"},{"ancestorTitles":["Audit Logger Service - Core Functionality","Environment Configuration"],"duration":9,"failureDetails":[],"failureMessages":[],"fullName":"Audit Logger Service - Core Functionality Environment Configuration should handle missing API key gracefully","invocations":1,"location":null,"numPassingAsserts":3,"retryReasons":[],"status":"passed","title":"should handle missing API key gracefully"},{"ancestorTitles":["Audit Logger Service - Core Functionality","Environment Configuration"],"duration":10,"failureDetails":[],"failureMessages":[],"fullName":"Audit Logger Service - Core Functionality Environment Configuration should use default audit service URL","invocations":1,"location":null,"numPassingAsserts":3,"retryReasons":[],"status":"passed","title":"should use default audit service URL"},{"ancestorTitles":["Audit Logger Service - Core Functionality","Security and Compliance"],"duration":11,"failureDetails":[],"failureMessages":[],"fullName":"Audit Logger Service - Core Functionality Security and Compliance should handle password change events","invocations":1,"location":null,"numPassingAsserts":5,"retryReasons":[],"status":"passed","title":"should handle password change events"},{"ancestorTitles":["Audit Logger Service - Core Functionality","Security and Compliance"],"duration":29,"failureDetails":[],"failureMessages":[],"fullName":"Audit Logger Service - Core Functionality Security and Compliance should handle MFA events","invocations":1,"location":null,"numPassingAsserts":1,"retryReasons":[],"status":"passed","title":"should handle MFA events"},{"ancestorTitles":["Audit Logger Service - Core Functionality","Security and Compliance"],"duration":22,"failureDetails":[],"failureMessages":[],"fullName":"Audit Logger Service - Core Functionality Security and Compliance should handle security events","invocations":1,"location":null,"numPassingAsserts":1,"retryReasons":[],"status":"passed","title":"should handle security events"},{"ancestorTitles":["Audit Logger Service - Core Functionality","Performance"],"duration":60,"failureDetails":[],"failureMessages":[],"fullName":"Audit Logger Service - Core Functionality Performance should handle concurrent operations","invocations":1,"location":null,"numPassingAsserts":22,"retryReasons":[],"status":"passed","title":"should handle concurrent operations"},{"ancestorTitles":["Audit Logger Service - Core Functionality","Performance"],"duration":11,"failureDetails":[],"failureMessages":[],"fullName":"Audit Logger Service - Core Functionality Performance should not block on blockchain service failures","invocations":1,"location":null,"numPassingAsserts":2,"retryReasons":[],"status":"passed","title":"should not block on blockchain service failures"}],"endTime":1776525199193,"message":"\u001b[1m\u001b[31m  \u001b[1m● \u001b[22m\u001b[1mAudit Logger Service - Core Functionality › Data Integrity › should store hash consistently\u001b[39m\u001b[22m\n\n    \u001b[2mexpect(\u001b[22m\u001b[31mreceived\u001b[39m\u001b[2m).\u001b[22mtoBe\u001b[2m(\u001b[22m\u001b[32mexpected\u001b[39m\u001b[2m) // Object.is equality\u001b[22m\n\n    Expected: \u001b[32m\"aa7db4ed83b1238c7a83a5db66dccc25dace358127ac08fa80b96010d57a9729\"\u001b[39m\n    Received: \u001b[31m\"468f9a2afe0c66304b89dd2d4756d0bc388d3ceb8f06c51de5ab2a8d5059cf2e\"\u001b[39m\n\u001b[2m\u001b[22m\n\u001b[2m    \u001b[0m \u001b[90m 309 |\u001b[39m       )\u001b[22m\n\u001b[2m     \u001b[90m 310 |\u001b[39m       \u001b[22m\n\u001b[2m    \u001b[31m\u001b[1m>\u001b[22m\u001b[2m\u001b[39m\u001b[90m 311 |\u001b[39m       expect(auditLog\u001b[33m.\u001b[39mhash)\u001b[33m.\u001b[39mtoBe(calculatedHash)\u001b[22m\n\u001b[2m     \u001b[90m     |\u001b[39m                             \u001b[31m\u001b[1m^\u001b[22m\u001b[2m\u001b[39m\u001b[22m\n\u001b[2m     \u001b[90m 312 |\u001b[39m     })\u001b[22m\n\u001b[2m     \u001b[90m 313 |\u001b[39m\u001b[22m\n\u001b[2m     \u001b[90m 314 |\u001b[39m     it(\u001b[32m'should preserve all audit log fields'\u001b[39m\u001b[33m,\u001b[39m \u001b[36masync\u001b[39m () \u001b[33m=>\u001b[39m {\u001b[0m\u001b[22m\n\u001b[2m\u001b[22m\n\u001b[2m      \u001b[2mat Object.toBe (\u001b[22m\u001b[2m\u001b[0m\u001b[36m__tests__/services/auditLogger-simple.test.js\u001b[39m\u001b[0m\u001b[2m:311:29)\u001b[22m\u001b[2m\u001b[22m\n","name":"C:\\Users\\Keane\\Desktop\\Git Uploads\\Capstone\\backend\\__tests__\\services\\auditLogger-simple.test.js","startTime":1776525194864,"status":"failed","summary":""},{"assertionResults":[{"ancestorTitles":["AI Validation Risks — Platform Technology Risk Mitigations","Risk 3.1 — Prompt Injection"],"duration":3802,"failureDetails":[],"failureMessages":[],"fullName":"AI Validation Risks — Platform Technology Risk Mitigations Risk 3.1 — Prompt Injection [Normal] valid business description is accepted","invocations":1,"location":null,"numPassingAsserts":1,"retryReasons":[],"status":"passed","title":"[Normal] valid business description is accepted"},{"ancestorTitles":["AI Validation Risks — Platform Technology Risk Mitigations","Risk 3.1 — Prompt Injection"],"duration":1100,"failureDetails":[],"failureMessages":[],"fullName":"AI Validation Risks — Platform Technology Risk Mitigations Risk 3.1 — Prompt Injection [Gate] non-business description is rejected by gate","invocations":1,"location":null,"numPassingAsserts":3,"retryReasons":[],"status":"passed","title":"[Gate] non-business description is rejected by gate"},{"ancestorTitles":["AI Validation Risks — Platform Technology Risk Mitigations","Risk 3.1 — Prompt Injection"],"duration":1164,"failureDetails":[],"failureMessages":[],"fullName":"AI Validation Risks — Platform Technology Risk Mitigations Risk 3.1 — Prompt Injection [Gate] personal information input returns friendly prompt","invocations":1,"location":null,"numPassingAsserts":3,"retryReasons":[],"status":"passed","title":"[Gate] personal information input returns friendly prompt"},{"ancestorTitles":["AI Validation Risks — Platform Technology Risk Mitigations","Risk 3.1 — Prompt Injection"],"duration":955,"failureDetails":[],"failureMessages":[],"fullName":"AI Validation Risks — Platform Technology Risk Mitigations Risk 3.1 — Prompt Injection [Edge] description at exactly max length (200 chars) is accepted","invocations":1,"location":null,"numPassingAsserts":1,"retryReasons":[],"status":"passed","title":"[Edge] description at exactly max length (200 chars) is accepted"},{"ancestorTitles":["AI Validation Risks — Platform Technology Risk Mitigations","Risk 3.1 — Prompt Injection"],"duration":1212,"failureDetails":[],"failureMessages":[],"fullName":"AI Validation Risks — Platform Technology Risk Mitigations Risk 3.1 — Prompt Injection [Edge] description with safe special characters (quotes, commas) is accepted","invocations":1,"location":null,"numPassingAsserts":1,"retryReasons":[],"status":"passed","title":"[Edge] description with safe special characters (quotes, commas) is accepted"},{"ancestorTitles":["AI Validation Risks — Platform Technology Risk Mitigations","Risk 3.1 — Prompt Injection"],"duration":315,"failureDetails":[],"failureMessages":[],"fullName":"AI Validation Risks — Platform Technology Risk Mitigations Risk 3.1 — Prompt Injection [Attack] HTML/script tags are stripped by sanitizer before reaching prompt","invocations":1,"location":null,"numPassingAsserts":2,"retryReasons":[],"status":"passed","title":"[Attack] HTML/script tags are stripped by sanitizer before reaching prompt"},{"ancestorTitles":["AI Validation Risks — Platform Technology Risk Mitigations","Risk 3.1 — Prompt Injection"],"duration":1031,"failureDetails":[],"failureMessages":[],"fullName":"AI Validation Risks — Platform Technology Risk Mitigations Risk 3.1 — Prompt Injection [Attack] prompt override attempt does not bypass sanitizer","invocations":1,"location":null,"numPassingAsserts":1,"retryReasons":[],"status":"passed","title":"[Attack] prompt override attempt does not bypass sanitizer"},{"ancestorTitles":["AI Validation Risks — Platform Technology Risk Mitigations","Risk 3.1 — Prompt Injection"],"duration":312,"failureDetails":[],"failureMessages":[],"fullName":"AI Validation Risks — Platform Technology Risk Mitigations Risk 3.1 — Prompt Injection [Attack] XSS detection identifies script injection in input","invocations":1,"location":null,"numPassingAsserts":3,"retryReasons":[],"status":"passed","title":"[Attack] XSS detection identifies script injection in input"},{"ancestorTitles":["AI Validation Risks — Platform Technology Risk Mitigations","Risk 3.3 — Oversized Input / DoS"],"duration":2782,"failureDetails":[],"failureMessages":[],"fullName":"AI Validation Risks — Platform Technology Risk Mitigations Risk 3.3 — Oversized Input / DoS [Normal] short valid description is accepted","invocations":1,"location":null,"numPassingAsserts":1,"retryReasons":[],"status":"passed","title":"[Normal] short valid description is accepted"},{"ancestorTitles":["AI Validation Risks — Platform Technology Risk Mitigations","Risk 3.3 — Oversized Input / DoS"],"duration":342,"failureDetails":[],"failureMessages":[],"fullName":"AI Validation Risks — Platform Technology Risk Mitigations Risk 3.3 — Oversized Input / DoS [Edge] description over max length (1001 chars) is rejected","invocations":1,"location":null,"numPassingAsserts":2,"retryReasons":[],"status":"passed","title":"[Edge] description over max length (1001 chars) is rejected"},{"ancestorTitles":["AI Validation Risks — Platform Technology Risk Mitigations","Risk 3.3 — Oversized Input / DoS"],"duration":324,"failureDetails":[],"failureMessages":[],"fullName":"AI Validation Risks — Platform Technology Risk Mitigations Risk 3.3 — Oversized Input / DoS [Attack] massive payload is rejected by max length","invocations":1,"location":null,"numPassingAsserts":2,"retryReasons":[],"status":"passed","title":"[Attack] massive payload is rejected by max length"},{"ancestorTitles":["AI Validation Risks — Platform Technology Risk Mitigations","Risk 3.3 — Oversized Input / DoS"],"duration":385,"failureDetails":[],"failureMessages":[],"fullName":"AI Validation Risks — Platform Technology Risk Mitigations Risk 3.3 — Oversized Input / DoS [Edge] description under min length (< 10) is rejected","invocations":1,"location":null,"numPassingAsserts":2,"retryReasons":[],"status":"passed","title":"[Edge] description under min length (< 10) is rejected"},{"ancestorTitles":["AI Validation Risks — Platform Technology Risk Mitigations","Risk 3.3 — Oversized Input / DoS"],"duration":3432,"failureDetails":[],"failureMessages":[],"fullName":"AI Validation Risks — Platform Technology Risk Mitigations Risk 3.3 — Oversized Input / DoS [Attack] rate limit returns 429 after 10 rapid requests","invocations":1,"location":null,"numPassingAsserts":1,"retryReasons":[],"status":"passed","title":"[Attack] rate limit returns 429 after 10 rapid requests"},{"ancestorTitles":["AI Validation Risks — Platform Technology Risk Mitigations","Risk 3.4 — Gemini API Key Leakage"],"duration":989,"failureDetails":[],"failureMessages":[],"fullName":"AI Validation Risks — Platform Technology Risk Mitigations Risk 3.4 — Gemini API Key Leakage [Normal] error response does not contain API key","invocations":1,"location":null,"numPassingAsserts":2,"retryReasons":[],"status":"passed","title":"[Normal] error response does not contain API key"},{"ancestorTitles":["AI Validation Risks — Platform Technology Risk Mitigations","Risk 3.4 — Gemini API Key Leakage"],"duration":317,"failureDetails":[],"failureMessages":[],"fullName":"AI Validation Risks — Platform Technology Risk Mitigations Risk 3.4 — Gemini API Key Leakage [Attack] invalid input error response reveals no internal config","invocations":1,"location":null,"numPassingAsserts":3,"retryReasons":[],"status":"passed","title":"[Attack] invalid input error response reveals no internal config"},{"ancestorTitles":["AI Validation Risks — Platform Technology Risk Mitigations","Risk 3.4 — Gemini API Key Leakage"],"duration":330,"failureDetails":[],"failureMessages":[],"fullName":"AI Validation Risks — Platform Technology Risk Mitigations Risk 3.4 — Gemini API Key Leakage [Edge] 503 response when key is missing shows generic message only","invocations":1,"location":null,"numPassingAsserts":0,"retryReasons":[],"status":"passed","title":"[Edge] 503 response when key is missing shows generic message only"},{"ancestorTitles":["AI Validation Risks — Platform Technology Risk Mitigations","Risk 3.5 — Unauthorized AI Validation Bypass"],"duration":2645,"failureDetails":[],"failureMessages":[],"fullName":"AI Validation Risks — Platform Technology Risk Mitigations Risk 3.5 — Unauthorized AI Validation Bypass [Normal] business owner with valid JWT can call LOB recommendation","invocations":1,"location":null,"numPassingAsserts":2,"retryReasons":[],"status":"passed","title":"[Normal] business owner with valid JWT can call LOB recommendation"},{"ancestorTitles":["AI Validation Risks — Platform Technology Risk Mitigations","Risk 3.5 — Unauthorized AI Validation Bypass"],"duration":2644,"failureDetails":[],"failureMessages":[],"fullName":"AI Validation Risks — Platform Technology Risk Mitigations Risk 3.5 — Unauthorized AI Validation Bypass [Normal] admin with valid JWT can call LOB recommendation","invocations":1,"location":null,"numPassingAsserts":2,"retryReasons":[],"status":"passed","title":"[Normal] admin with valid JWT can call LOB recommendation"},{"ancestorTitles":["AI Validation Risks — Platform Technology Risk Mitigations","Risk 3.5 — Unauthorized AI Validation Bypass"],"duration":324,"failureDetails":[],"failureMessages":[],"fullName":"AI Validation Risks — Platform Technology Risk Mitigations Risk 3.5 — Unauthorized AI Validation Bypass [Attack] unauthenticated request is rejected with 401","invocations":1,"location":null,"numPassingAsserts":1,"retryReasons":[],"status":"passed","title":"[Attack] unauthenticated request is rejected with 401"},{"ancestorTitles":["AI Validation Risks — Platform Technology Risk Mitigations","Risk 3.5 — Unauthorized AI Validation Bypass"],"duration":334,"failureDetails":[],"failureMessages":[],"fullName":"AI Validation Risks — Platform Technology Risk Mitigations Risk 3.5 — Unauthorized AI Validation Bypass [Attack] request with invalid JWT is rejected","invocations":1,"location":null,"numPassingAsserts":1,"retryReasons":[],"status":"passed","title":"[Attack] request with invalid JWT is rejected"},{"ancestorTitles":["AI Validation Risks — Platform Technology Risk Mitigations","Risk 3.5 — Unauthorized AI Validation Bypass"],"duration":511,"failureDetails":[],"failureMessages":[],"fullName":"AI Validation Risks — Platform Technology Risk Mitigations Risk 3.5 — Unauthorized AI Validation Bypass [Attack] user with disallowed role is rejected with 403","invocations":1,"location":null,"numPassingAsserts":1,"retryReasons":[],"status":"passed","title":"[Attack] user with disallowed role is rejected with 403"},{"ancestorTitles":["AI Validation Risks — Platform Technology Risk Mitigations","Risk 3.6 — Information Leakage in Validation Errors"],"duration":417,"failureDetails":[],"failureMessages":[],"fullName":"AI Validation Risks — Platform Technology Risk Mitigations Risk 3.6 — Information Leakage in Validation Errors [Normal] parse/validation failure returns generic message","invocations":1,"location":null,"numPassingAsserts":3,"retryReasons":[],"status":"passed","title":"[Normal] parse/validation failure returns generic message"},{"ancestorTitles":["AI Validation Risks — Platform Technology Risk Mitigations","Risk 3.6 — Information Leakage in Validation Errors"],"duration":321,"failureDetails":[],"failureMessages":[],"fullName":"AI Validation Risks — Platform Technology Risk Mitigations Risk 3.6 — Information Leakage in Validation Errors [Attack] crafted input triggering error does not reveal internals","invocations":1,"location":null,"numPassingAsserts":4,"retryReasons":[],"status":"passed","title":"[Attack] crafted input triggering error does not reveal internals"},{"ancestorTitles":["AI Validation Risks — Platform Technology Risk Mitigations","LOB recommendation edge cases"],"duration":1031,"failureDetails":[],"failureMessages":[],"fullName":"AI Validation Risks — Platform Technology Risk Mitigations LOB recommendation edge cases [Vague] \"my business sells products\" is rejected with gate message","invocations":1,"location":null,"numPassingAsserts":3,"retryReasons":[],"status":"passed","title":"[Vague] \"my business sells products\" is rejected with gate message"},{"ancestorTitles":["AI Validation Risks — Platform Technology Risk Mitigations","LOB recommendation edge cases"],"duration":980,"failureDetails":[],"failureMessages":[],"fullName":"AI Validation Risks — Platform Technology Risk Mitigations LOB recommendation edge cases [Vague] \"we sell products\" is rejected with gate message","invocations":1,"location":null,"numPassingAsserts":3,"retryReasons":[],"status":"passed","title":"[Vague] \"we sell products\" is rejected with gate message"},{"ancestorTitles":["AI Validation Risks — Platform Technology Risk Mitigations","LOB recommendation edge cases"],"duration":989,"failureDetails":[],"failureMessages":[],"fullName":"AI Validation Risks — Platform Technology Risk Mitigations LOB recommendation edge cases [Vague] \"we offer services\" is rejected with gate message","invocations":1,"location":null,"numPassingAsserts":3,"retryReasons":[],"status":"passed","title":"[Vague] \"we offer services\" is rejected with gate message"},{"ancestorTitles":["AI Validation Risks — Platform Technology Risk Mitigations","LOB recommendation edge cases"],"duration":974,"failureDetails":[],"failureMessages":[],"fullName":"AI Validation Risks — Platform Technology Risk Mitigations LOB recommendation edge cases [Vague] Filipino \"negosyo ko nagbebenta ng produkto\" is rejected with gate message","invocations":1,"location":null,"numPassingAsserts":3,"retryReasons":[],"status":"passed","title":"[Vague] Filipino \"negosyo ko nagbebenta ng produkto\" is rejected with gate message"},{"ancestorTitles":["AI Validation Risks — Platform Technology Risk Mitigations","LOB recommendation edge cases"],"duration":2562,"failureDetails":[],"failureMessages":[],"fullName":"AI Validation Risks — Platform Technology Risk Mitigations LOB recommendation edge cases [Specific] \"sari-sari store selling snacks\" returns recommendations or AI path","invocations":1,"location":null,"numPassingAsserts":1,"retryReasons":[],"status":"passed","title":"[Specific] \"sari-sari store selling snacks\" returns recommendations or AI path"},{"ancestorTitles":["AI Validation Risks — Platform Technology Risk Mitigations","LOB recommendation edge cases"],"duration":2632,"failureDetails":[],"failureMessages":[],"fullName":"AI Validation Risks — Platform Technology Risk Mitigations LOB recommendation edge cases [Specific] \"restaurant serving Filipino food\" returns recommendations or AI path","invocations":1,"location":null,"numPassingAsserts":1,"retryReasons":[],"status":"passed","title":"[Specific] \"restaurant serving Filipino food\" returns recommendations or AI path"},{"ancestorTitles":["AI Validation Risks — Platform Technology Risk Mitigations","LOB recommendation edge cases"],"duration":2509,"failureDetails":[],"failureMessages":[],"fullName":"AI Validation Risks — Platform Technology Risk Mitigations LOB recommendation edge cases [Short valid] specific retail description is accepted and can get recs","invocations":1,"location":null,"numPassingAsserts":1,"retryReasons":[],"status":"passed","title":"[Short valid] specific retail description is accepted and can get recs"},{"ancestorTitles":["AI Validation Risks — Platform Technology Risk Mitigations","LOB recommendation edge cases"],"duration":993,"failureDetails":[],"failureMessages":[],"fullName":"AI Validation Risks — Platform Technology Risk Mitigations LOB recommendation edge cases [Non-business] \"hello world\" returns empty with message","invocations":1,"location":null,"numPassingAsserts":3,"retryReasons":[],"status":"passed","title":"[Non-business] \"hello world\" returns empty with message"}],"endTime":1776525241719,"message":"","name":"C:\\Users\\Keane\\Desktop\\Git Uploads\\Capstone\\backend\\__tests__\\security\\ai-validation-risks.test.js","startTime":1776525199266,"status":"passed","summary":""}],"wasInterrupted":false}
