TN:
SF:src/jobs/cleanupOldSessions.js
FN:9,cleanupOldSessions
FNF:1
FNH:1
FNDA:1,cleanupOldSessions
DA:6,21
DA:7,21
DA:10,1
DA:11,1
DA:14,1
DA:18,1
DA:20,1
DA:22,0
DA:23,0
DA:27,21
LF:10
LH:8
BRF:0
BRH:0
end_of_record
TN:
SF:src/jobs/expireTemporaryCredentials.js
FN:10,expireTemporaryCredentials
FNF:1
FNH:1
FNDA:1,expireTemporaryCredentials
DA:6,21
DA:7,21
DA:8,21
DA:11,1
DA:12,1
DA:15,1
DA:23,1
DA:24,0
DA:25,0
DA:28,1
DA:29,1
DA:31,1
DA:32,1
DA:34,1
DA:40,1
DA:41,0
DA:42,0
DA:43,0
DA:58,1
DA:59,1
DA:61,0
DA:62,0
DA:66,1
DA:68,1
DA:70,0
DA:71,0
DA:75,21
LF:27
LH:18
BRDA:23,0,0,0
BRDA:23,0,1,1
BRDA:40,1,0,0
BRDA:40,1,1,1
BRDA:42,2,0,0
BRDA:42,2,1,0
BRF:6
BRH:2
end_of_record
TN:
SF:src/jobs/finalizeAccountDeletions.js
FN:10,finalizeAccountDeletions
FNF:1
FNH:1
FNDA:1,finalizeAccountDeletions
DA:6,21
DA:7,21
DA:8,21
DA:11,1
DA:12,1
DA:15,1
DA:22,1
DA:23,0
DA:24,0
DA:27,1
DA:28,1
DA:30,1
DA:31,1
DA:33,1
DA:34,1
DA:48,1
DA:49,1
DA:51,1
DA:53,0
DA:54,0
DA:58,1
DA:60,1
DA:62,0
DA:63,0
DA:67,21
LF:25
LH:19
BRDA:22,0,0,0
BRDA:22,0,1,1
BRDA:33,1,0,1
BRDA:33,1,1,0
BRF:4
BRH:2
end_of_record
TN:
SF:src/jobs/index.js
FN:29,scheduleJob
FN:55,startJobs
FN:64,(anonymous_2)
FN:74,(anonymous_3)
FN:84,(anonymous_4)
FN:94,(anonymous_5)
FN:104,(anonymous_6)
FN:113,(anonymous_7)
FN:127,stopJobs
FN:130,(anonymous_9)
FNF:10
FNH:1
FNDA:0,scheduleJob
FNDA:20,startJobs
FNDA:0,(anonymous_2)
FNDA:0,(anonymous_3)
FNDA:0,(anonymous_4)
FNDA:0,(anonymous_5)
FNDA:0,(anonymous_6)
FNDA:0,(anonymous_7)
FNDA:0,stopJobs
FNDA:0,(anonymous_9)
DA:6,20
DA:9,20
DA:10,20
DA:11,20
DA:12,20
DA:13,20
DA:14,20
DA:17,20
DA:18,20
DA:19,20
DA:21,20
DA:24,20
DA:30,0
DA:31,0
DA:32,0
DA:36,0
DA:38,0
DA:39,0
DA:40,0
DA:41,0
DA:42,0
DA:43,0
DA:46,0
DA:47,0
DA:48,0
DA:56,20
DA:57,20
DA:58,20
DA:61,0
DA:64,0
DA:65,0
DA:66,0
DA:67,0
DA:69,0
DA:74,0
DA:75,0
DA:76,0
DA:77,0
DA:79,0
DA:84,0
DA:85,0
DA:86,0
DA:87,0
DA:89,0
DA:94,0
DA:95,0
DA:96,0
DA:97,0
DA:99,0
DA:104,0
DA:105,0
DA:106,0
DA:108,0
DA:113,0
DA:114,0
DA:115,0
DA:117,0
DA:121,0
DA:128,0
DA:130,0
DA:131,0
DA:132,0
DA:135,20
LF:63
LH:16
BRDA:30,0,0,0
BRDA:30,0,1,0
BRDA:38,1,0,0
BRDA:38,1,1,0
BRDA:40,2,0,0
BRDA:40,2,1,0
BRDA:42,3,0,0
BRDA:42,3,1,0
BRDA:42,4,0,0
BRDA:42,4,1,0
BRDA:56,5,0,20
BRDA:56,5,1,0
BRF:12
BRH:1
end_of_record
TN:
SF:src/jobs/sendDeletionReminders.js
FN:10,sendDeletionReminders
FNF:1
FNH:0
FNDA:0,sendDeletionReminders
DA:6,20
DA:7,20
DA:8,20
DA:11,0
DA:12,0
DA:15,0
DA:22,0
DA:23,0
DA:24,0
DA:27,0
DA:28,0
DA:30,0
DA:31,0
DA:32,0
DA:33,0
DA:36,0
DA:37,0
DA:38,0
DA:42,0
DA:51,0
DA:54,0
DA:55,0
DA:59,0
DA:61,0
DA:63,0
DA:64,0
DA:68,20
LF:27
LH:4
BRDA:22,0,0,0
BRDA:22,0,1,0
BRDA:36,1,0,0
BRDA:36,1,1,0
BRDA:36,2,0,0
BRDA:36,2,1,0
BRDA:36,2,2,0
BRDA:37,3,0,0
BRDA:37,3,1,0
BRDA:38,4,0,0
BRDA:38,4,1,0
BRF:11
BRH:0
end_of_record
TN:
SF:src/jobs/unlockAccounts.js
FN:9,unlockAccounts
FNF:1
FNH:1
FNDA:1,unlockAccounts
DA:6,21
DA:7,21
DA:10,1
DA:11,1
DA:14,1
DA:18,1
DA:19,0
DA:23,1
DA:36,1
DA:37,1
DA:40,1
DA:42,0
DA:43,0
DA:47,21
LF:14
LH:11
BRDA:18,0,0,0
BRDA:18,0,1,1
BRDA:36,1,0,1
BRDA:36,1,1,0
BRF:4
BRH:2
end_of_record
TN:
SF:src/jobs/verifyAuditIntegrity.js
FN:13,buildWindowDate
FN:18,classifyVerificationStatus
FN:35,recordIncident
FN:116,handleResult
FN:124,verifyAuditIntegrity
FNF:5
FNH:0
FNDA:0,buildWindowDate
FNDA:0,classifyVerificationStatus
FNDA:0,recordIncident
FNDA:0,handleResult
FNDA:0,verifyAuditIntegrity
DA:1,20
DA:2,20
DA:3,20
DA:4,20
DA:7,20
DA:8,20
DA:9,20
DA:11,20
DA:14,0
DA:15,0
DA:19,0
DA:20,0
DA:21,0
DA:22,0
DA:24,0
DA:25,0
DA:27,0
DA:28,0
DA:30,0
DA:32,0
DA:36,0
DA:37,0
DA:39,0
DA:44,0
DA:53,0
DA:58,0
DA:59,0
DA:78,0
DA:79,0
DA:80,0
DA:81,0
DA:82,0
DA:83,0
DA:84,0
DA:85,0
DA:87,0
DA:88,0
DA:90,0
DA:91,0
DA:92,0
DA:95,0
DA:96,0
DA:97,0
DA:103,0
DA:106,0
DA:113,0
DA:117,0
DA:118,0
DA:121,0
DA:125,0
DA:127,0
DA:134,0
DA:135,0
DA:136,0
DA:139,0
DA:141,0
DA:142,0
DA:143,0
DA:146,0
DA:147,0
DA:150,0
DA:153,0
DA:154,0
DA:156,0
DA:163,0
DA:169,0
DA:172,20
LF:67
LH:9
BRDA:7,0,0,20
BRDA:7,0,1,20
BRDA:8,1,0,20
BRDA:8,1,1,20
BRDA:19,2,0,0
BRDA:19,2,1,0
BRDA:21,3,0,0
BRDA:21,3,1,0
BRDA:24,4,0,0
BRDA:24,4,1,0
BRDA:27,5,0,0
BRDA:27,5,1,0
BRDA:37,6,0,0
BRDA:37,6,1,0
BRDA:39,7,0,0
BRDA:39,7,1,0
BRDA:39,7,2,0
BRDA:39,7,3,0
BRDA:58,8,0,0
BRDA:58,8,1,0
BRDA:84,9,0,0
BRDA:84,9,1,0
BRDA:87,10,0,0
BRDA:87,10,1,0
BRDA:90,11,0,0
BRDA:90,11,1,0
BRDA:95,12,0,0
BRDA:95,12,1,0
BRDA:96,13,0,0
BRDA:96,13,1,0
BRDA:101,14,0,0
BRDA:101,14,1,0
BRDA:117,15,0,0
BRDA:117,15,1,0
BRDA:117,16,0,0
BRDA:117,16,1,0
BRDA:134,17,0,0
BRDA:134,17,1,0
BRDA:146,18,0,0
BRDA:146,18,1,0
BRDA:146,19,0,0
BRDA:146,19,1,0
BRDA:154,20,0,0
BRDA:154,20,1,0
BRF:44
BRH:4
end_of_record
TN:
SF:src/lib/accountLockout.js
FN:16,checkLockout
FN:59,incrementFailedAttempts
FN:115,clearFailedAttempts
FN:132,unlockAccount
FNF:4
FNH:3
FNDA:107,checkLockout
FNDA:33,incrementFailedAttempts
FNDA:2,clearFailedAttempts
FNDA:0,unlockAccount
DA:1,20
DA:8,20
DA:9,20
DA:17,107
DA:18,107
DA:19,107
DA:20,0
DA:23,107
DA:24,103
DA:27,4
DA:28,4
DA:30,4
DA:32,0
DA:37,0
DA:40,4
DA:41,4
DA:43,4
DA:49,0
DA:50,0
DA:60,33
DA:61,33
DA:62,33
DA:63,0
DA:67,33
DA:68,33
DA:69,0
DA:77,33
DA:78,33
DA:80,33
DA:82,3
DA:83,3
DA:84,3
DA:85,3
DA:86,3
DA:88,3
DA:96,30
DA:97,30
DA:98,30
DA:100,30
DA:105,0
DA:106,0
DA:116,2
DA:117,2
DA:123,0
DA:133,0
DA:134,0
DA:140,0
DA:141,0
DA:145,20
LF:49
LH:35
BRDA:19,0,0,0
BRDA:19,0,1,107
BRDA:23,1,0,103
BRDA:23,1,1,4
BRDA:30,2,0,0
BRDA:30,2,1,4
BRDA:62,3,0,0
BRDA:62,3,1,33
BRDA:68,4,0,0
BRDA:68,4,1,33
BRDA:71,5,0,0
BRDA:71,5,1,0
BRDA:77,6,0,33
BRDA:77,6,1,18
BRDA:80,7,0,3
BRDA:80,7,1,30
BRF:16
BRH:10
end_of_record
TN:
SF:src/lib/adminAlertService.js
FN:20,alertRestrictedFieldAttempt
FN:88,(anonymous_1)
FN:112,getRecentRestrictedAttempts
FNF:3
FNH:1
FNDA:1,alertRestrictedFieldAttempt
FNDA:0,(anonymous_1)
FNDA:0,getRecentRestrictedAttempts
DA:1,1
DA:2,1
DA:3,1
DA:4,1
DA:21,1
DA:23,1
DA:24,1
DA:25,1
DA:39,1
DA:40,1
DA:44,1
DA:47,1
DA:64,1
DA:65,0
DA:72,0
DA:88,1
DA:89,0
DA:92,1
DA:97,0
DA:98,0
DA:113,0
DA:114,0
DA:116,0
DA:125,0
DA:129,0
DA:135,0
DA:136,0
DA:143,1
LF:28
LH:16
BRDA:20,0,0,0
BRDA:28,1,0,1
BRDA:28,1,1,0
BRDA:30,2,0,1
BRDA:30,2,1,0
BRDA:52,3,0,1
BRDA:52,3,1,0
BRDA:64,4,0,0
BRDA:64,4,1,1
BRDA:79,5,0,0
BRDA:79,5,1,0
BRDA:100,6,0,0
BRDA:100,6,1,0
BRDA:112,7,0,0
BRDA:114,8,0,0
BRDA:114,9,0,0
BRDA:138,10,0,0
BRDA:138,10,1,0
BRF:18
BRH:4
end_of_record
TN:
SF:src/lib/auditLogger.js
FN:14,calculateAuditHash
FN:33,createAuditLog
FNF:2
FNH:2
FNDA:17,calculateAuditHash
FNDA:17,createAuditLog
DA:6,21
DA:7,21
DA:8,21
DA:9,21
DA:15,17
DA:25,17
DA:26,17
DA:34,17
DA:36,17
DA:43,17
DA:44,17
DA:56,17
DA:68,17
DA:69,0
DA:75,17
DA:78,17
DA:81,0
DA:82,0
DA:86,21
LF:19
LH:16
BRDA:18,0,0,17
BRDA:18,0,1,0
BRDA:19,1,0,17
BRDA:19,1,1,9
BRDA:20,2,0,17
BRDA:20,2,1,0
BRDA:22,3,0,17
BRDA:22,3,1,0
BRDA:33,4,0,0
BRDA:38,5,0,17
BRDA:38,5,1,1
BRDA:39,6,0,17
BRDA:39,6,1,1
BRDA:48,7,0,17
BRDA:48,7,1,9
BRDA:49,8,0,17
BRDA:49,8,1,0
BRDA:60,9,0,17
BRDA:60,9,1,9
BRDA:61,10,0,17
BRDA:61,10,1,0
BRDA:68,11,0,0
BRDA:68,11,1,17
BRF:23
BRH:16
end_of_record
TN:
SF:src/lib/auditVerifier.js
FN:14,(anonymous_0)
FN:114,(anonymous_1)
FN:138,(anonymous_2)
FN:170,(anonymous_3)
FN:187,(anonymous_4)
FN:205,(anonymous_5)
FNF:6
FNH:2
FNDA:1,(anonymous_0)
FNDA:0,(anonymous_1)
FNDA:0,(anonymous_2)
FNDA:0,(anonymous_3)
FNDA:0,(anonymous_4)
FNDA:2,(anonymous_5)
DA:1,20
DA:2,20
DA:15,1
DA:16,1
DA:17,1
DA:18,0
DA:26,1
DA:27,1
DA:28,1
DA:40,0
DA:41,0
DA:51,0
DA:52,0
DA:53,0
DA:64,0
DA:65,0
DA:78,0
DA:79,0
DA:80,0
DA:81,0
DA:84,0
DA:96,0
DA:97,0
DA:115,0
DA:116,0
DA:117,0
DA:119,0
DA:125,0
DA:126,0
DA:139,0
DA:140,0
DA:141,0
DA:143,0
DA:144,0
DA:145,0
DA:150,0
DA:151,0
DA:153,0
DA:157,0
DA:171,0
DA:172,0
DA:178,0
DA:179,0
DA:187,0
DA:188,0
DA:190,0
DA:191,0
DA:206,2
DA:207,2
DA:213,2
DA:215,2
DA:222,0
DA:223,0
DA:234,20
LF:54
LH:13
BRDA:17,0,0,0
BRDA:17,0,1,1
BRDA:27,1,0,1
BRDA:27,1,1,0
BRDA:40,2,0,0
BRDA:40,2,1,0
BRDA:52,3,0,0
BRDA:52,3,1,0
BRDA:64,4,0,0
BRDA:64,4,1,0
BRDA:78,5,0,0
BRDA:78,5,1,0
BRDA:100,6,0,0
BRDA:100,6,1,0
BRDA:114,7,0,0
BRDA:128,8,0,0
BRDA:128,8,1,0
BRDA:150,9,0,0
BRDA:150,9,1,0
BRDA:150,10,0,0
BRDA:150,10,1,0
BRDA:178,11,0,0
BRDA:178,11,1,0
BRDA:196,12,0,0
BRDA:196,12,1,0
BRDA:228,13,0,0
BRDA:228,13,1,0
BRF:27
BRH:2
end_of_record
TN:
SF:src/lib/authRequestsStore.js
FNF:0
FNH:0
DA:5,20
DA:8,20
DA:11,20
DA:14,20
DA:17,20
DA:20,20
DA:21,20
DA:23,20
LF:8
LH:8
BRF:0
BRH:0
end_of_record
TN:
SF:src/lib/blockchainQueue.js
FN:23,queueBlockchainOperation
FN:41,processQueue
FN:83,(anonymous_2)
FN:92,(anonymous_3)
FN:108,(anonymous_4)
FN:126,getQueueStatus
FN:130,(anonymous_6)
FN:141,clearQueue
FN:150,cleanup
FN:155,(anonymous_9)
FNF:10
FNH:8
FNDA:6,queueBlockchainOperation
FNDA:4,processQueue
FNDA:0,(anonymous_2)
FNDA:4,(anonymous_3)
FNDA:0,(anonymous_4)
FNDA:4,getQueueStatus
FNDA:2,(anonymous_6)
FNDA:5,clearQueue
FNDA:21,cleanup
FNDA:21,(anonymous_9)
DA:7,21
DA:8,21
DA:11,21
DA:12,21
DA:13,21
DA:14,21
DA:15,21
DA:24,6
DA:33,6
DA:34,4
DA:42,4
DA:43,0
DA:46,4
DA:48,4
DA:49,4
DA:51,4
DA:54,4
DA:56,4
DA:57,4
DA:59,0
DA:60,0
DA:63,0
DA:71,0
DA:73,0
DA:74,0
DA:77,4
DA:79,0
DA:80,0
DA:84,0
DA:89,4
DA:90,4
DA:91,4
DA:92,4
DA:94,0
DA:102,0
DA:105,0
DA:106,0
DA:107,0
DA:108,0
DA:110,0
DA:119,0
DA:127,4
DA:130,2
DA:142,5
DA:143,5
DA:151,21
DA:152,21
DA:153,21
DA:155,21
DA:156,21
DA:160,21
LF:51
LH:33
BRDA:23,0,0,0
BRDA:33,1,0,4
BRDA:33,1,1,2
BRDA:42,2,0,0
BRDA:42,2,1,4
BRDA:42,3,0,4
BRDA:42,3,1,4
BRDA:42,3,2,4
BRDA:48,4,0,4
BRDA:48,4,1,4
BRDA:54,5,0,4
BRDA:54,5,1,0
BRDA:54,5,2,0
BRDA:54,5,3,0
BRDA:67,6,0,0
BRDA:67,6,1,0
BRDA:68,7,0,0
BRDA:68,7,1,0
BRDA:69,8,0,0
BRDA:69,8,1,0
BRDA:77,9,0,0
BRDA:77,9,1,4
BRDA:79,10,0,0
BRDA:79,10,1,0
BRDA:89,11,0,4
BRDA:89,11,1,0
BRDA:89,12,0,4
BRDA:89,12,1,4
BRDA:105,13,0,0
BRDA:105,13,1,0
BRDA:105,14,0,0
BRDA:105,14,1,0
BRF:32
BRH:13
end_of_record
TN:
SF:src/lib/blockchainService.js
FN:9,(anonymous_0)
FN:21,(anonymous_1)
FN:104,(anonymous_2)
FN:114,(anonymous_3)
FN:160,(anonymous_4)
FN:211,(anonymous_5)
FN:268,(anonymous_6)
FN:302,(anonymous_7)
FN:333,(anonymous_8)
FNF:9
FNH:4
FNDA:21,(anonymous_0)
FNDA:0,(anonymous_1)
FNDA:81,(anonymous_2)
FNDA:4,(anonymous_3)
FNDA:0,(anonymous_4)
FNDA:0,(anonymous_5)
FNDA:0,(anonymous_6)
FNDA:0,(anonymous_7)
FNDA:21,(anonymous_8)
DA:1,21
DA:2,21
DA:10,21
DA:11,21
DA:12,21
DA:13,21
DA:14,21
DA:22,0
DA:23,0
DA:26,0
DA:27,0
DA:28,0
DA:31,0
DA:32,0
DA:35,0
DA:36,0
DA:39,0
DA:40,0
DA:42,0
DA:45,0
DA:47,0
DA:50,0
DA:53,0
DA:54,0
DA:55,0
DA:57,0
DA:58,0
DA:59,0
DA:60,0
DA:61,0
DA:63,0
DA:64,0
DA:68,0
DA:82,0
DA:85,0
DA:86,0
DA:88,0
DA:89,0
DA:90,0
DA:91,0
DA:92,0
DA:94,0
DA:96,0
DA:97,0
DA:105,81
DA:115,4
DA:116,4
DA:122,0
DA:125,0
DA:126,0
DA:129,0
DA:132,0
DA:137,0
DA:139,0
DA:145,0
DA:146,0
DA:161,0
DA:162,0
DA:168,0
DA:170,0
DA:173,0
DA:180,0
DA:185,0
DA:187,0
DA:193,0
DA:194,0
DA:212,0
DA:213,0
DA:219,0
DA:221,0
DA:224,0
DA:234,0
DA:247,0
DA:249,0
DA:255,0
DA:256,0
DA:269,0
DA:270,0
DA:276,0
DA:279,0
DA:280,0
DA:283,0
DA:285,0
DA:290,0
DA:291,0
DA:303,0
DA:304,0
DA:309,0
DA:310,0
DA:316,0
DA:322,0
DA:323,0
DA:334,21
DA:335,0
DA:337,0
DA:338,0
DA:343,0
DA:345,21
DA:346,21
DA:347,21
DA:352,21
DA:354,21
LF:102
LH:16
BRDA:22,0,0,0
BRDA:22,0,1,0
BRDA:26,1,0,0
BRDA:26,1,1,0
BRDA:31,2,0,0
BRDA:31,2,1,0
BRDA:39,3,0,0
BRDA:39,3,1,0
BRDA:53,4,0,0
BRDA:53,4,1,0
BRDA:105,5,0,81
BRDA:105,5,1,0
BRDA:115,6,0,4
BRDA:115,6,1,0
BRDA:125,7,0,0
BRDA:125,7,1,0
BRDA:148,8,0,0
BRDA:148,8,1,0
BRDA:161,9,0,0
BRDA:161,9,1,0
BRDA:170,10,0,0
BRDA:170,10,1,0
BRDA:196,11,0,0
BRDA:196,11,1,0
BRDA:212,12,0,0
BRDA:212,12,1,0
BRDA:221,13,0,0
BRDA:221,13,1,0
BRDA:258,14,0,0
BRDA:258,14,1,0
BRDA:269,15,0,0
BRDA:269,15,1,0
BRDA:279,16,0,0
BRDA:279,16,1,0
BRDA:287,17,0,0
BRDA:287,17,1,0
BRDA:293,18,0,0
BRDA:293,18,1,0
BRDA:303,19,0,0
BRDA:303,19,1,0
BRDA:324,20,0,0
BRDA:324,20,1,0
BRDA:334,21,0,0
BRDA:334,21,1,21
BRDA:337,22,0,0
BRDA:337,22,1,0
BRF:46
BRH:3
end_of_record
TN:
SF:src/lib/businessValidation.js
FN:12,validateBusinessRegistrationNumber
FN:95,validateGeolocation
FN:134,calculateRiskLevel
FNF:3
FNH:0
FNDA:0,validateBusinessRegistrationNumber
FNDA:0,validateGeolocation
FNDA:0,calculateRiskLevel
DA:13,0
DA:14,0
DA:17,0
DA:18,0
DA:20,0
DA:23,0
DA:24,0
DA:25,0
DA:27,0
DA:31,0
DA:32,0
DA:33,0
DA:35,0
DA:39,0
DA:40,0
DA:41,0
DA:43,0
DA:48,0
DA:49,0
DA:50,0
DA:52,0
DA:56,0
DA:57,0
DA:58,0
DA:60,0
DA:65,0
DA:66,0
DA:67,0
DA:69,0
DA:76,0
DA:77,0
DA:78,0
DA:80,0
DA:83,0
DA:86,0
DA:96,0
DA:97,0
DA:100,0
DA:101,0
DA:105,0
DA:112,0
DA:113,0
DA:119,0
DA:120,0
DA:126,0
DA:135,0
DA:138,0
DA:139,0
DA:140,0
DA:141,0
DA:142,0
DA:144,0
DA:148,0
DA:149,0
DA:150,0
DA:151,0
DA:152,0
DA:154,0
DA:158,0
DA:159,0
DA:160,0
DA:161,0
DA:162,0
DA:163,0
DA:164,0
DA:166,0
DA:170,0
DA:171,0
DA:172,0
DA:174,0
DA:178,0
DA:179,0
DA:180,0
DA:181,0
DA:182,0
DA:187,0
DA:188,0
DA:189,0
DA:190,0
DA:192,0
DA:196,20
LF:81
LH:1
BRDA:13,0,0,0
BRDA:13,0,1,0
BRDA:13,1,0,0
BRDA:13,1,1,0
BRDA:20,2,0,0
BRDA:20,2,1,0
BRDA:20,2,2,0
BRDA:20,2,3,0
BRDA:20,2,4,0
BRDA:20,2,5,0
BRDA:20,2,6,0
BRDA:20,2,7,0
BRDA:20,2,8,0
BRDA:20,2,9,0
BRDA:20,2,10,0
BRDA:20,2,11,0
BRDA:20,2,12,0
BRDA:24,3,0,0
BRDA:24,3,1,0
BRDA:32,4,0,0
BRDA:32,4,1,0
BRDA:40,5,0,0
BRDA:40,5,1,0
BRDA:49,6,0,0
BRDA:49,6,1,0
BRDA:49,7,0,0
BRDA:49,7,1,0
BRDA:57,8,0,0
BRDA:57,8,1,0
BRDA:66,9,0,0
BRDA:66,9,1,0
BRDA:77,10,0,0
BRDA:77,10,1,0
BRDA:77,11,0,0
BRDA:77,11,1,0
BRDA:96,12,0,0
BRDA:96,12,1,0
BRDA:96,13,0,0
BRDA:96,13,1,0
BRDA:100,14,0,0
BRDA:100,14,1,0
BRDA:100,15,0,0
BRDA:100,15,1,0
BRDA:112,16,0,0
BRDA:112,16,1,0
BRDA:112,17,0,0
BRDA:112,17,1,0
BRDA:119,18,0,0
BRDA:119,18,1,0
BRDA:119,19,0,0
BRDA:119,19,1,0
BRDA:138,20,0,0
BRDA:138,20,1,0
BRDA:138,20,2,0
BRDA:139,21,0,0
BRDA:139,21,1,0
BRDA:141,22,0,0
BRDA:141,22,1,0
BRDA:141,23,0,0
BRDA:141,23,1,0
BRDA:148,24,0,0
BRDA:148,24,1,0
BRDA:148,24,2,0
BRDA:149,25,0,0
BRDA:149,25,1,0
BRDA:151,26,0,0
BRDA:151,26,1,0
BRDA:151,27,0,0
BRDA:151,27,1,0
BRDA:158,28,0,0
BRDA:158,28,1,0
BRDA:161,29,0,0
BRDA:161,29,1,0
BRDA:163,30,0,0
BRDA:163,30,1,0
BRDA:170,31,0,0
BRDA:170,31,1,0
BRDA:171,32,0,0
BRDA:171,32,1,0
BRDA:178,33,0,0
BRDA:178,33,1,0
BRDA:179,34,0,0
BRDA:179,34,1,0
BRDA:181,35,0,0
BRDA:181,35,1,0
BRDA:187,36,0,0
BRDA:187,36,1,0
BRDA:189,37,0,0
BRDA:189,37,1,0
BRF:89
BRH:0
end_of_record
TN:
SF:src/lib/codes.js
FN:3,generateCode
FN:8,generateToken
FNF:2
FNH:2
FNDA:79,generateCode
FNDA:16,generateToken
DA:1,20
DA:5,79
DA:9,16
DA:12,20
LF:4
LH:4
BRF:0
BRH:0
end_of_record
TN:
SF:src/lib/dataMasker.js
FN:11,maskSensitiveData
FN:59,maskEmail
FN:78,maskPhoneNumber
FN:93,maskIdNumber
FN:108,maskCardNumber
FNF:5
FNH:4
FNDA:3,maskSensitiveData
FNDA:1,maskEmail
FNDA:1,maskPhoneNumber
FNDA:1,maskIdNumber
FNDA:0,maskCardNumber
DA:12,3
DA:14,3
DA:17,3
DA:18,1
DA:19,1
DA:23,3
DA:24,0
DA:25,0
DA:29,3
DA:30,3
DA:33,3
DA:34,1
DA:36,3
DA:37,0
DA:41,3
DA:42,1
DA:44,3
DA:45,0
DA:48,3
DA:51,3
DA:60,1
DA:62,1
DA:63,1
DA:65,1
DA:66,0
DA:69,1
DA:70,1
DA:79,1
DA:81,1
DA:82,0
DA:85,1
DA:94,1
DA:96,1
DA:97,0
DA:100,1
DA:109,0
DA:111,0
DA:112,0
DA:113,0
DA:116,0
DA:119,20
LF:41
LH:29
BRDA:12,0,0,0
BRDA:12,0,1,3
BRDA:17,1,0,1
BRDA:17,1,1,2
BRDA:23,2,0,0
BRDA:23,2,1,3
BRDA:23,3,0,3
BRDA:23,3,1,1
BRDA:29,4,0,3
BRDA:29,4,1,0
BRDA:33,5,0,1
BRDA:33,5,1,2
BRDA:36,6,0,0
BRDA:36,6,1,3
BRDA:41,7,0,1
BRDA:41,7,1,2
BRDA:44,8,0,0
BRDA:44,8,1,3
BRDA:60,9,0,0
BRDA:60,9,1,1
BRDA:60,10,0,1
BRDA:60,10,1,1
BRDA:63,11,0,0
BRDA:63,11,1,1
BRDA:65,12,0,0
BRDA:65,12,1,1
BRDA:79,13,0,0
BRDA:79,13,1,1
BRDA:79,14,0,1
BRDA:79,14,1,1
BRDA:81,15,0,0
BRDA:81,15,1,1
BRDA:94,16,0,0
BRDA:94,16,1,1
BRDA:94,17,0,1
BRDA:94,17,1,1
BRDA:96,18,0,0
BRDA:96,18,1,1
BRDA:109,19,0,0
BRDA:109,19,1,0
BRDA:109,20,0,0
BRDA:109,20,1,0
BRDA:112,21,0,0
BRDA:112,21,1,0
BRF:44
BRH:26
end_of_record
TN:
SF:src/lib/errorHandler.js
FN:17,getUserFriendlyMessage
FN:92,createSafeErrorResponse
FN:130,handleValidationError
FN:132,(anonymous_3)
FNF:4
FNH:4
FNDA:3,getUserFriendlyMessage
FNDA:1,createSafeErrorResponse
FNDA:1,handleValidationError
FNDA:2,(anonymous_3)
DA:1,1
DA:2,1
DA:3,1
DA:18,3
DA:66,3
DA:69,3
DA:70,1
DA:73,3
DA:74,0
DA:75,0
DA:78,3
DA:79,0
DA:82,3
DA:93,1
DA:95,1
DA:97,1
DA:108,1
DA:112,1
DA:113,0
DA:119,1
DA:131,1
DA:132,2
DA:133,1
DA:140,0
DA:146,1
LF:25
LH:20
BRDA:17,0,0,2
BRDA:66,1,0,3
BRDA:66,1,1,0
BRDA:66,1,2,0
BRDA:69,2,0,1
BRDA:69,2,1,2
BRDA:73,3,0,0
BRDA:73,3,1,3
BRDA:78,4,0,0
BRDA:78,4,1,3
BRDA:78,5,0,3
BRDA:78,5,1,0
BRDA:92,6,0,0
BRDA:93,7,0,0
BRDA:93,8,0,1
BRDA:93,9,0,1
BRDA:95,10,0,1
BRDA:95,10,1,0
BRDA:112,11,0,0
BRDA:112,11,1,1
BRDA:112,12,0,1
BRDA:112,12,1,1
BRDA:120,13,0,1
BRDA:120,13,1,0
BRDA:121,14,0,1
BRDA:121,14,1,0
BRDA:131,15,0,1
BRDA:131,15,1,0
BRF:28
BRH:16
end_of_record
TN:
SF:src/lib/errorTracking.js
FN:10,(anonymous_0)
FN:23,(anonymous_1)
FN:92,(anonymous_2)
FN:130,(anonymous_3)
FN:153,(anonymous_4)
FN:168,(anonymous_5)
FN:205,(anonymous_6)
FN:222,(anonymous_7)
FN:240,(anonymous_8)
FN:244,(anonymous_9)
FN:253,(anonymous_10)
FN:265,(anonymous_11)
FN:275,(anonymous_12)
FNF:13
FNH:9
FNDA:20,(anonymous_0)
FNDA:21,(anonymous_1)
FNDA:21,(anonymous_2)
FNDA:4,(anonymous_3)
FNDA:21,(anonymous_4)
FNDA:9,(anonymous_5)
FNDA:0,(anonymous_6)
FNDA:8,(anonymous_7)
FNDA:17,(anonymous_8)
FNDA:4,(anonymous_9)
FNDA:0,(anonymous_10)
FNDA:0,(anonymous_11)
FNDA:0,(anonymous_12)
DA:1,20
DA:2,20
DA:11,20
DA:12,20
DA:13,20
DA:14,20
DA:24,21
DA:25,21
DA:28,21
DA:29,16
DA:31,21
DA:32,21
DA:33,21
DA:36,21
DA:39,21
DA:54,21
DA:55,4
DA:59,21
DA:62,21
DA:63,1
DA:64,1
DA:84,0
DA:94,21
DA:95,2
DA:99,19
DA:100,1
DA:104,18
DA:105,1
DA:109,17
DA:110,0
DA:114,17
DA:115,1
DA:119,16
DA:120,2
DA:124,14
DA:131,4
DA:142,4
DA:145,4
DA:146,0
DA:154,21
DA:155,21
DA:156,21
DA:159,21
DA:160,21
DA:161,37
DA:162,37
DA:167,21
DA:168,9
DA:172,21
DA:173,0
DA:180,0
DA:187,21
DA:188,0
DA:194,0
DA:206,0
DA:223,8
DA:224,8
DA:225,8
DA:227,8
DA:228,8
DA:230,8
DA:231,17
DA:232,17
DA:234,17
DA:235,17
DA:239,8
DA:240,17
DA:244,4
DA:254,0
DA:257,0
DA:258,0
DA:259,0
DA:264,0
DA:265,0
DA:271,20
DA:274,20
DA:275,0
DA:276,0
DA:280,20
LF:79
LH:63
BRDA:23,0,0,0
BRDA:24,1,0,21
BRDA:24,1,1,0
BRDA:24,2,0,21
BRDA:24,2,1,0
BRDA:28,3,0,16
BRDA:28,3,1,5
BRDA:54,4,0,4
BRDA:54,4,1,17
BRDA:54,5,0,21
BRDA:54,5,1,19
BRDA:62,6,0,1
BRDA:62,6,1,20
BRDA:62,7,0,21
BRDA:62,7,1,2
BRDA:69,8,0,1
BRDA:69,8,1,0
BRDA:70,9,0,1
BRDA:70,9,1,0
BRDA:94,10,0,2
BRDA:94,10,1,19
BRDA:94,11,0,21
BRDA:94,11,1,19
BRDA:99,12,0,1
BRDA:99,12,1,18
BRDA:99,13,0,19
BRDA:99,13,1,18
BRDA:99,13,2,18
BRDA:104,14,0,1
BRDA:104,14,1,17
BRDA:104,15,0,18
BRDA:104,15,1,17
BRDA:109,16,0,0
BRDA:109,16,1,17
BRDA:114,17,0,1
BRDA:114,17,1,16
BRDA:114,18,0,17
BRDA:114,18,1,3
BRDA:119,19,0,2
BRDA:119,19,1,14
BRDA:119,20,0,16
BRDA:119,20,1,2
BRDA:145,21,0,0
BRDA:145,21,1,4
BRDA:161,22,0,37
BRDA:161,22,1,0
BRDA:172,23,0,0
BRDA:172,23,1,21
BRDA:187,24,0,0
BRDA:187,24,1,21
BRDA:231,25,0,17
BRDA:231,25,1,0
BRDA:234,26,0,17
BRDA:234,26,1,0
BRDA:258,27,0,0
BRDA:258,27,1,0
BRDA:274,28,0,0
BRDA:274,28,1,20
BRF:58
BRH:43
end_of_record
TN:
SF:src/lib/fileValidator.js
FN:30,validateImageFile
FN:97,validateFileContent
FN:138,getExtensionFromMimeType
FNF:3
FNH:2
FNDA:10,validateImageFile
FNDA:6,validateFileContent
FNDA:0,getExtensionFromMimeType
DA:1,20
DA:2,20
DA:10,20
DA:17,20
DA:20,20
DA:31,10
DA:32,10
DA:34,10
DA:35,0
DA:39,10
DA:40,10
DA:41,0
DA:44,10
DA:45,2
DA:46,2
DA:50,8
DA:51,8
DA:52,2
DA:59,6
DA:60,6
DA:61,6
DA:62,0
DA:70,6
DA:71,6
DA:72,6
DA:73,2
DA:75,0
DA:77,0
DA:78,0
DA:79,0
DA:80,0
DA:81,0
DA:84,0
DA:88,4
DA:98,6
DA:99,0
DA:102,6
DA:105,6
DA:106,4
DA:110,2
DA:111,2
DA:124,0
DA:125,0
DA:126,0
DA:130,0
DA:139,0
DA:140,0
DA:141,0
DA:142,0
DA:143,0
DA:146,20
LF:51
LH:31
BRDA:30,0,0,10
BRDA:31,1,0,10
BRDA:31,1,1,10
BRDA:32,2,0,10
BRDA:32,2,1,10
BRDA:34,3,0,0
BRDA:34,3,1,10
BRDA:39,4,0,10
BRDA:39,4,1,0
BRDA:39,5,0,0
BRDA:39,5,1,0
BRDA:40,6,0,0
BRDA:40,6,1,10
BRDA:44,7,0,2
BRDA:44,7,1,8
BRDA:50,8,0,8
BRDA:50,8,1,0
BRDA:51,9,0,2
BRDA:51,9,1,6
BRDA:51,10,0,8
BRDA:51,10,1,8
BRDA:59,11,0,6
BRDA:59,11,1,0
BRDA:59,11,2,0
BRDA:61,12,0,0
BRDA:61,12,1,6
BRDA:61,13,0,6
BRDA:61,13,1,6
BRDA:70,14,0,6
BRDA:70,14,1,0
BRDA:72,15,0,2
BRDA:72,15,1,4
BRDA:75,16,0,0
BRDA:75,16,1,0
BRDA:80,17,0,0
BRDA:80,17,1,0
BRDA:98,18,0,0
BRDA:98,18,1,6
BRDA:98,19,0,6
BRDA:98,19,1,6
BRDA:105,20,0,4
BRDA:105,20,1,2
BRDA:105,21,0,6
BRDA:105,21,1,2
BRDA:106,22,0,4
BRDA:106,22,1,2
BRDA:106,22,2,2
BRDA:110,23,0,2
BRDA:110,23,1,0
BRDA:112,24,0,2
BRDA:112,24,1,2
BRDA:112,24,2,2
BRDA:112,24,3,2
BRDA:112,24,4,2
BRDA:112,24,5,2
BRDA:112,24,6,2
BRDA:112,24,7,2
BRDA:124,25,0,0
BRDA:124,25,1,0
BRDA:140,26,0,0
BRDA:140,26,1,0
BRDA:140,27,0,0
BRDA:140,27,1,0
BRDA:141,28,0,0
BRDA:141,28,1,0
BRDA:142,29,0,0
BRDA:142,29,1,0
BRF:67
BRH:41
end_of_record
TN:
SF:src/lib/highPrivilegeTaskChecker.js
FN:14,checkHighPrivilegeTasks
FN:31,(anonymous_1)
FN:37,(anonymous_2)
FN:53,(anonymous_3)
FN:78,(anonymous_4)
FN:117,getHighPrivilegeTasksSummary
FN:122,(anonymous_6)
FN:123,(anonymous_7)
FNF:8
FNH:2
FNDA:1,checkHighPrivilegeTasks
FNDA:0,(anonymous_1)
FNDA:0,(anonymous_2)
FNDA:0,(anonymous_3)
FNDA:10,(anonymous_4)
FNDA:0,getHighPrivilegeTasksSummary
FNDA:0,(anonymous_6)
FNDA:0,(anonymous_7)
DA:6,20
DA:7,20
DA:15,1
DA:16,1
DA:18,1
DA:20,1
DA:27,1
DA:28,0
DA:31,0
DA:37,0
DA:41,1
DA:49,1
DA:50,0
DA:53,0
DA:59,0
DA:65,1
DA:77,1
DA:78,10
DA:79,1
DA:80,1
DA:85,1
DA:94,1
DA:96,1
DA:102,0
DA:104,0
DA:118,0
DA:120,0
DA:122,0
DA:123,0
DA:128,20
LF:30
LH:18
BRDA:27,0,0,0
BRDA:27,0,1,1
BRDA:49,1,0,0
BRDA:49,1,1,1
BRDA:77,2,0,1
BRDA:77,2,1,0
BRDA:79,3,0,1
BRDA:79,3,1,0
BRDA:99,4,0,1
BRDA:99,4,1,0
BRF:10
BRH:5
end_of_record
TN:
SF:src/lib/ipTracker.js
FN:17,trackIP
FN:50,isUnusualIP
FN:61,(anonymous_2)
FN:86,getRecentIPs
FNF:4
FNH:4
FNDA:8,trackIP
FNDA:6,isUnusualIP
FNDA:4,(anonymous_2)
FNDA:1,getRecentIPs
DA:6,20
DA:8,20
DA:18,8
DA:19,8
DA:20,8
DA:22,8
DA:25,8
DA:32,8
DA:33,0
DA:36,8
DA:37,8
DA:39,0
DA:51,6
DA:52,6
DA:53,6
DA:55,3
DA:58,3
DA:61,4
DA:63,3
DA:64,2
DA:70,1
DA:76,0
DA:77,0
DA:87,1
DA:88,1
DA:89,1
DA:91,0
DA:92,0
DA:96,20
LF:29
LH:23
BRDA:17,0,0,8
BRDA:20,1,0,0
BRDA:20,1,1,8
BRDA:22,2,0,8
BRDA:22,2,1,0
BRDA:28,3,0,8
BRDA:28,3,1,8
BRDA:32,4,0,0
BRDA:32,4,1,8
BRDA:53,5,0,3
BRDA:53,5,1,3
BRDA:53,6,0,6
BRDA:53,6,1,6
BRDA:53,6,2,6
BRDA:63,7,0,2
BRDA:63,7,1,1
BRDA:89,8,0,1
BRDA:89,8,1,0
BRF:18
BRH:14
end_of_record
TN:
SF:src/lib/logger.js
FN:2,generateUUID
FN:7,(anonymous_1)
FN:20,(anonymous_2)
FN:33,(anonymous_3)
FN:42,(anonymous_4)
FN:87,(anonymous_5)
FN:108,(anonymous_6)
FN:115,(anonymous_7)
FN:122,(anonymous_8)
FN:129,(anonymous_9)
FN:136,(anonymous_10)
FN:165,(anonymous_11)
FN:180,(anonymous_12)
FN:194,(anonymous_13)
FNF:14
FNH:12
FNDA:0,generateUUID
FNDA:0,(anonymous_1)
FNDA:21,(anonymous_2)
FNDA:5929,(anonymous_3)
FNDA:5929,(anonymous_4)
FNDA:5929,(anonymous_5)
FNDA:26,(anonymous_6)
FNDA:36,(anonymous_7)
FNDA:51,(anonymous_8)
FNDA:1,(anonymous_9)
FNDA:1,(anonymous_10)
FNDA:5264,(anonymous_11)
FNDA:15,(anonymous_12)
FNDA:550,(anonymous_13)
DA:3,0
DA:4,0
DA:7,0
DA:8,0
DA:9,0
DA:10,0
DA:21,21
DA:22,21
DA:34,5929
DA:35,5929
DA:36,5929
DA:43,5929
DA:52,5929
DA:53,574
DA:57,5929
DA:58,14
DA:67,5929
DA:68,6
DA:72,5929
DA:73,25
DA:81,5929
DA:88,5929
DA:89,0
DA:92,5929
DA:95,5929
DA:96,0
DA:99,5929
DA:100,5929
DA:101,5929
DA:109,26
DA:116,36
DA:123,51
DA:130,1
DA:137,1
DA:150,1
DA:151,1
DA:154,1
DA:155,0
DA:158,1
DA:159,1
DA:166,5264
DA:167,5264
DA:181,15
DA:195,550
DA:196,550
DA:208,21
DA:210,21
LF:47
LH:38
BRDA:3,0,0,0
BRDA:3,0,1,0
BRDA:3,1,0,0
BRDA:3,1,1,0
BRDA:9,2,0,0
BRDA:9,2,1,0
BRDA:21,3,0,21
BRDA:21,3,1,21
BRDA:21,4,0,0
BRDA:21,4,1,21
BRDA:34,5,0,5929
BRDA:34,5,1,0
BRDA:35,6,0,5929
BRDA:35,6,1,26
BRDA:42,7,0,0
BRDA:52,8,0,574
BRDA:52,8,1,5355
BRDA:57,9,0,14
BRDA:57,9,1,5915
BRDA:67,10,0,6
BRDA:67,10,1,5923
BRDA:72,11,0,25
BRDA:72,11,1,5904
BRDA:87,12,0,0
BRDA:88,13,0,0
BRDA:88,13,1,5929
BRDA:95,14,0,0
BRDA:95,14,1,5929
BRDA:95,15,0,5929
BRDA:95,15,1,5929
BRDA:100,16,0,574
BRDA:100,16,1,5355
BRDA:101,17,0,5929
BRDA:101,17,1,5904
BRDA:108,18,0,1
BRDA:115,19,0,21
BRDA:122,20,0,42
BRDA:129,21,0,1
BRDA:136,22,0,0
BRDA:142,23,0,1
BRDA:142,23,1,0
BRDA:150,24,0,1
BRDA:150,24,1,0
BRDA:154,25,0,0
BRDA:154,25,1,1
BRDA:158,26,0,0
BRDA:158,26,1,1
BRDA:158,27,0,0
BRDA:158,27,1,1
BRDA:165,28,0,5264
BRDA:166,29,0,0
BRDA:166,29,1,5264
BRDA:166,30,0,0
BRDA:166,30,1,5264
BRDA:180,31,0,0
BRDA:186,32,0,15
BRDA:186,32,1,0
BRDA:194,33,0,0
BRDA:194,34,0,0
BRDA:195,35,0,0
BRDA:195,35,1,550
BRDA:195,36,0,0
BRDA:195,36,1,550
BRF:63
BRH:37
end_of_record
TN:
SF:src/lib/mailer.js
FN:3,createTransport
FN:21,(anonymous_1)
FN:63,sendOtp
FN:153,(anonymous_3)
FN:154,(anonymous_4)
FN:162,(anonymous_5)
FN:309,sendStaffCredentialsEmail
FN:422,sendEmailChangeNotification
FN:546,sendPasswordChangeNotification
FN:650,sendAdminAlertEmail
FN:763,sendApprovalNotification
FNF:11
FNH:10
FNDA:101,createTransport
FNDA:0,(anonymous_1)
FNDA:77,sendOtp
FNDA:74,(anonymous_3)
FNDA:74,(anonymous_4)
FNDA:74,(anonymous_5)
FNDA:2,sendStaffCredentialsEmail
FNDA:4,sendEmailChangeNotification
FNDA:9,sendPasswordChangeNotification
FNDA:8,sendAdminAlertEmail
FNDA:1,sendApprovalNotification
DA:1,20
DA:4,101
DA:5,101
DA:6,101
DA:7,101
DA:8,101
DA:10,101
DA:12,101
DA:13,0
DA:14,0
DA:15,0
DA:20,0
DA:22,0
DA:23,0
DA:25,0
DA:26,0
DA:27,0
DA:30,0
DA:39,0
DA:42,101
DA:43,101
DA:57,101
DA:58,101
DA:59,101
DA:60,101
DA:64,77
DA:65,77
DA:66,77
DA:67,77
DA:68,77
DA:70,77
DA:81,77
DA:153,77
DA:155,74
DA:156,74
DA:157,74
DA:158,74
DA:159,74
DA:162,74
DA:163,74
DA:172,77
DA:174,77
DA:176,77
DA:177,0
DA:181,77
DA:184,77
DA:185,77
DA:188,77
DA:192,77
DA:193,77
DA:194,77
DA:195,77
DA:196,0
DA:199,77
DA:200,77
DA:201,3
DA:205,0
DA:206,0
DA:207,0
DA:208,0
DA:209,0
DA:211,0
DA:217,77
DA:218,77
DA:232,74
DA:233,0
DA:234,0
DA:238,74
DA:239,74
DA:240,74
DA:241,74
DA:242,74
DA:245,74
DA:246,74
DA:247,74
DA:258,74
DA:261,0
DA:262,0
DA:266,0
DA:270,77
DA:277,74
DA:278,0
DA:279,0
DA:280,0
DA:281,0
DA:284,74
DA:286,3
DA:287,3
DA:288,3
DA:289,3
DA:290,3
DA:291,3
DA:292,3
DA:293,0
DA:295,3
DA:296,0
DA:298,3
DA:299,0
DA:301,3
DA:302,3
DA:305,3
DA:310,2
DA:311,2
DA:312,2
DA:313,2
DA:315,2
DA:334,2
DA:398,2
DA:399,2
DA:400,2
DA:402,1
DA:403,1
DA:404,1
DA:405,1
DA:406,1
DA:407,1
DA:408,1
DA:423,4
DA:424,4
DA:425,4
DA:426,4
DA:428,4
DA:432,4
DA:434,4
DA:435,4
DA:459,4
DA:525,4
DA:526,4
DA:527,4
DA:529,4
DA:530,4
DA:531,4
DA:532,4
DA:533,4
DA:534,4
DA:547,9
DA:548,9
DA:549,9
DA:550,9
DA:552,9
DA:554,9
DA:556,9
DA:571,9
DA:625,9
DA:626,9
DA:627,9
DA:629,9
DA:630,9
DA:631,9
DA:632,9
DA:633,9
DA:651,8
DA:652,8
DA:653,8
DA:655,8
DA:657,8
DA:659,8
DA:677,8
DA:739,8
DA:740,8
DA:741,8
DA:743,8
DA:744,8
DA:745,8
DA:746,8
DA:747,8
DA:764,1
DA:765,1
DA:766,1
DA:768,1
DA:769,1
DA:771,1
DA:773,1
DA:794,1
DA:861,1
DA:862,1
DA:863,1
DA:865,1
DA:866,1
DA:867,1
DA:868,1
DA:869,1
DA:873,20
LF:183
LH:152
BRDA:4,0,0,101
BRDA:4,0,1,0
BRDA:5,1,0,101
BRDA:5,1,1,0
BRDA:5,1,2,0
BRDA:6,2,0,101
BRDA:6,2,1,0
BRDA:7,3,0,101
BRDA:7,3,1,0
BRDA:8,4,0,101
BRDA:8,4,1,0
BRDA:10,5,0,101
BRDA:10,5,1,0
BRDA:10,5,2,0
BRDA:12,6,0,0
BRDA:12,6,1,101
BRDA:12,7,0,101
BRDA:12,7,1,101
BRDA:12,7,2,101
BRDA:13,8,0,0
BRDA:13,8,1,0
BRDA:16,9,0,0
BRDA:16,9,1,0
BRDA:17,10,0,0
BRDA:17,10,1,0
BRDA:18,11,0,0
BRDA:18,11,1,0
BRDA:25,12,0,0
BRDA:25,12,1,0
BRDA:26,13,0,0
BRDA:26,13,1,0
BRDA:42,14,0,101
BRDA:42,14,1,0
BRDA:47,15,0,101
BRDA:47,15,1,0
BRDA:57,16,0,101
BRDA:57,16,1,0
BRDA:59,17,0,101
BRDA:59,17,1,0
BRDA:63,18,0,0
BRDA:63,19,0,77
BRDA:63,20,0,77
BRDA:63,20,1,0
BRDA:64,21,0,77
BRDA:64,21,1,0
BRDA:65,22,0,77
BRDA:65,22,1,77
BRDA:66,23,0,77
BRDA:66,23,1,77
BRDA:66,23,2,0
BRDA:67,24,0,77
BRDA:67,24,1,74
BRDA:67,24,2,74
BRDA:68,25,0,77
BRDA:68,25,1,77
BRDA:88,26,0,77
BRDA:88,26,1,0
BRDA:157,27,0,74
BRDA:157,27,1,0
BRDA:158,28,0,74
BRDA:158,28,1,0
BRDA:176,29,0,0
BRDA:176,29,1,77
BRDA:176,30,0,77
BRDA:176,30,1,77
BRDA:181,31,0,77
BRDA:181,31,1,0
BRDA:181,31,2,0
BRDA:184,32,0,77
BRDA:184,32,1,0
BRDA:188,33,0,77
BRDA:188,33,1,0
BRDA:195,34,0,0
BRDA:195,34,1,77
BRDA:199,35,0,77
BRDA:199,35,1,77
BRDA:199,35,2,77
BRDA:200,36,0,3
BRDA:200,36,1,74
BRDA:205,37,0,0
BRDA:205,37,1,0
BRDA:232,38,0,0
BRDA:232,38,1,74
BRDA:238,39,0,74
BRDA:238,39,1,0
BRDA:241,40,0,74
BRDA:241,40,1,0
BRDA:277,41,0,0
BRDA:277,41,1,74
BRDA:277,42,0,74
BRDA:277,42,1,74
BRDA:292,43,0,0
BRDA:292,43,1,3
BRDA:295,44,0,0
BRDA:295,44,1,3
BRDA:298,45,0,0
BRDA:298,45,1,3
BRDA:309,46,0,1
BRDA:309,47,0,2
BRDA:309,48,0,2
BRDA:309,48,1,0
BRDA:311,49,0,2
BRDA:311,49,1,2
BRDA:312,50,0,2
BRDA:312,50,1,2
BRDA:312,50,2,2
BRDA:313,51,0,2
BRDA:313,51,1,2
BRDA:313,51,2,0
BRDA:399,52,0,0
BRDA:399,52,1,2
BRDA:422,53,0,0
BRDA:422,54,0,0
BRDA:422,55,0,4
BRDA:422,56,0,4
BRDA:422,56,1,0
BRDA:424,57,0,4
BRDA:424,57,1,4
BRDA:425,58,0,4
BRDA:425,58,1,0
BRDA:425,58,2,0
BRDA:426,59,0,4
BRDA:426,59,1,4
BRDA:426,59,2,0
BRDA:428,60,0,2
BRDA:428,60,1,2
BRDA:432,61,0,4
BRDA:432,61,1,4
BRDA:438,62,0,2
BRDA:438,62,1,2
BRDA:445,63,0,2
BRDA:445,63,1,2
BRDA:449,64,0,1
BRDA:449,64,1,3
BRDA:449,65,0,4
BRDA:449,65,1,2
BRDA:471,66,0,2
BRDA:471,66,1,2
BRDA:474,67,0,2
BRDA:474,67,1,2
BRDA:491,68,0,2
BRDA:491,68,1,2
BRDA:496,69,0,1
BRDA:496,69,1,1
BRDA:502,70,0,2
BRDA:502,70,1,2
BRDA:504,71,0,2
BRDA:504,71,1,2
BRDA:526,72,0,0
BRDA:526,72,1,4
BRDA:546,73,0,9
BRDA:546,74,0,9
BRDA:546,74,1,0
BRDA:548,75,0,9
BRDA:548,75,1,9
BRDA:549,76,0,9
BRDA:549,76,1,8
BRDA:549,76,2,8
BRDA:550,77,0,9
BRDA:550,77,1,9
BRDA:550,77,2,0
BRDA:552,78,0,9
BRDA:552,78,1,9
BRDA:554,79,0,9
BRDA:554,79,1,0
BRDA:626,80,0,0
BRDA:626,80,1,9
BRDA:650,81,0,8
BRDA:650,82,0,8
BRDA:650,82,1,0
BRDA:652,83,0,8
BRDA:652,83,1,8
BRDA:653,84,0,8
BRDA:653,84,1,4
BRDA:653,84,2,4
BRDA:655,85,0,8
BRDA:655,85,1,8
BRDA:657,86,0,8
BRDA:657,86,1,0
BRDA:740,87,0,0
BRDA:740,87,1,8
BRDA:763,88,0,1
BRDA:763,89,0,1
BRDA:763,89,1,0
BRDA:765,90,0,1
BRDA:765,90,1,1
BRDA:766,91,0,1
BRDA:766,91,1,0
BRDA:766,91,2,0
BRDA:768,92,0,1
BRDA:768,92,1,0
BRDA:769,93,0,1
BRDA:769,93,1,1
BRDA:771,94,0,1
BRDA:771,94,1,0
BRDA:783,95,0,1
BRDA:783,95,1,0
BRDA:785,96,0,1
BRDA:785,96,1,0
BRDA:800,97,0,1
BRDA:800,97,1,0
BRDA:801,98,0,1
BRDA:801,98,1,0
BRDA:813,99,0,1
BRDA:813,99,1,0
BRDA:827,100,0,1
BRDA:827,100,1,0
BRDA:833,101,0,1
BRDA:833,101,1,0
BRDA:862,102,0,0
BRDA:862,102,1,1
BRF:211
BRH:134
end_of_record
TN:
SF:src/lib/notificationService.js
FN:17,sendEmailChangeNotification
FN:75,sendPasswordChangeNotification
FN:106,sendAdminAlert
FN:170,sendApprovalNotification
FNF:4
FNH:4
FNDA:2,sendEmailChangeNotification
FNDA:9,sendPasswordChangeNotification
FNDA:2,sendAdminAlert
FNDA:1,sendApprovalNotification
DA:1,20
DA:2,20
DA:18,2
DA:19,2
DA:20,2
DA:21,0
DA:24,2
DA:27,2
DA:28,2
DA:29,2
DA:37,2
DA:39,0
DA:43,2
DA:44,2
DA:45,2
DA:53,2
DA:55,0
DA:58,2
DA:64,0
DA:65,0
DA:76,9
DA:77,9
DA:78,9
DA:79,0
DA:82,9
DA:90,9
DA:92,0
DA:93,0
DA:107,2
DA:108,2
DA:109,2
DA:110,0
DA:114,2
DA:115,2
DA:116,2
DA:117,0
DA:120,2
DA:121,2
DA:122,0
DA:126,2
DA:127,2
DA:129,2
DA:130,8
DA:131,8
DA:143,8
DA:145,0
DA:146,0
DA:150,2
DA:157,0
DA:158,0
DA:171,1
DA:172,1
DA:173,1
DA:174,0
DA:177,1
DA:179,1
DA:190,1
DA:192,0
DA:193,0
DA:197,20
LF:60
LH:42
BRDA:17,0,0,0
BRDA:20,1,0,0
BRDA:20,1,1,2
BRDA:24,2,0,0
BRDA:59,3,0,2
BRDA:59,3,1,0
BRDA:65,4,0,0
BRDA:65,4,1,0
BRDA:75,5,0,0
BRDA:78,6,0,0
BRDA:78,6,1,9
BRDA:93,7,0,0
BRDA:93,7,1,0
BRDA:106,8,0,0
BRDA:109,9,0,0
BRDA:109,9,1,2
BRDA:116,10,0,0
BRDA:116,10,1,2
BRDA:121,11,0,0
BRDA:121,11,1,2
BRDA:138,12,0,8
BRDA:138,12,1,0
BRDA:154,13,0,0
BRDA:154,13,1,2
BRDA:158,14,0,0
BRDA:158,14,1,0
BRDA:170,15,0,0
BRDA:173,16,0,0
BRDA:173,16,1,1
BRDA:193,17,0,0
BRDA:193,17,1,0
BRF:31
BRH:9
end_of_record
TN:
SF:src/lib/officeHoursValidator.js
FN:14,isWithinOfficeHours
FN:34,(anonymous_1)
FN:81,isTimeWithinRange
FN:100,getOfficeHours
FNF:4
FNH:2
FNDA:3,isWithinOfficeHours
FNDA:0,(anonymous_1)
FNDA:1,isTimeWithinRange
FNDA:0,getOfficeHours
DA:6,20
DA:15,3
DA:16,3
DA:18,3
DA:20,2
DA:21,2
DA:22,2
DA:23,2
DA:25,2
DA:32,1
DA:33,1
DA:34,0
DA:37,1
DA:38,0
DA:39,0
DA:42,0
DA:43,0
DA:44,0
DA:52,1
DA:53,1
DA:54,1
DA:56,1
DA:57,0
DA:61,1
DA:63,1
DA:68,0
DA:70,0
DA:82,1
DA:83,1
DA:85,1
DA:86,1
DA:88,1
DA:89,1
DA:90,1
DA:92,1
DA:101,0
DA:102,0
DA:104,0
DA:105,0
DA:109,20
LF:40
LH:27
BRDA:14,0,0,2
BRDA:18,1,0,2
BRDA:18,1,1,1
BRDA:22,2,0,2
BRDA:22,2,1,2
BRDA:23,3,0,2
BRDA:23,3,1,2
BRDA:26,4,0,2
BRDA:26,4,1,2
BRDA:27,5,0,2
BRDA:27,5,1,0
BRDA:37,6,0,0
BRDA:37,6,1,1
BRDA:38,7,0,0
BRDA:38,7,1,0
BRDA:39,8,0,0
BRDA:39,8,1,0
BRDA:42,9,0,0
BRDA:42,9,1,0
BRDA:42,10,0,0
BRDA:42,10,1,0
BRDA:46,11,0,0
BRDA:46,11,1,0
BRDA:56,12,0,0
BRDA:56,12,1,1
BRDA:56,13,0,1
BRDA:56,13,1,1
BRDA:65,14,0,1
BRDA:65,14,1,0
BRDA:92,15,0,1
BRDA:92,15,1,1
BRF:31
BRH:17
end_of_record
TN:
SF:src/lib/passwordHistory.js
FN:17,checkPasswordHistory
FN:50,addToPasswordHistory
FNF:2
FNH:2
FNDA:14,checkPasswordHistory
FNDA:12,addToPasswordHistory
DA:1,20
DA:2,20
DA:9,20
DA:18,14
DA:19,0
DA:23,14
DA:28,14
DA:29,5
DA:31,5
DA:32,5
DA:33,3
DA:37,0
DA:41,11
DA:51,12
DA:52,0
DA:55,12
DA:58,12
DA:61,12
DA:62,2
DA:65,10
DA:68,20
LF:21
LH:18
BRDA:17,0,0,0
BRDA:18,1,0,0
BRDA:18,1,1,14
BRDA:18,2,0,14
BRDA:18,2,1,14
BRDA:32,3,0,3
BRDA:32,3,1,2
BRDA:50,4,0,0
BRDA:51,5,0,0
BRDA:51,5,1,12
BRDA:52,6,0,0
BRDA:52,6,1,0
BRDA:55,7,0,12
BRDA:55,7,1,0
BRDA:61,8,0,2
BRDA:61,8,1,10
BRF:16
BRH:9
end_of_record
TN:
SF:src/lib/passwordValidator.js
FN:11,validatePasswordStrength
FN:61,isPasswordInHistory
FNF:2
FNH:1
FNDA:31,validatePasswordStrength
FNDA:0,isPasswordInHistory
DA:12,31
DA:14,31
DA:15,0
DA:19,31
DA:20,8
DA:24,31
DA:25,4
DA:29,31
DA:30,4
DA:34,31
DA:35,4
DA:39,31
DA:40,4
DA:44,31
DA:45,2
DA:48,31
DA:62,0
DA:63,0
DA:67,0
DA:68,0
DA:71,20
LF:21
LH:16
BRDA:14,0,0,0
BRDA:14,0,1,31
BRDA:14,1,0,31
BRDA:14,1,1,31
BRDA:19,2,0,8
BRDA:19,2,1,23
BRDA:24,3,0,4
BRDA:24,3,1,27
BRDA:29,4,0,4
BRDA:29,4,1,27
BRDA:34,5,0,4
BRDA:34,5,1,27
BRDA:39,6,0,4
BRDA:39,6,1,27
BRDA:44,7,0,2
BRDA:44,7,1,29
BRDA:61,8,0,0
BRDA:61,9,0,0
BRDA:62,10,0,0
BRDA:62,10,1,0
BRDA:62,11,0,0
BRDA:62,11,1,0
BRF:22
BRH:15
end_of_record
TN:
SF:src/lib/roleHelpers.js
FN:16,isStaffRole
FN:27,getStaffRoles
FN:36,isRestrictedFieldForStaff
FN:46,isAdminRole
FN:58,isBusinessOwnerRole
FNF:5
FNH:5
FNDA:90,isStaffRole
FNDA:20,getStaffRoles
FNDA:11,isRestrictedFieldForStaff
FNDA:23,isAdminRole
FNDA:148,isBusinessOwnerRole
DA:9,20
DA:17,90
DA:18,0
DA:20,90
DA:28,20
DA:37,11
DA:38,11
DA:47,23
DA:48,0
DA:50,23
DA:59,148
DA:60,0
DA:62,148
DA:65,20
LF:14
LH:11
BRDA:17,0,0,0
BRDA:17,0,1,90
BRDA:17,1,0,90
BRDA:17,1,1,90
BRDA:47,2,0,0
BRDA:47,2,1,23
BRDA:47,3,0,23
BRDA:47,3,1,23
BRDA:59,4,0,0
BRDA:59,4,1,148
BRDA:59,5,0,148
BRDA:59,5,1,148
BRF:12
BRH:9
end_of_record
TN:
SF:src/lib/sanitizer.js
FN:11,sanitizeString
FN:35,sanitizeEmail
FN:58,sanitizePhoneNumber
FN:77,containsSqlInjection
FN:97,(anonymous_4)
FN:105,containsXss
FN:121,(anonymous_6)
FN:129,sanitizeName
FN:153,sanitizeIdNumber
FN:177,sanitizeObject
FN:183,(anonymous_10)
FNF:11
FNH:8
FNDA:86,sanitizeString
FNDA:2,sanitizeEmail
FNDA:31,sanitizePhoneNumber
FNDA:130,containsSqlInjection
FNDA:1477,(anonymous_4)
FNDA:117,containsXss
FNDA:882,(anonymous_6)
FNDA:51,sanitizeName
FNDA:0,sanitizeIdNumber
FNDA:0,sanitizeObject
FNDA:0,(anonymous_10)
DA:12,86
DA:13,0
DA:17,86
DA:20,86
DA:21,86
DA:22,86
DA:25,86
DA:27,86
DA:36,2
DA:37,0
DA:41,2
DA:44,2
DA:48,2
DA:50,2
DA:59,31
DA:60,0
DA:64,31
DA:67,31
DA:69,31
DA:78,130
DA:79,0
DA:82,130
DA:97,1477
DA:106,117
DA:107,0
DA:110,117
DA:121,882
DA:130,51
DA:131,0
DA:135,51
DA:138,51
DA:141,51
DA:142,0
DA:145,51
DA:154,0
DA:155,0
DA:159,0
DA:162,0
DA:165,0
DA:166,0
DA:169,0
DA:178,0
DA:179,0
DA:182,0
DA:183,0
DA:186,0
DA:187,0
DA:188,0
DA:189,0
DA:190,0
DA:191,0
DA:193,0
DA:197,0
DA:200,20
LF:54
LH:28
BRDA:12,0,0,0
BRDA:12,0,1,86
BRDA:13,1,0,0
BRDA:13,1,1,0
BRDA:36,2,0,0
BRDA:36,2,1,2
BRDA:59,3,0,0
BRDA:59,3,1,31
BRDA:78,4,0,0
BRDA:78,4,1,130
BRDA:106,5,0,0
BRDA:106,5,1,117
BRDA:130,6,0,0
BRDA:130,6,1,51
BRDA:141,7,0,0
BRDA:141,7,1,51
BRDA:154,8,0,0
BRDA:154,8,1,0
BRDA:165,9,0,0
BRDA:165,9,1,0
BRDA:178,10,0,0
BRDA:178,10,1,0
BRDA:178,11,0,0
BRDA:178,11,1,0
BRDA:182,12,0,0
BRDA:182,12,1,0
BRDA:188,13,0,0
BRDA:188,13,1,0
BRDA:190,14,0,0
BRDA:190,14,1,0
BRDA:190,15,0,0
BRDA:190,15,1,0
BRF:32
BRH:7
end_of_record
TN:
SF:src/lib/secretCipher.js
FN:3,keyFromHash
FN:7,encryptWithHash
FN:16,decryptWithHash
FNF:3
FNH:3
FNDA:5,keyFromHash
FNDA:4,encryptWithHash
FNDA:3,decryptWithHash
DA:1,20
DA:4,5
DA:8,4
DA:9,4
DA:10,4
DA:11,4
DA:12,4
DA:13,4
DA:17,3
DA:18,3
DA:19,1
DA:20,1
DA:21,1
DA:22,1
DA:23,1
DA:24,1
DA:25,1
DA:26,1
DA:27,1
DA:28,1
DA:29,1
DA:30,1
DA:33,20
LF:23
LH:23
BRDA:17,0,0,3
BRDA:17,0,1,0
BRDA:18,1,0,2
BRDA:18,1,1,1
BRDA:20,2,0,1
BRDA:20,2,1,0
BRDA:21,3,0,1
BRDA:21,3,1,0
BRDA:22,4,0,1
BRDA:22,4,1,0
BRF:10
BRH:6
end_of_record
TN:
SF:src/lib/seedDev.js
FN:9,seedDevDataIfEmpty
FN:59,(anonymous_1)
FN:91,(anonymous_2)
FN:94,(anonymous_3)
FN:130,(anonymous_4)
FNF:5
FNH:5
FNDA:19,seedDevDataIfEmpty
FNDA:19,(anonymous_1)
FNDA:19,(anonymous_2)
FNDA:76,(anonymous_3)
FNDA:38,(anonymous_4)
DA:1,20
DA:2,20
DA:3,20
DA:4,20
DA:5,20
DA:6,20
DA:10,19
DA:12,19
DA:13,19
DA:20,19
DA:21,19
DA:22,0
DA:23,0
DA:24,0
DA:25,0
DA:27,19
DA:28,0
DA:31,0
DA:36,19
DA:37,19
DA:39,19
DA:42,19
DA:51,19
DA:52,114
DA:55,19
DA:56,19
DA:59,19
DA:60,19
DA:61,19
DA:66,19
DA:67,57
DA:88,19
DA:91,19
DA:92,19
DA:93,19
DA:94,76
DA:96,19
DA:103,19
DA:104,76
DA:105,76
DA:127,19
DA:130,19
DA:131,38
DA:132,38
DA:133,38
DA:134,38
DA:155,19
DA:159,19
DA:164,19
DA:165,19
DA:166,19
DA:167,19
DA:168,19
DA:169,19
DA:171,0
DA:174,19
DA:175,19
DA:176,19
DA:177,114
DA:178,114
DA:179,114
DA:180,114
DA:181,0
DA:182,0
DA:185,114
DA:195,19
DA:219,0
DA:221,19
DA:225,20
LF:69
LH:59
BRDA:22,0,0,0
BRDA:22,0,1,0
BRDA:27,1,0,0
BRDA:27,1,1,19
BRDA:37,2,0,0
BRDA:37,2,1,19
BRDA:55,3,0,19
BRDA:55,3,1,19
BRDA:70,4,0,57
BRDA:70,4,1,0
BRDA:74,5,0,57
BRDA:74,5,1,0
BRDA:108,6,0,76
BRDA:108,6,1,0
BRDA:112,7,0,76
BRDA:112,7,1,0
BRDA:130,8,0,0
BRDA:132,9,0,0
BRDA:132,9,1,38
BRDA:133,10,0,38
BRDA:133,10,1,38
BRDA:141,11,0,38
BRDA:141,11,1,0
BRDA:143,12,0,38
BRDA:143,12,1,38
BRDA:144,13,0,38
BRDA:144,13,1,0
BRDA:145,14,0,38
BRDA:145,14,1,19
BRDA:146,15,0,38
BRDA:146,15,1,38
BRDA:147,16,0,38
BRDA:147,16,1,38
BRDA:148,17,0,38
BRDA:148,17,1,38
BRDA:149,18,0,38
BRDA:149,18,1,38
BRDA:150,19,0,38
BRDA:150,19,1,38
BRDA:164,20,0,19
BRDA:164,20,1,0
BRDA:174,21,0,19
BRDA:174,21,1,0
BRDA:174,22,0,19
BRDA:174,22,1,19
BRDA:177,23,0,114
BRDA:177,23,1,0
BRDA:178,24,0,114
BRDA:178,24,1,0
BRDA:180,25,0,0
BRDA:180,25,1,114
BRDA:190,26,0,114
BRDA:190,26,1,0
BRDA:192,27,0,114
BRDA:192,27,1,0
BRDA:195,28,0,19
BRDA:195,28,1,0
BRF:57
BRH:37
end_of_record
TN:
SF:src/lib/totp.js
FN:3,base32Encode
FN:16,base32Decode
FN:31,generateSecret
FN:35,otpauthUri
FN:41,hotp
FN:55,totp
FN:60,verifyTotp
FN:69,verifyTotpWithCounter
FNF:8
FNH:6
FNDA:2,base32Encode
FNDA:3,base32Decode
FNDA:2,generateSecret
FNDA:2,otpauthUri
FNDA:3,hotp
FNDA:0,totp
FNDA:0,verifyTotp
FNDA:1,verifyTotpWithCounter
DA:1,20
DA:4,2
DA:5,2
DA:6,40
DA:7,2
DA:8,2
DA:9,64
DA:10,64
DA:11,64
DA:13,2
DA:17,3
DA:18,3
DA:19,3
DA:20,96
DA:21,96
DA:22,96
DA:24,3
DA:25,3
DA:26,60
DA:28,3
DA:32,2
DA:36,2
DA:37,2
DA:38,2
DA:42,3
DA:43,3
DA:44,3
DA:45,24
DA:46,24
DA:48,3
DA:49,3
DA:50,3
DA:51,3
DA:52,3
DA:56,0
DA:57,0
DA:61,0
DA:62,0
DA:63,0
DA:64,0
DA:66,0
DA:70,1
DA:71,1
DA:72,1
DA:73,3
DA:74,3
DA:75,3
DA:77,1
DA:80,20
LF:49
LH:42
BRDA:10,0,0,0
BRDA:10,0,1,64
BRDA:21,1,0,0
BRDA:21,1,1,96
BRDA:31,2,0,0
BRDA:35,3,0,0
BRDA:35,4,0,0
BRDA:35,5,0,0
BRDA:41,6,0,0
BRDA:55,7,0,0
BRDA:55,8,0,0
BRDA:55,9,0,0
BRDA:60,10,0,0
BRDA:60,11,0,0
BRDA:60,12,0,0
BRDA:64,13,0,0
BRDA:64,13,1,0
BRDA:69,14,0,0
BRDA:69,15,0,0
BRDA:69,16,0,0
BRDA:75,17,0,0
BRDA:75,17,1,3
BRF:22
BRH:3
end_of_record
TN:
SF:src/lib/verificationService.js
FN:27,requestVerification
FN:121,verifyCode
FN:220,(anonymous_2)
FN:238,checkVerificationStatus
FN:267,clearVerificationRequest
FNF:5
FNH:3
FNDA:46,requestVerification
FNDA:17,verifyCode
FNDA:0,(anonymous_2)
FNDA:18,checkVerificationStatus
FNDA:0,clearVerificationRequest
DA:1,20
DA:2,20
DA:3,20
DA:4,20
DA:5,20
DA:6,20
DA:7,20
DA:15,20
DA:18,20
DA:28,46
DA:29,46
DA:30,46
DA:31,0
DA:35,46
DA:36,46
DA:37,1
DA:45,45
DA:47,0
DA:48,0
DA:51,0
DA:59,45
DA:60,45
DA:63,45
DA:64,45
DA:66,45
DA:69,45
DA:78,0
DA:89,45
DA:90,45
DA:96,0
DA:97,0
DA:100,45
DA:108,0
DA:109,0
DA:122,17
DA:123,17
DA:124,17
DA:125,0
DA:129,17
DA:130,17
DA:131,0
DA:140,17
DA:142,1
DA:143,1
DA:146,0
DA:147,0
DA:148,0
DA:156,0
DA:158,0
DA:159,0
DA:163,0
DA:167,0
DA:168,0
DA:172,0
DA:173,0
DA:174,0
DA:177,0
DA:179,0
DA:181,0
DA:182,0
DA:183,0
DA:188,16
DA:189,16
DA:191,16
DA:192,0
DA:193,0
DA:196,16
DA:197,0
DA:198,0
DA:201,16
DA:202,0
DA:203,0
DA:204,0
DA:207,16
DA:208,16
DA:209,16
DA:213,0
DA:214,0
DA:217,0
DA:220,0
DA:221,0
DA:224,0
DA:226,0
DA:227,0
DA:228,0
DA:239,18
DA:240,18
DA:242,18
DA:243,6
DA:246,12
DA:247,0
DA:250,12
DA:251,0
DA:252,0
DA:255,12
DA:268,0
DA:269,0
DA:272,20
LF:98
LH:49
BRDA:27,0,0,0
BRDA:27,1,0,0
BRDA:30,2,0,0
BRDA:30,2,1,46
BRDA:36,3,0,1
BRDA:36,3,1,45
BRDA:45,4,0,0
BRDA:45,4,1,45
BRDA:47,5,0,0
BRDA:47,5,1,0
BRDA:47,6,0,0
BRDA:47,6,1,0
BRDA:64,7,0,45
BRDA:64,7,1,45
BRDA:66,8,0,45
BRDA:66,8,1,0
BRDA:105,9,0,45
BRDA:105,9,1,45
BRDA:109,10,0,0
BRDA:109,10,1,0
BRDA:121,11,0,0
BRDA:121,12,0,0
BRDA:124,13,0,0
BRDA:124,13,1,17
BRDA:130,14,0,0
BRDA:130,14,1,17
BRDA:140,15,0,1
BRDA:140,15,1,16
BRDA:142,16,0,1
BRDA:142,16,1,0
BRDA:142,17,0,1
BRDA:142,17,1,1
BRDA:156,18,0,0
BRDA:156,18,1,0
BRDA:163,19,0,0
BRDA:163,19,1,0
BRDA:164,20,0,0
BRDA:164,20,1,0
BRDA:191,21,0,0
BRDA:191,21,1,16
BRDA:196,22,0,0
BRDA:196,22,1,16
BRDA:201,23,0,0
BRDA:201,23,1,16
BRDA:207,24,0,16
BRDA:207,24,1,0
BRDA:228,25,0,0
BRDA:228,25,1,0
BRDA:238,26,0,0
BRDA:242,27,0,6
BRDA:242,27,1,12
BRDA:246,28,0,0
BRDA:246,28,1,12
BRDA:250,29,0,0
BRDA:250,29,1,12
BRDA:267,30,0,0
BRF:56
BRH:24
end_of_record
TN:
SF:src/middleware/auth.js
FN:3,signAccessToken
FN:20,requireJwt
FN:52,requireRole
FN:53,(anonymous_3)
FNF:4
FNH:4
FNDA:474,signAccessToken
FNDA:377,requireJwt
FNDA:860,requireRole
FNDA:56,(anonymous_3)
DA:1,20
DA:4,474
DA:5,474
DA:6,474
DA:7,474
DA:8,474
DA:16,474
DA:17,474
DA:21,377
DA:22,377
DA:23,377
DA:24,377
DA:25,377
DA:26,367
DA:27,367
DA:30,361
DA:31,361
DA:32,361
DA:33,1
DA:36,360
DA:37,360
DA:38,360
DA:39,10
DA:42,350
DA:43,350
DA:44,350
DA:45,350
DA:46,350
DA:48,6
DA:53,860
DA:55,56
DA:56,0
DA:59,56
DA:60,9
DA:62,47
DA:66,20
LF:36
LH:35
BRDA:4,0,0,474
BRDA:4,0,1,0
BRDA:5,1,0,474
BRDA:5,1,1,474
BRDA:9,2,0,474
BRDA:9,2,1,0
BRDA:9,2,2,0
BRDA:10,3,0,474
BRDA:10,3,1,1
BRDA:11,4,0,469
BRDA:11,4,1,5
BRDA:11,5,0,474
BRDA:11,5,1,474
BRDA:11,6,0,5
BRDA:11,6,1,0
BRDA:12,7,0,474
BRDA:12,7,1,468
BRDA:22,8,0,377
BRDA:22,8,1,8
BRDA:24,9,0,367
BRDA:24,9,1,10
BRDA:25,10,0,10
BRDA:25,10,1,367
BRDA:26,11,0,367
BRDA:26,11,1,0
BRDA:32,12,0,1
BRDA:32,12,1,360
BRDA:36,13,0,360
BRDA:36,13,1,354
BRDA:37,14,0,360
BRDA:37,14,1,344
BRDA:38,15,0,10
BRDA:38,15,1,350
BRDA:42,16,0,350
BRDA:42,16,1,0
BRDA:43,17,0,350
BRDA:43,17,1,2
BRDA:44,18,0,350
BRDA:44,18,1,0
BRDA:45,19,0,350
BRDA:45,19,1,344
BRDA:55,20,0,0
BRDA:55,20,1,56
BRDA:59,21,0,9
BRDA:59,21,1,47
BRF:45
BRH:37
end_of_record
TN:
SF:src/middleware/correlationId.js
FN:8,correlationIdMiddleware
FNF:1
FNH:1
FNDA:552,correlationIdMiddleware
DA:1,20
DA:10,552
DA:13,552
DA:16,552
DA:18,552
DA:21,20
LF:6
LH:6
BRDA:10,0,0,552
BRDA:10,0,1,549
BRF:2
BRH:2
end_of_record
TN:
SF:src/middleware/errorHandler.js
FN:9,errorHandlerMiddleware
FNF:1
FNH:1
FNDA:3,errorHandlerMiddleware
DA:1,20
DA:2,20
DA:3,20
DA:11,3
DA:12,3
DA:15,3
DA:33,3
DA:45,3
DA:48,3
DA:49,3
DA:60,3
DA:61,3
DA:65,3
DA:66,3
DA:69,3
DA:72,20
LF:16
LH:16
BRDA:41,0,0,3
BRDA:41,0,1,0
BRDA:45,1,0,3
BRDA:45,1,1,0
BRDA:45,1,2,0
BRDA:52,2,0,3
BRDA:52,2,1,1
BRDA:53,3,0,0
BRDA:53,3,1,3
BRDA:53,4,0,3
BRDA:53,4,1,0
BRDA:55,5,0,3
BRDA:55,5,1,0
BRDA:60,6,0,3
BRDA:60,6,1,0
BRDA:65,7,0,3
BRDA:65,7,1,0
BRDA:65,8,0,3
BRDA:65,8,1,3
BRF:19
BRH:11
end_of_record
TN:
SF:src/middleware/fieldPermissions.js
FN:93,checkFieldPermission
FN:139,requireFieldPermission
FN:140,(anonymous_2)
FN:187,(anonymous_3)
FN:220,requireVerification
FN:221,(anonymous_5)
FNF:6
FNH:5
FNDA:52,checkFieldPermission
FNDA:40,requireFieldPermission
FNDA:21,(anonymous_2)
FNDA:0,(anonymous_3)
FNDA:20,requireVerification
FNDA:15,(anonymous_5)
DA:1,20
DA:2,20
DA:8,20
DA:94,52
DA:95,0
DA:98,52
DA:101,52
DA:102,3
DA:103,1
DA:105,2
DA:109,49
DA:110,46
DA:114,3
DA:116,3
DA:117,1
DA:119,2
DA:120,0
DA:122,2
DA:123,2
DA:125,0
DA:126,0
DA:128,0
DA:131,0
DA:140,40
DA:141,21
DA:143,21
DA:144,0
DA:148,21
DA:149,2
DA:151,1
DA:152,1
DA:153,1
DA:156,1
DA:157,1
DA:158,1
DA:159,1
DA:160,1
DA:173,1
DA:175,1
DA:188,0
DA:191,0
DA:194,1
DA:203,20
DA:204,20
DA:205,1
DA:209,19
DA:210,19
DA:212,19
DA:221,20
DA:222,15
DA:223,15
DA:224,0
DA:228,15
DA:229,15
DA:232,15
DA:233,15
DA:235,15
DA:236,15
DA:237,15
DA:240,0
DA:244,0
DA:245,0
DA:246,0
DA:247,0
DA:248,0
DA:250,0
DA:254,0
DA:255,0
DA:256,0
DA:266,0
DA:275,20
LF:71
LH:50
BRDA:94,0,0,0
BRDA:94,0,1,52
BRDA:94,1,0,52
BRDA:94,1,1,52
BRDA:101,2,0,3
BRDA:101,2,1,49
BRDA:102,3,0,1
BRDA:102,3,1,2
BRDA:105,4,0,2
BRDA:105,4,1,1
BRDA:109,5,0,46
BRDA:109,5,1,3
BRDA:110,6,0,46
BRDA:110,6,1,0
BRDA:114,7,0,3
BRDA:114,7,1,0
BRDA:116,8,0,1
BRDA:116,8,1,2
BRDA:119,9,0,0
BRDA:119,9,1,2
BRDA:122,10,0,2
BRDA:122,10,1,0
BRDA:125,11,0,0
BRDA:125,11,1,0
BRDA:143,12,0,0
BRDA:143,12,1,21
BRDA:148,13,0,2
BRDA:148,13,1,19
BRDA:149,14,0,1
BRDA:149,14,1,1
BRDA:165,15,0,1
BRDA:165,15,1,1
BRDA:168,16,0,1
BRDA:168,16,1,0
BRDA:168,16,2,0
BRDA:169,17,0,1
BRDA:169,17,1,1
BRDA:180,18,0,1
BRDA:180,18,1,1
BRDA:183,19,0,1
BRDA:183,19,1,0
BRDA:183,19,2,0
BRDA:184,20,0,1
BRDA:184,20,1,1
BRDA:204,21,0,1
BRDA:204,21,1,19
BRDA:223,22,0,0
BRDA:223,22,1,15
BRDA:223,23,0,15
BRDA:223,23,1,15
BRDA:232,24,0,15
BRDA:232,24,1,0
BRDA:233,25,0,15
BRDA:233,25,1,0
BRDA:236,26,0,15
BRDA:236,26,1,0
BRDA:237,27,0,15
BRDA:237,27,1,0
BRDA:244,28,0,0
BRDA:244,28,1,0
BRDA:245,29,0,0
BRDA:245,29,1,0
BRDA:245,30,0,0
BRDA:245,30,1,0
BRDA:247,31,0,0
BRDA:247,31,1,0
BRDA:248,32,0,0
BRDA:248,32,1,0
BRDA:255,33,0,0
BRDA:255,33,1,0
BRF:70
BRH:41
end_of_record
TN:
SF:src/middleware/performanceMonitor.js
FN:17,performanceMonitorMiddleware
FN:21,(anonymous_1)
FN:75,trackDatabaseQuery
FN:115,getPerformanceStats
FN:145,resetMetrics
FNF:5
FNH:5
FNDA:550,performanceMonitorMiddleware
FNDA:550,(anonymous_1)
FNDA:5264,trackDatabaseQuery
FNDA:8,getPerformanceStats
FNDA:6,resetMetrics
DA:1,21
DA:9,21
DA:18,550
DA:21,550
DA:22,550
DA:23,550
DA:26,550
DA:27,191
DA:36,550
DA:37,550
DA:38,550
DA:39,550
DA:40,550
DA:41,550
DA:44,550
DA:45,550
DA:46,0
DA:62,550
DA:69,550
DA:76,5264
DA:78,5264
DA:79,328
DA:88,5264
DA:89,5264
DA:90,5264
DA:91,5264
DA:92,5264
DA:93,5264
DA:96,5264
DA:97,5264
DA:98,0
DA:109,5264
DA:116,8
DA:117,8
DA:118,13
DA:126,8
DA:127,8
DA:128,15
DA:136,8
DA:146,6
DA:147,6
DA:150,21
LF:42
LH:40
BRDA:26,0,0,191
BRDA:26,0,1,359
BRDA:45,1,0,0
BRDA:45,1,1,550
BRDA:78,2,0,328
BRDA:78,2,1,4936
BRDA:97,3,0,0
BRDA:97,3,1,5264
BRDA:121,4,0,0
BRDA:121,4,1,13
BRDA:131,5,0,0
BRDA:131,5,1,15
BRF:12
BRH:8
end_of_record
TN:
SF:src/middleware/rateLimit.js
FN:5,perEmailRateLimit
FN:11,(anonymous_1)
FN:18,(anonymous_2)
FN:46,verificationRateLimit
FN:59,profileUpdateRateLimit
FN:72,passwordChangeRateLimit
FN:85,idUploadRateLimit
FN:98,adminApprovalRateLimit
FN:102,(anonymous_8)
FN:108,(anonymous_9)
FNF:10
FNH:9
FNDA:300,perEmailRateLimit
FNDA:163,(anonymous_1)
FNDA:1,(anonymous_2)
FNDA:40,verificationRateLimit
FNDA:100,profileUpdateRateLimit
FNDA:20,passwordChangeRateLimit
FNDA:20,idUploadRateLimit
FNDA:40,adminApprovalRateLimit
FNDA:6,(anonymous_8)
FNDA:0,(anonymous_9)
DA:1,20
DA:2,20
DA:3,20
DA:6,300
DA:12,163
DA:13,163
DA:14,163
DA:15,146
DA:16,146
DA:20,1
DA:22,1
DA:23,1
DA:24,1
DA:25,1
DA:26,1
DA:27,1
DA:28,0
DA:29,0
DA:31,1
DA:32,1
DA:35,1
DA:36,1
DA:37,1
DA:47,40
DA:60,100
DA:73,20
DA:86,20
DA:99,40
DA:104,6
DA:110,0
DA:112,0
DA:113,0
DA:114,0
DA:115,0
DA:116,0
DA:117,0
DA:118,0
DA:119,0
DA:121,0
DA:122,0
DA:125,0
DA:126,0
DA:127,0
DA:132,20
LF:44
LH:28
BRDA:12,0,0,17
BRDA:12,0,1,146
BRDA:12,1,0,163
BRDA:12,1,1,163
BRDA:13,2,0,163
BRDA:13,2,1,163
BRDA:14,3,0,17
BRDA:14,3,1,146
BRDA:15,4,0,0
BRDA:15,4,1,146
BRDA:24,5,0,1
BRDA:24,5,1,0
BRDA:26,6,0,1
BRDA:26,6,1,0
BRDA:28,7,0,0
BRDA:28,7,1,0
BRDA:31,8,0,1
BRDA:31,8,1,0
BRDA:35,9,0,1
BRDA:35,9,1,0
BRDA:36,10,0,1
BRDA:36,10,1,0
BRDA:37,11,0,1
BRDA:37,11,1,0
BRDA:104,12,0,6
BRDA:104,12,1,0
BRDA:114,13,0,0
BRDA:114,13,1,0
BRDA:116,14,0,0
BRDA:116,14,1,0
BRDA:118,15,0,0
BRDA:118,15,1,0
BRDA:121,16,0,0
BRDA:121,16,1,0
BRDA:126,17,0,0
BRDA:126,17,1,0
BRF:36
BRH:16
end_of_record
TN:
SF:src/middleware/respond.js
FN:1,error
FN:7,ok
FN:11,success
FNF:3
FNH:2
FNDA:222,error
FNDA:2,ok
FNDA:0,success
DA:2,222
DA:3,222
DA:4,222
DA:8,2
DA:17,0
DA:20,20
LF:6
LH:5
BRDA:3,0,0,118
BRDA:3,0,1,104
BRF:2
BRH:2
end_of_record
TN:
SF:src/middleware/securityMonitor.js
FN:22,trackFailedLogin
FN:61,trackRateLimitViolation
FN:97,detectSuspiciousActivity
FN:119,(anonymous_3)
FN:220,logSecurityEvent
FN:252,securityMonitorMiddleware
FN:268,getSecurityStats
FN:286,(anonymous_7)
FN:302,clearOldData
FN:321,(anonymous_9)
FN:327,(anonymous_10)
FNF:11
FNH:10
FNDA:24,trackFailedLogin
FNDA:2,trackRateLimitViolation
FNDA:553,detectSuspiciousActivity
FNDA:1128,(anonymous_3)
FNDA:15,logSecurityEvent
FNDA:550,securityMonitorMiddleware
FNDA:6,getSecurityStats
FNDA:9,(anonymous_7)
FNDA:8,clearOldData
FNDA:9,(anonymous_9)
FNDA:0,(anonymous_10)
DA:1,20
DA:2,20
DA:3,20
DA:4,20
DA:12,20
DA:23,24
DA:24,4
DA:31,24
DA:32,24
DA:33,24
DA:34,24
DA:35,24
DA:39,24
DA:40,9
DA:50,9
DA:62,2
DA:64,2
DA:65,1
DA:71,2
DA:72,2
DA:73,2
DA:76,2
DA:77,0
DA:86,0
DA:98,553
DA:101,553
DA:107,553
DA:119,553
DA:120,1128
DA:121,19
DA:122,38
DA:123,9
DA:126,19
DA:127,152
DA:128,1
DA:131,1109
DA:132,1109
DA:136,553
DA:137,553
DA:138,553
DA:141,553
DA:143,553
DA:144,1
DA:145,1
DA:150,553
DA:151,553
DA:152,0
DA:153,0
DA:154,0
DA:159,553
DA:160,6
DA:161,6
DA:174,6
DA:186,6
DA:187,0
DA:191,6
DA:199,6
DA:214,553
DA:221,15
DA:225,15
DA:243,15
DA:245,0
DA:254,550
DA:257,550
DA:258,0
DA:259,0
DA:262,550
DA:269,6
DA:270,6
DA:271,6
DA:273,6
DA:274,6
DA:276,6
DA:277,11
DA:278,11
DA:280,11
DA:281,11
DA:285,6
DA:286,9
DA:289,6
DA:303,8
DA:306,8
DA:307,13
DA:308,0
DA:313,8
DA:314,5
DA:315,0
DA:320,8
DA:321,9
DA:326,20
DA:327,0
DA:328,0
DA:332,20
LF:93
LH:80
BRDA:22,0,0,0
BRDA:23,1,0,4
BRDA:23,1,1,20
BRDA:34,2,0,24
BRDA:34,2,1,0
BRDA:39,3,0,9
BRDA:39,3,1,15
BRDA:64,4,0,1
BRDA:64,4,1,1
BRDA:76,5,0,0
BRDA:76,5,1,2
BRDA:120,6,0,19
BRDA:120,6,1,1109
BRDA:122,7,0,9
BRDA:122,7,1,29
BRDA:127,8,0,1
BRDA:127,8,1,151
BRDA:131,9,0,1109
BRDA:131,9,1,0
BRDA:131,10,0,1109
BRDA:131,10,1,1109
BRDA:136,11,0,3
BRDA:136,11,1,550
BRDA:137,12,0,553
BRDA:137,12,1,0
BRDA:138,13,0,553
BRDA:138,13,1,0
BRDA:141,14,0,553
BRDA:141,14,1,550
BRDA:143,15,0,1
BRDA:143,15,1,552
BRDA:143,16,0,553
BRDA:143,16,1,553
BRDA:144,17,0,1
BRDA:144,17,1,0
BRDA:144,18,0,1
BRDA:144,18,1,0
BRDA:150,19,0,553
BRDA:150,19,1,0
BRDA:151,20,0,0
BRDA:151,20,1,553
BRDA:153,21,0,0
BRDA:153,21,1,0
BRDA:159,22,0,6
BRDA:159,22,1,547
BRDA:160,23,0,6
BRDA:160,23,1,4
BRDA:186,24,0,0
BRDA:186,24,1,6
BRDA:226,25,0,15
BRDA:226,25,1,15
BRDA:257,26,0,0
BRDA:257,26,1,550
BRDA:258,27,0,0
BRDA:258,27,1,0
BRDA:277,28,0,11
BRDA:277,28,1,0
BRDA:277,29,0,11
BRDA:277,29,1,11
BRDA:280,30,0,11
BRDA:280,30,1,0
BRDA:280,31,0,11
BRDA:280,31,1,11
BRDA:307,32,0,0
BRDA:307,32,1,13
BRDA:307,33,0,13
BRDA:307,33,1,13
BRDA:314,34,0,0
BRDA:314,34,1,5
BRDA:314,35,0,5
BRDA:314,35,1,5
BRDA:326,36,0,0
BRDA:326,36,1,20
BRF:73
BRH:52
end_of_record
TN:
SF:src/middleware/validation.js
FN:4,validateBody
FN:5,(anonymous_1)
FN:15,(anonymous_2)
FN:22,(anonymous_3)
FNF:4
FNH:4
FNDA:1340,validateBody
FNDA:363,(anonymous_1)
FNDA:130,(anonymous_2)
FNDA:127,(anonymous_3)
DA:1,20
DA:2,20
DA:5,1340
DA:7,363
DA:9,363
DA:13,363
DA:15,130
DA:16,113
DA:18,3
DA:21,110
DA:22,127
DA:24,110
DA:26,250
DA:27,250
DA:31,20
LF:15
LH:15
BRDA:7,0,0,363
BRDA:7,0,1,0
BRDA:9,1,0,363
BRDA:9,1,1,0
BRDA:13,2,0,113
BRDA:13,2,1,250
BRDA:15,3,0,130
BRDA:15,3,1,127
BRDA:16,4,0,3
BRDA:16,4,1,110
BRDA:16,5,0,113
BRDA:16,5,1,3
BRDA:21,6,0,110
BRDA:21,6,1,0
BRF:14
BRH:11
end_of_record
TN:
SF:src/models/AdminApproval.js
FN:98,(anonymous_0)
FN:99,(anonymous_1)
FN:104,(anonymous_2)
FN:105,(anonymous_3)
FN:111,(anonymous_4)
FN:112,(anonymous_5)
FN:116,(anonymous_6)
FNF:7
FNH:7
FNDA:6,(anonymous_0)
FNDA:8,(anonymous_1)
FNDA:4,(anonymous_2)
FNDA:4,(anonymous_3)
FNDA:6,(anonymous_4)
FNDA:2,(anonymous_5)
FNDA:9,(anonymous_6)
DA:1,20
DA:3,20
DA:93,20
DA:94,20
DA:95,20
DA:98,20
DA:99,8
DA:100,6
DA:104,20
DA:105,4
DA:107,4
DA:111,20
DA:112,6
DA:116,20
DA:117,9
DA:120,20
LF:16
LH:16
BRF:0
BRH:0
end_of_record
TN:
SF:src/models/AdminDeletionRequest.js
FNF:0
FNH:0
DA:1,20
DA:7,20
DA:81,20
DA:82,20
DA:83,20
DA:85,20
LF:6
LH:6
BRF:0
BRH:0
end_of_record
TN:
SF:src/models/AuditLog.js
FN:151,(anonymous_0)
FN:169,(anonymous_1)
FN:176,(anonymous_2)
FNF:3
FNH:1
FNDA:1,(anonymous_0)
FNDA:0,(anonymous_1)
FNDA:0,(anonymous_2)
DA:1,21
DA:2,21
DA:4,21
DA:141,21
DA:142,21
DA:143,21
DA:144,21
DA:151,21
DA:152,1
DA:163,1
DA:164,1
DA:165,1
DA:169,21
DA:170,0
DA:171,0
DA:172,0
DA:176,21
DA:177,0
DA:178,0
DA:179,0
DA:180,0
DA:183,0
DA:190,21
LF:23
LH:15
BRDA:155,0,0,1
BRDA:155,0,1,0
BRDA:156,1,0,1
BRDA:156,1,1,0
BRDA:157,2,0,1
BRDA:157,2,1,0
BRDA:159,3,0,1
BRDA:159,3,1,0
BRDA:176,4,0,0
BRDA:177,5,0,0
BRDA:177,6,0,0
BRDA:179,7,0,0
BRDA:179,7,1,0
BRF:13
BRH:4
end_of_record
TN:
SF:src/models/AuditViewLog.js
FNF:0
FNH:0
DA:1,20
DA:3,20
DA:50,20
DA:51,20
DA:52,20
DA:53,20
DA:55,20
LF:7
LH:7
BRF:0
BRH:0
end_of_record
TN:
SF:src/models/BusinessProfile.js
FNF:0
FNH:0
DA:1,20
DA:3,20
DA:174,20
LF:3
LH:3
BRF:0
BRH:0
end_of_record
TN:
SF:src/models/DeleteRequest.js
FNF:0
FNH:0
DA:1,20
DA:3,20
DA:14,20
DA:16,20
LF:4
LH:4
BRF:0
BRH:0
end_of_record
TN:
SF:src/models/EmailChangeRequest.js
FN:32,(anonymous_0)
FN:64,(anonymous_1)
FN:69,(anonymous_2)
FNF:3
FNH:2
FNDA:0,(anonymous_0)
FNDA:6,(anonymous_1)
FNDA:1,(anonymous_2)
DA:1,20
DA:3,20
DA:32,0
DA:59,20
DA:60,20
DA:61,20
DA:64,20
DA:65,6
DA:69,20
DA:70,1
DA:73,20
LF:11
LH:10
BRDA:65,0,0,6
BRDA:65,0,1,5
BRDA:65,0,2,5
BRF:3
BRH:3
end_of_record
TN:
SF:src/models/IdVerification.js
FNF:0
FNH:0
DA:1,20
DA:3,20
DA:27,20
DA:28,20
DA:29,20
DA:31,20
LF:6
LH:6
BRF:0
BRH:0
end_of_record
TN:
SF:src/models/LoginRequest.js
FNF:0
FNH:0
DA:1,20
DA:3,20
DA:15,20
DA:17,20
LF:4
LH:4
BRF:0
BRH:0
end_of_record
TN:
SF:src/models/MaintenanceWindow.js
FNF:0
FNH:0
DA:1,20
DA:3,20
DA:23,20
LF:3
LH:3
BRF:0
BRH:0
end_of_record
TN:
SF:src/models/MfaBootstrapToken.js
FN:47,(anonymous_0)
FNF:1
FNH:0
FNDA:0,(anonymous_0)
DA:1,20
DA:3,20
DA:47,20
DA:48,0
DA:49,0
DA:50,0
DA:53,20
LF:7
LH:4
BRDA:48,0,0,0
BRDA:48,0,1,0
BRDA:49,1,0,0
BRDA:49,1,1,0
BRF:4
BRH:0
end_of_record
TN:
SF:src/models/OfficeHours.js
FNF:0
FNH:0
DA:1,20
DA:8,20
DA:72,20
DA:74,20
LF:4
LH:4
BRF:0
BRH:0
end_of_record
TN:
SF:src/models/RecoveryRequest.js
FNF:0
FNH:0
DA:1,20
DA:7,20
DA:71,20
DA:72,20
DA:73,20
DA:74,20
DA:76,20
LF:7
LH:7
BRF:0
BRH:0
end_of_record
TN:
SF:src/models/ResetRequest.js
FNF:0
FNH:0
DA:1,20
DA:3,20
DA:14,20
DA:16,20
LF:4
LH:4
BRF:0
BRH:0
end_of_record
TN:
SF:src/models/Role.js
FNF:0
FNH:0
DA:1,21
DA:3,21
DA:13,21
LF:3
LH:3
BRF:0
BRH:0
end_of_record
TN:
SF:src/models/Session.js
FN:75,(anonymous_0)
FN:82,(anonymous_1)
FN:89,(anonymous_2)
FNF:3
FNH:1
FNDA:0,(anonymous_0)
FNDA:0,(anonymous_1)
FNDA:1,(anonymous_2)
DA:1,21
DA:7,21
DA:69,21
DA:70,21
DA:71,21
DA:72,21
DA:75,21
DA:76,0
DA:77,0
DA:78,0
DA:82,21
DA:83,0
DA:85,0
DA:89,21
DA:90,1
DA:91,1
DA:92,1
DA:93,1
DA:96,21
LF:19
LH:14
BRDA:76,0,0,0
BRDA:76,0,1,0
BRDA:77,1,0,0
BRDA:77,1,1,0
BRDA:89,2,0,0
BRF:5
BRH:0
end_of_record
TN:
SF:src/models/SignUpRequest.js
FNF:0
FNH:0
DA:1,20
DA:3,20
DA:13,20
DA:15,20
LF:4
LH:4
BRF:0
BRH:0
end_of_record
TN:
SF:src/models/TamperIncident.js
FNF:0
FNH:0
DA:1,20
DA:3,20
DA:88,20
DA:89,20
DA:91,20
LF:5
LH:5
BRF:0
BRH:0
end_of_record
TN:
SF:src/models/TemporaryCredential.js
FN:72,(anonymous_0)
FN:80,(anonymous_1)
FNF:2
FNH:2
FNDA:1,(anonymous_0)
FNDA:1,(anonymous_1)
DA:1,21
DA:7,21
DA:67,21
DA:68,21
DA:69,21
DA:72,21
DA:73,1
DA:74,1
DA:75,1
DA:76,1
DA:80,21
DA:81,1
DA:82,1
DA:83,1
DA:85,1
DA:88,21
LF:16
LH:16
BRDA:73,0,0,0
BRDA:73,0,1,1
BRDA:74,1,0,0
BRDA:74,1,1,1
BRDA:75,2,0,0
BRDA:75,2,1,1
BRDA:75,3,0,1
BRDA:75,3,1,1
BRDA:82,4,0,1
BRDA:82,4,1,0
BRF:10
BRH:6
end_of_record
TN:
SF:src/models/User.js
FN:78,(anonymous_0)
FNF:1
FNH:0
FNDA:0,(anonymous_0)
DA:1,21
DA:3,21
DA:77,21
DA:80,0
DA:81,0
DA:83,0
DA:87,21
LF:7
LH:4
BRDA:80,0,0,0
BRDA:80,0,1,0
BRDA:80,1,0,0
BRDA:80,1,1,0
BRDA:80,1,2,0
BRF:5
BRH:0
end_of_record
TN:
SF:src/routes/maintenance.js
FN:7,(anonymous_0)
FNF:1
FNH:0
FNDA:0,(anonymous_0)
DA:1,20
DA:2,20
DA:4,20
DA:7,20
DA:8,0
DA:9,0
DA:10,0
DA:12,0
DA:19,0
DA:20,0
DA:24,20
LF:11
LH:5
BRDA:10,0,0,0
BRDA:10,0,1,0
BRDA:14,1,0,0
BRDA:14,1,1,0
BRF:4
BRH:0
end_of_record
TN:
SF:src/routes/admin/approvals.js
FN:39,(anonymous_0)
FN:105,(anonymous_1)
FN:171,(anonymous_2)
FN:188,(anonymous_3)
FN:200,(anonymous_4)
FN:253,(anonymous_5)
FN:278,(anonymous_6)
FNF:7
FNH:5
FNDA:2,(anonymous_0)
FNDA:9,(anonymous_1)
FNDA:0,(anonymous_2)
FNDA:0,(anonymous_3)
FNDA:4,(anonymous_4)
FNDA:1,(anonymous_5)
FNDA:1,(anonymous_6)
DA:1,20
DA:2,20
DA:3,20
DA:4,20
DA:5,20
DA:6,20
DA:7,20
DA:8,20
DA:9,20
DA:10,20
DA:12,20
DA:15,20
DA:33,20
DA:39,20
DA:40,2
DA:42,2
DA:43,2
DA:46,2
DA:47,1
DA:50,1
DA:51,1
DA:52,0
DA:56,1
DA:58,1
DA:59,0
DA:63,1
DA:64,1
DA:65,0
DA:69,1
DA:70,0
DA:74,1
DA:77,1
DA:87,1
DA:99,0
DA:100,0
DA:105,20
DA:106,9
DA:107,9
DA:108,9
DA:109,9
DA:112,9
DA:113,9
DA:114,1
DA:118,8
DA:119,0
DA:124,8
DA:125,2
DA:129,6
DA:130,0
DA:134,6
DA:135,6
DA:138,6
DA:146,6
DA:147,6
DA:148,2
DA:149,2
DA:150,4
DA:151,0
DA:154,6
DA:157,6
DA:158,2
DA:159,2
DA:160,2
DA:161,2
DA:165,0
DA:166,0
DA:167,0
DA:172,0
DA:176,0
DA:181,6
DA:182,0
DA:183,0
DA:184,0
DA:189,0
DA:194,6
DA:195,2
DA:200,4
DA:210,2
DA:211,0
DA:225,0
DA:237,6
DA:247,0
DA:248,0
DA:253,20
DA:254,1
DA:255,1
DA:256,1
DA:257,1
DA:258,1
DA:259,1
DA:261,1
DA:267,1
DA:272,0
DA:273,0
DA:278,20
DA:279,1
DA:280,1
DA:282,1
DA:288,1
DA:289,1
DA:292,0
DA:297,0
DA:298,0
DA:302,20
LF:104
LH:77
BRDA:42,0,0,2
BRDA:42,0,1,0
BRDA:46,1,0,1
BRDA:46,1,1,1
BRDA:46,2,0,2
BRDA:46,2,1,1
BRDA:51,3,0,0
BRDA:51,3,1,1
BRDA:56,4,0,1
BRDA:56,4,1,1
BRDA:56,5,0,1
BRDA:56,5,1,0
BRDA:58,6,0,0
BRDA:58,6,1,1
BRDA:58,7,0,1
BRDA:58,7,1,1
BRDA:64,8,0,0
BRDA:64,8,1,1
BRDA:69,9,0,0
BRDA:69,9,1,1
BRDA:113,10,0,1
BRDA:113,10,1,8
BRDA:118,11,0,0
BRDA:118,11,1,8
BRDA:124,12,0,2
BRDA:124,12,1,6
BRDA:129,13,0,0
BRDA:129,13,1,6
BRDA:135,14,0,6
BRDA:135,14,1,0
BRDA:135,15,0,6
BRDA:135,15,1,6
BRDA:135,15,2,6
BRDA:141,16,0,6
BRDA:141,16,1,0
BRDA:147,17,0,2
BRDA:147,17,1,4
BRDA:147,18,0,6
BRDA:147,18,1,2
BRDA:150,19,0,0
BRDA:150,19,1,4
BRDA:157,20,0,2
BRDA:157,20,1,4
BRDA:160,21,0,2
BRDA:160,21,1,0
BRDA:166,22,0,0
BRDA:166,22,1,0
BRDA:169,23,0,0
BRDA:169,23,1,0
BRDA:181,24,0,0
BRDA:181,24,1,6
BRDA:183,25,0,0
BRDA:183,25,1,0
BRDA:186,26,0,0
BRDA:186,26,1,0
BRDA:194,27,0,2
BRDA:194,27,1,4
BRDA:194,28,0,6
BRDA:194,28,1,4
BRDA:210,29,0,0
BRDA:210,29,1,2
BRDA:257,30,0,0
BRDA:257,30,1,1
BRDA:258,31,0,0
BRDA:258,31,1,1
BRDA:259,32,0,0
BRDA:259,32,1,1
BRDA:288,33,0,1
BRDA:288,33,1,0
BRF:69
BRH:43
end_of_record
TN:
SF:src/routes/admin/maintenance.js
FN:17,(anonymous_0)
FN:53,(anonymous_1)
FNF:2
FNH:1
FNDA:0,(anonymous_0)
FNDA:1,(anonymous_1)
DA:1,20
DA:2,20
DA:3,20
DA:4,20
DA:5,20
DA:6,20
DA:8,20
DA:10,20
DA:17,20
DA:18,0
DA:19,0
DA:20,0
DA:22,0
DA:23,0
DA:37,0
DA:47,0
DA:48,0
DA:53,20
DA:54,1
DA:55,1
DA:56,1
DA:61,0
DA:62,0
DA:66,20
LF:24
LH:14
BRDA:19,0,0,0
BRDA:19,0,1,0
BRDA:30,1,0,0
BRDA:30,1,1,0
BRDA:31,2,0,0
BRDA:31,2,1,0
BRDA:58,3,0,1
BRDA:58,3,1,1
BRF:8
BRH:2
end_of_record
TN:
SF:src/routes/admin/monitoring.js
FN:15,(anonymous_0)
FNF:1
FNH:1
FNDA:2,(anonymous_0)
DA:1,20
DA:2,20
DA:3,20
DA:4,20
DA:5,20
DA:6,20
DA:7,20
DA:9,20
DA:15,20
DA:16,2
DA:17,2
DA:18,2
DA:19,2
DA:21,2
DA:26,2
DA:33,0
DA:38,0
DA:42,20
LF:18
LH:16
BRF:0
BRH:0
end_of_record
TN:
SF:src/routes/admin/tamperIncidents.js
FN:12,(anonymous_0)
FN:24,(anonymous_1)
FN:48,(anonymous_2)
FN:67,logAdminAction
FN:84,(anonymous_4)
FN:115,(anonymous_5)
FN:146,(anonymous_6)
FNF:7
FNH:5
FNDA:1,(anonymous_0)
FNDA:0,(anonymous_1)
FNDA:1,(anonymous_2)
FNDA:0,logAdminAction
FNDA:1,(anonymous_4)
FNDA:1,(anonymous_5)
FNDA:1,(anonymous_6)
DA:1,20
DA:2,20
DA:3,20
DA:4,20
DA:5,20
DA:6,20
DA:7,20
DA:9,20
DA:12,20
DA:13,1
DA:14,1
DA:15,1
DA:16,1
DA:17,1
DA:19,1
DA:24,1
DA:40,1
DA:42,0
DA:43,0
DA:48,20
DA:49,1
DA:50,1
DA:57,1
DA:62,0
DA:63,0
DA:68,0
DA:69,0
DA:79,0
DA:84,20
DA:85,1
DA:86,1
DA:87,1
DA:88,1
DA:90,0
DA:95,0
DA:96,0
DA:99,0
DA:101,0
DA:102,0
DA:105,0
DA:107,0
DA:109,0
DA:110,0
DA:115,20
DA:116,1
DA:117,1
DA:118,1
DA:119,1
DA:121,0
DA:123,0
DA:132,0
DA:133,0
DA:136,0
DA:138,0
DA:140,0
DA:141,0
DA:146,20
DA:147,1
DA:148,1
DA:149,1
DA:150,1
DA:152,0
DA:154,0
DA:166,0
DA:167,0
DA:170,0
DA:172,0
DA:174,0
DA:175,0
DA:179,20
LF:70
LH:37
BRDA:14,0,0,1
BRDA:16,1,0,0
BRDA:16,1,1,1
BRDA:17,2,0,0
BRDA:17,2,1,1
BRDA:21,3,0,1
BRDA:21,3,1,0
BRDA:31,4,0,0
BRDA:31,4,1,0
BRDA:32,5,0,0
BRDA:32,5,1,0
BRDA:67,6,0,0
BRDA:87,7,0,1
BRDA:87,7,1,0
BRDA:95,8,0,0
BRDA:95,8,1,0
BRDA:101,9,0,0
BRDA:101,9,1,0
BRDA:118,10,0,1
BRDA:118,10,1,0
BRDA:121,11,0,0
BRDA:121,12,0,0
BRDA:121,12,1,0
BRDA:127,13,0,0
BRDA:127,13,1,0
BRDA:132,14,0,0
BRDA:132,14,1,0
BRDA:149,15,0,1
BRDA:149,15,1,0
BRDA:152,16,0,0
BRDA:152,17,0,0
BRDA:152,18,0,0
BRDA:152,18,1,0
BRDA:166,19,0,0
BRDA:166,19,1,0
BRF:35
BRH:7
end_of_record
TN:
SF:src/routes/auth/adminDeletion.js
FN:39,(anonymous_0)
FN:139,(anonymous_1)
FN:147,(anonymous_2)
FN:168,(anonymous_3)
FNF:4
FNH:2
FNDA:1,(anonymous_0)
FNDA:2,(anonymous_1)
FNDA:0,(anonymous_2)
FNDA:0,(anonymous_3)
DA:1,20
DA:2,20
DA:3,20
DA:4,20
DA:5,20
DA:6,20
DA:7,20
DA:8,20
DA:9,20
DA:10,20
DA:11,20
DA:12,20
DA:13,20
DA:14,20
DA:15,20
DA:17,20
DA:19,20
DA:26,20
DA:39,20
DA:40,1
DA:41,1
DA:42,1
DA:43,1
DA:44,1
DA:46,1
DA:47,0
DA:50,1
DA:51,1
DA:54,1
DA:55,1
DA:56,1
DA:60,0
DA:61,0
DA:62,0
DA:66,0
DA:67,0
DA:70,0
DA:73,0
DA:76,0
DA:77,0
DA:81,0
DA:86,0
DA:87,0
DA:91,0
DA:107,0
DA:123,0
DA:132,0
DA:133,0
DA:139,20
DA:140,2
DA:141,2
DA:146,2
DA:147,0
DA:161,0
DA:162,0
DA:168,20
DA:169,0
DA:170,0
DA:171,0
DA:172,0
DA:173,0
DA:176,0
DA:177,0
DA:179,0
DA:180,0
DA:181,0
DA:185,0
DA:188,0
DA:189,0
DA:192,0
DA:193,0
DA:197,0
DA:198,0
DA:201,0
DA:203,0
DA:205,0
DA:206,0
DA:207,0
DA:208,0
DA:209,0
DA:212,0
DA:213,0
DA:214,0
DA:215,0
DA:216,0
DA:217,0
DA:220,0
DA:235,0
DA:241,0
DA:242,0
DA:245,0
DA:246,0
DA:247,0
DA:248,0
DA:249,0
DA:250,0
DA:253,0
DA:269,0
DA:275,0
DA:276,0
DA:280,20
LF:101
LH:36
BRDA:42,0,0,1
BRDA:42,0,1,0
BRDA:42,0,2,0
BRDA:42,0,3,0
BRDA:43,1,0,1
BRDA:43,1,1,1
BRDA:44,2,0,1
BRDA:44,2,1,0
BRDA:46,3,0,0
BRDA:46,3,1,1
BRDA:51,4,0,0
BRDA:51,4,1,1
BRDA:55,5,0,1
BRDA:55,5,1,0
BRDA:61,6,0,0
BRDA:61,6,1,0
BRDA:76,7,0,0
BRDA:76,7,1,0
BRDA:86,8,0,0
BRDA:86,8,1,0
BRDA:129,9,0,0
BRDA:129,9,1,0
BRDA:171,10,0,0
BRDA:171,10,1,0
BRDA:172,11,0,0
BRDA:172,11,1,0
BRDA:172,11,2,0
BRDA:172,11,3,0
BRDA:173,12,0,0
BRDA:173,12,1,0
BRDA:177,13,0,0
BRDA:177,13,1,0
BRDA:180,14,0,0
BRDA:180,14,1,0
BRDA:188,15,0,0
BRDA:188,15,1,0
BRDA:192,16,0,0
BRDA:192,16,1,0
BRDA:197,17,0,0
BRDA:197,17,1,0
BRDA:203,18,0,0
BRDA:203,18,1,0
BRDA:216,19,0,0
BRDA:216,19,1,0
BRDA:241,20,0,0
BRDA:241,20,1,0
BRF:46
BRH:7
end_of_record
TN:
SF:src/routes/auth/adminUsers.js
FN:59,generateTempPassword
FN:67,pick
FN:74,(anonymous_2)
FN:86,sanitizeNameField
FN:96,(anonymous_4)
FN:269,(anonymous_5)
FN:318,(anonymous_6)
FNF:7
FNH:6
FNDA:1,generateTempPassword
FNDA:14,pick
FNDA:10,(anonymous_2)
FNDA:1,sanitizeNameField
FNDA:1,(anonymous_4)
FNDA:1,(anonymous_5)
FNDA:0,(anonymous_6)
DA:1,20
DA:2,20
DA:3,20
DA:4,20
DA:5,20
DA:6,20
DA:7,20
DA:8,20
DA:9,20
DA:10,20
DA:11,20
DA:12,20
DA:13,20
DA:14,20
DA:16,20
DA:19,20
DA:41,20
DA:43,20
DA:54,20
DA:60,1
DA:61,1
DA:62,1
DA:63,1
DA:64,1
DA:65,1
DA:68,14
DA:69,14
DA:72,1
DA:73,1
DA:74,10
DA:75,1
DA:78,1
DA:79,13
DA:80,13
DA:83,1
DA:87,1
DA:88,1
DA:91,20
DA:97,1
DA:98,1
DA:99,1
DA:109,1
DA:111,1
DA:112,1
DA:114,1
DA:115,1
DA:116,0
DA:119,1
DA:121,1
DA:122,1
DA:123,1
DA:124,1
DA:125,1
DA:129,1
DA:130,0
DA:131,0
DA:132,0
DA:133,0
DA:137,1
DA:138,0
DA:139,0
DA:140,0
DA:141,0
DA:145,1
DA:146,0
DA:147,0
DA:148,0
DA:149,0
DA:150,0
DA:151,0
DA:153,0
DA:154,0
DA:156,0
DA:157,0
DA:158,0
DA:159,0
DA:160,0
DA:161,0
DA:162,0
DA:163,0
DA:164,0
DA:165,0
DA:169,1
DA:170,1
DA:171,1
DA:172,1
DA:173,1
DA:177,1
DA:178,0
DA:179,0
DA:180,0
DA:182,0
DA:183,0
DA:184,0
DA:188,1
DA:189,1
DA:190,1
DA:191,1
DA:192,1
DA:193,1
DA:195,1
DA:196,1
DA:201,1
DA:202,0
DA:217,1
DA:219,1
DA:220,1
DA:221,1
DA:224,1
DA:225,3
DA:241,1
DA:258,0
DA:259,0
DA:264,20
DA:270,1
DA:271,1
DA:272,1
DA:273,1
DA:275,1
DA:276,1
DA:278,1
DA:279,1
DA:280,0
DA:283,1
DA:284,1
DA:285,1
DA:286,0
DA:290,1
DA:291,1
DA:292,1
DA:294,1
DA:295,1
DA:296,1
DA:297,1
DA:298,1
DA:299,1
DA:300,1
DA:301,1
DA:302,1
DA:303,1
DA:304,1
DA:305,1
DA:306,1
DA:308,1
DA:311,1
DA:312,1
DA:319,0
DA:322,1
DA:323,1
DA:324,1
DA:326,1
DA:344,1
DA:359,0
DA:360,0
DA:365,20
LF:155
LH:114
BRDA:59,0,0,0
BRDA:60,1,0,1
BRDA:60,1,1,0
BRDA:87,2,0,1
BRDA:87,2,1,0
BRDA:88,3,0,1
BRDA:88,3,1,0
BRDA:109,4,0,1
BRDA:109,4,1,0
BRDA:112,5,0,0
BRDA:112,5,1,1
BRDA:114,6,0,1
BRDA:114,6,1,0
BRDA:115,7,0,0
BRDA:115,7,1,1
BRDA:121,8,0,1
BRDA:121,8,1,0
BRDA:123,9,0,1
BRDA:123,9,1,0
BRDA:123,10,0,1
BRDA:123,10,1,1
BRDA:124,11,0,1
BRDA:124,11,1,0
BRDA:129,12,0,0
BRDA:129,12,1,1
BRDA:131,13,0,0
BRDA:131,13,1,0
BRDA:131,14,0,0
BRDA:131,14,1,0
BRDA:132,15,0,0
BRDA:132,15,1,0
BRDA:137,16,0,0
BRDA:137,16,1,1
BRDA:138,17,0,0
BRDA:138,17,1,0
BRDA:139,18,0,0
BRDA:139,18,1,0
BRDA:140,19,0,0
BRDA:140,19,1,0
BRDA:141,20,0,0
BRDA:141,20,1,0
BRDA:145,21,0,0
BRDA:145,21,1,1
BRDA:146,22,0,0
BRDA:146,22,1,0
BRDA:147,23,0,0
BRDA:147,23,1,0
BRDA:148,24,0,0
BRDA:148,24,1,0
BRDA:150,25,0,0
BRDA:150,25,1,0
BRDA:150,26,0,0
BRDA:150,26,1,0
BRDA:153,27,0,0
BRDA:153,27,1,0
BRDA:164,28,0,0
BRDA:164,28,1,0
BRDA:169,29,0,1
BRDA:169,29,1,0
BRDA:170,30,0,1
BRDA:170,30,1,0
BRDA:171,31,0,1
BRDA:171,31,1,0
BRDA:172,32,0,1
BRDA:172,32,1,0
BRDA:177,33,0,0
BRDA:177,33,1,1
BRDA:179,34,0,0
BRDA:179,34,1,0
BRDA:179,35,0,0
BRDA:179,35,1,0
BRDA:182,36,0,0
BRDA:182,36,1,0
BRDA:182,37,0,0
BRDA:182,37,1,0
BRDA:188,38,0,1
BRDA:188,38,1,0
BRDA:191,39,0,1
BRDA:191,39,1,0
BRDA:195,40,0,1
BRDA:195,40,1,0
BRDA:196,41,0,1
BRDA:196,41,1,1
BRDA:201,42,0,0
BRDA:201,42,1,1
BRDA:209,43,0,0
BRDA:209,43,1,0
BRDA:213,44,0,0
BRDA:213,44,1,0
BRDA:219,45,0,1
BRDA:219,45,1,0
BRDA:220,46,0,1
BRDA:220,46,1,0
BRDA:220,46,2,0
BRDA:220,46,3,0
BRDA:221,47,0,1
BRDA:221,47,1,1
BRDA:250,48,0,1
BRDA:250,48,1,0
BRDA:254,49,0,1
BRDA:254,49,1,0
BRDA:273,50,0,1
BRDA:273,50,1,0
BRDA:276,51,0,0
BRDA:276,51,1,1
BRDA:278,52,0,1
BRDA:278,52,1,0
BRDA:279,53,0,0
BRDA:279,53,1,1
BRDA:283,54,0,1
BRDA:283,54,1,1
BRDA:285,55,0,0
BRDA:285,55,1,1
BRDA:290,56,0,1
BRDA:290,56,1,0
BRDA:292,57,0,1
BRDA:292,57,1,0
BRDA:296,58,0,1
BRDA:296,58,1,0
BRDA:311,59,0,1
BRDA:311,59,1,0
BRDA:311,59,2,0
BRDA:316,60,0,1
BRDA:316,60,1,0
BRDA:322,61,0,1
BRDA:322,61,1,0
BRDA:323,62,0,1
BRDA:323,62,1,0
BRDA:323,62,2,0
BRDA:323,62,3,0
BRDA:324,63,0,1
BRDA:324,63,1,1
BRDA:350,64,0,1
BRDA:350,64,1,0
BRDA:351,65,0,1
BRDA:351,65,1,0
BRF:136
BRH:50
end_of_record
TN:
SF:src/routes/auth/audit.js
FN:18,maskAuditLogData
FN:42,logAuditView
FN:60,(anonymous_2)
FN:120,(anonymous_3)
FN:155,(anonymous_4)
FN:175,(anonymous_5)
FN:213,(anonymous_6)
FN:246,(anonymous_7)
FN:293,(anonymous_8)
FN:330,(anonymous_9)
FN:349,(anonymous_10)
FN:356,(anonymous_11)
FN:370,(anonymous_12)
FN:370,(anonymous_13)
FN:384,(anonymous_14)
FN:406,(anonymous_15)
FNF:16
FNH:12
FNDA:24,maskAuditLogData
FNDA:0,logAuditView
FNDA:13,(anonymous_2)
FNDA:18,(anonymous_3)
FNDA:0,(anonymous_4)
FNDA:3,(anonymous_5)
FNDA:0,(anonymous_6)
FNDA:2,(anonymous_7)
FNDA:5,(anonymous_8)
FNDA:4,(anonymous_9)
FNDA:0,(anonymous_10)
FNDA:1,(anonymous_11)
FNDA:1,(anonymous_12)
FNDA:9,(anonymous_13)
FNDA:3,(anonymous_14)
FNDA:2,(anonymous_15)
DA:1,20
DA:2,20
DA:3,20
DA:4,20
DA:5,20
DA:6,20
DA:7,20
DA:8,20
DA:9,20
DA:10,20
DA:11,20
DA:13,20
DA:19,24
DA:22,24
DA:23,4
DA:24,4
DA:28,24
DA:29,13
DA:30,13
DA:31,0
DA:33,13
DA:36,24
DA:43,0
DA:44,0
DA:53,0
DA:60,20
DA:61,13
DA:62,13
DA:63,13
DA:66,13
DA:67,13
DA:69,13
DA:70,1
DA:73,12
DA:74,0
DA:78,12
DA:81,12
DA:82,1
DA:83,11
DA:85,2
DA:89,10
DA:90,10
DA:91,0
DA:95,10
DA:96,10
DA:97,10
DA:98,10
DA:99,10
DA:102,10
DA:103,10
DA:104,2
DA:106,10
DA:107,1
DA:108,1
DA:109,1
DA:113,10
DA:120,10
DA:121,18
DA:122,18
DA:137,10
DA:140,10
DA:141,10
DA:142,10
DA:156,0
DA:159,10
DA:168,0
DA:169,0
DA:175,20
DA:176,3
DA:177,3
DA:178,3
DA:179,3
DA:182,3
DA:183,1
DA:186,2
DA:187,2
DA:188,0
DA:192,2
DA:193,2
DA:195,2
DA:196,0
DA:200,2
DA:203,2
DA:204,2
DA:205,2
DA:206,2
DA:214,0
DA:218,0
DA:221,2
DA:239,0
DA:240,0
DA:246,20
DA:247,2
DA:248,2
DA:249,2
DA:250,2
DA:253,2
DA:254,1
DA:257,1
DA:258,1
DA:259,0
DA:263,1
DA:264,1
DA:266,1
DA:267,0
DA:271,1
DA:273,1
DA:278,0
DA:279,0
DA:285,20
DA:293,20
DA:294,5
DA:295,5
DA:296,5
DA:297,5
DA:300,5
DA:301,5
DA:302,0
DA:303,5
DA:304,0
DA:308,5
DA:309,5
DA:310,0
DA:314,5
DA:315,5
DA:316,1
DA:318,5
DA:319,0
DA:320,0
DA:321,0
DA:325,5
DA:330,5
DA:333,5
DA:334,5
DA:335,5
DA:350,0
DA:353,5
DA:355,1
DA:356,1
DA:368,1
DA:370,9
DA:373,1
DA:374,1
DA:375,1
DA:378,4
DA:379,4
DA:380,4
DA:384,3
DA:399,0
DA:400,0
DA:406,20
DA:407,2
DA:408,2
DA:410,2
DA:415,0
DA:416,0
DA:420,20
LF:157
LH:127
BRDA:22,0,0,4
BRDA:22,0,1,20
BRDA:28,1,0,13
BRDA:28,1,1,11
BRDA:30,2,0,0
BRDA:30,2,1,13
BRDA:42,3,0,0
BRDA:69,4,0,1
BRDA:69,4,1,12
BRDA:69,5,0,13
BRDA:69,5,1,3
BRDA:73,6,0,0
BRDA:73,6,1,12
BRDA:73,7,0,12
BRDA:73,7,1,3
BRDA:81,8,0,1
BRDA:81,8,1,11
BRDA:81,9,0,12
BRDA:81,9,1,3
BRDA:83,10,0,2
BRDA:83,10,1,9
BRDA:83,11,0,11
BRDA:83,11,1,2
BRDA:90,12,0,0
BRDA:90,12,1,10
BRDA:95,13,0,10
BRDA:95,13,1,8
BRDA:96,14,0,10
BRDA:96,14,1,10
BRDA:98,15,0,1
BRDA:98,15,1,9
BRDA:99,16,0,1
BRDA:99,16,1,9
BRDA:103,17,0,2
BRDA:103,17,1,8
BRDA:106,18,0,1
BRDA:106,18,1,9
BRDA:106,19,0,10
BRDA:106,19,1,9
BRDA:108,20,0,1
BRDA:108,20,1,0
BRDA:109,21,0,1
BRDA:109,21,1,0
BRDA:140,22,0,10
BRDA:140,22,1,0
BRDA:140,22,2,0
BRDA:140,22,3,0
BRDA:141,23,0,10
BRDA:141,23,1,9
BRDA:182,24,0,1
BRDA:182,24,1,2
BRDA:182,25,0,3
BRDA:182,25,1,3
BRDA:187,26,0,0
BRDA:187,26,1,2
BRDA:195,27,0,0
BRDA:195,27,1,2
BRDA:195,28,0,2
BRDA:195,28,1,0
BRDA:204,29,0,2
BRDA:204,29,1,0
BRDA:204,29,2,0
BRDA:204,29,3,0
BRDA:205,30,0,2
BRDA:205,30,1,2
BRDA:253,31,0,1
BRDA:253,31,1,1
BRDA:253,32,0,2
BRDA:253,32,1,2
BRDA:258,33,0,0
BRDA:258,33,1,1
BRDA:266,34,0,0
BRDA:266,34,1,1
BRDA:266,35,0,1
BRDA:266,35,1,0
BRDA:297,36,0,1
BRDA:297,37,0,5
BRDA:297,37,1,0
BRDA:301,38,0,0
BRDA:301,38,1,5
BRDA:301,39,0,5
BRDA:301,39,1,0
BRDA:303,40,0,0
BRDA:303,40,1,5
BRDA:303,41,0,5
BRDA:303,41,1,0
BRDA:309,42,0,0
BRDA:309,42,1,5
BRDA:315,43,0,1
BRDA:315,43,1,4
BRDA:318,44,0,0
BRDA:318,44,1,5
BRDA:318,45,0,5
BRDA:318,45,1,5
BRDA:320,46,0,0
BRDA:320,46,1,0
BRDA:321,47,0,0
BRDA:321,47,1,0
BRDA:333,48,0,5
BRDA:333,48,1,0
BRDA:333,48,2,0
BRDA:333,48,3,0
BRDA:334,49,0,5
BRDA:334,49,1,5
BRDA:353,50,0,1
BRDA:353,50,1,4
BRDA:358,51,0,1
BRDA:358,51,1,0
BRDA:359,52,0,1
BRDA:359,52,1,0
BRDA:360,53,0,1
BRDA:360,53,1,0
BRDA:361,54,0,1
BRDA:361,54,1,0
BRDA:362,55,0,1
BRDA:362,55,1,0
BRDA:363,56,0,1
BRDA:363,56,1,0
BRDA:364,57,0,0
BRDA:364,57,1,1
BRDA:365,58,0,1
BRDA:365,58,1,1
BRF:122
BRH:83
end_of_record
TN:
SF:src/routes/auth/deleteAccount.js
FN:58,(anonymous_0)
FN:93,(anonymous_1)
FN:144,(anonymous_2)
FN:178,(anonymous_3)
FN:293,(anonymous_4)
FNF:5
FNH:4
FNDA:1,(anonymous_0)
FNDA:1,(anonymous_1)
FNDA:0,(anonymous_2)
FNDA:1,(anonymous_3)
FNDA:1,(anonymous_4)
DA:1,20
DA:2,20
DA:3,20
DA:4,20
DA:5,20
DA:6,20
DA:7,20
DA:8,20
DA:9,20
DA:10,20
DA:11,20
DA:12,20
DA:13,20
DA:14,20
DA:15,20
DA:16,20
DA:17,20
DA:19,20
DA:21,20
DA:25,20
DA:30,20
DA:38,20
DA:42,20
DA:49,20
DA:58,20
DA:59,1
DA:60,1
DA:63,1
DA:64,1
DA:66,1
DA:67,1
DA:68,1
DA:70,0
DA:72,1
DA:74,1
DA:75,1
DA:77,0
DA:78,0
DA:80,0
DA:81,0
DA:84,0
DA:86,0
DA:87,0
DA:93,20
DA:94,1
DA:95,1
DA:99,1
DA:100,1
DA:102,1
DA:103,1
DA:104,1
DA:105,1
DA:107,0
DA:110,1
DA:111,0
DA:113,1
DA:114,0
DA:116,1
DA:118,1
DA:119,1
DA:120,1
DA:121,1
DA:122,1
DA:123,1
DA:129,0
DA:132,1
DA:133,1
DA:134,1
DA:135,1
DA:137,0
DA:138,0
DA:144,20
DA:145,0
DA:146,0
DA:147,0
DA:148,0
DA:149,0
DA:150,0
DA:151,0
DA:152,0
DA:153,0
DA:154,0
DA:155,0
DA:156,0
DA:157,0
DA:158,0
DA:160,0
DA:161,0
DA:162,0
DA:163,0
DA:164,0
DA:165,0
DA:166,0
DA:167,0
DA:168,0
DA:171,0
DA:172,0
DA:178,20
DA:179,1
DA:180,1
DA:181,1
DA:182,1
DA:183,1
DA:186,1
DA:187,0
DA:190,1
DA:191,1
DA:192,1
DA:193,1
DA:194,1
DA:196,0
DA:197,0
DA:199,1
DA:200,0
DA:203,1
DA:204,1
DA:207,1
DA:208,1
DA:209,0
DA:213,1
DA:214,1
DA:217,1
DA:220,1
DA:221,0
DA:222,0
DA:226,1
DA:227,1
DA:229,1
DA:230,1
DA:231,1
DA:232,1
DA:233,1
DA:234,1
DA:235,1
DA:236,1
DA:239,1
DA:240,1
DA:257,1
DA:258,0
DA:260,1
DA:276,1
DA:283,0
DA:284,0
DA:290,20
DA:293,20
DA:294,1
DA:295,1
DA:296,1
DA:297,1
DA:299,1
DA:302,1
DA:303,0
DA:308,0
DA:309,0
DA:313,0
DA:314,0
DA:318,1
DA:319,1
DA:321,1
DA:322,1
DA:324,0
DA:328,1
DA:330,1
DA:331,1
DA:335,0
DA:336,0
DA:337,0
DA:338,0
DA:339,0
DA:340,0
DA:343,0
DA:344,0
DA:358,0
DA:372,0
DA:374,0
DA:375,0
DA:379,20
LF:177
LH:110
BRDA:60,0,0,1
BRDA:60,0,1,0
BRDA:64,1,0,0
BRDA:64,1,1,1
BRDA:72,2,0,0
BRDA:72,2,1,1
BRDA:74,3,0,1
BRDA:74,3,1,0
BRDA:74,4,0,1
BRDA:74,4,1,0
BRDA:75,5,0,1
BRDA:75,5,1,0
BRDA:95,6,0,1
BRDA:95,6,1,0
BRDA:103,7,0,1
BRDA:103,7,1,0
BRDA:110,8,0,0
BRDA:110,8,1,1
BRDA:110,9,0,1
BRDA:110,9,1,0
BRDA:113,10,0,0
BRDA:113,10,1,1
BRDA:113,11,0,1
BRDA:113,11,1,0
BRDA:116,12,0,0
BRDA:116,12,1,1
BRDA:121,13,0,1
BRDA:121,13,1,1
BRDA:122,14,0,1
BRDA:122,14,1,0
BRDA:134,15,0,1
BRDA:134,15,1,0
BRDA:146,16,0,0
BRDA:146,16,1,0
BRDA:148,17,0,0
BRDA:148,17,1,0
BRDA:149,18,0,0
BRDA:149,18,1,0
BRDA:151,19,0,0
BRDA:151,19,1,0
BRDA:152,20,0,0
BRDA:152,20,1,0
BRDA:153,21,0,0
BRDA:153,21,1,0
BRDA:161,22,0,0
BRDA:161,22,1,0
BRDA:162,23,0,0
BRDA:162,23,1,0
BRDA:163,24,0,0
BRDA:163,24,1,0
BRDA:180,25,0,1
BRDA:180,25,1,0
BRDA:182,26,0,1
BRDA:182,26,1,0
BRDA:182,26,2,0
BRDA:182,26,3,0
BRDA:183,27,0,1
BRDA:183,27,1,1
BRDA:186,28,0,0
BRDA:186,28,1,1
BRDA:190,29,0,1
BRDA:190,29,1,1
BRDA:192,30,0,1
BRDA:192,30,1,0
BRDA:194,31,0,1
BRDA:194,31,1,1
BRDA:194,31,2,1
BRDA:197,32,0,0
BRDA:197,32,1,0
BRDA:197,32,2,0
BRDA:199,33,0,0
BRDA:199,33,1,1
BRDA:204,34,0,0
BRDA:204,34,1,1
BRDA:208,35,0,0
BRDA:208,35,1,1
BRDA:220,36,0,0
BRDA:220,36,1,1
BRDA:239,37,0,1
BRDA:239,37,1,0
BRDA:257,38,0,1
BRDA:257,38,1,0
BRDA:262,39,0,1
BRDA:262,39,1,0
BRDA:280,40,0,0
BRDA:280,40,1,1
BRDA:295,41,0,1
BRDA:295,41,1,0
BRDA:296,42,0,1
BRDA:296,42,1,0
BRDA:296,42,2,0
BRDA:296,42,3,0
BRDA:297,43,0,1
BRDA:297,43,1,1
BRDA:302,44,0,0
BRDA:302,44,1,1
BRDA:308,45,0,0
BRDA:308,45,1,0
BRDA:313,46,0,0
BRDA:313,46,1,0
BRDA:313,47,0,0
BRDA:313,47,1,0
BRDA:319,48,0,0
BRDA:319,48,1,1
BRDA:328,49,0,0
BRDA:328,49,1,1
BRDA:330,50,0,1
BRDA:330,50,1,0
BRDA:343,51,0,0
BRDA:343,51,1,0
BRDA:354,52,0,0
BRDA:354,52,1,0
BRDA:360,53,0,0
BRDA:360,53,1,0
BRF:114
BRH:44
end_of_record
TN:
SF:src/routes/auth/index.js
FNF:0
FNH:0
DA:1,20
DA:3,20
DA:4,20
DA:5,20
DA:6,20
DA:7,20
DA:8,20
DA:9,20
DA:10,20
DA:11,20
DA:12,20
DA:13,20
DA:14,20
DA:15,20
DA:16,20
DA:18,20
DA:21,20
DA:22,20
DA:23,20
DA:24,20
DA:25,20
DA:26,20
DA:27,20
DA:28,20
DA:29,20
DA:30,20
DA:31,20
DA:32,20
DA:33,20
DA:34,20
DA:36,20
LF:31
LH:31
BRF:0
BRH:0
end_of_record
TN:
SF:src/routes/auth/login.js
FN:24,displayPhoneNumber
FN:30,normalizeLoginIdentifier
FN:34,isEmailIdentifier
FN:39,findUserByIdentifier
FN:90,(anonymous_4)
FN:110,createSessionForUser
FN:115,(anonymous_6)
FN:138,(anonymous_7)
FN:399,(anonymous_8)
FN:469,(anonymous_9)
FN:596,(anonymous_10)
FN:636,(anonymous_11)
FN:698,(anonymous_12)
FN:787,(anonymous_13)
FNF:14
FNH:7
FNDA:0,displayPhoneNumber
FNDA:31,normalizeLoginIdentifier
FNDA:4,isEmailIdentifier
FNDA:4,findUserByIdentifier
FNDA:62,(anonymous_4)
FNDA:0,createSessionForUser
FNDA:0,(anonymous_6)
FNDA:23,(anonymous_7)
FNDA:12,(anonymous_8)
FNDA:4,(anonymous_9)
FNDA:0,(anonymous_10)
FNDA:0,(anonymous_11)
FNDA:0,(anonymous_12)
FNDA:0,(anonymous_13)
DA:1,20
DA:2,20
DA:3,20
DA:4,20
DA:5,20
DA:6,20
DA:7,20
DA:8,20
DA:9,20
DA:10,20
DA:11,20
DA:12,20
DA:13,20
DA:14,20
DA:15,20
DA:16,20
DA:17,20
DA:18,20
DA:19,20
DA:20,20
DA:22,20
DA:25,0
DA:26,0
DA:27,0
DA:31,31
DA:35,4
DA:36,4
DA:40,4
DA:41,4
DA:42,4
DA:43,4
DA:44,4
DA:45,4
DA:46,4
DA:47,4
DA:50,20
DA:59,20
DA:70,20
DA:75,20
DA:84,20
DA:89,20
DA:90,62
DA:92,20
DA:101,20
DA:111,0
DA:112,0
DA:113,0
DA:114,0
DA:115,0
DA:116,0
DA:117,0
DA:119,0
DA:120,0
DA:121,0
DA:131,0
DA:138,20
DA:139,23
DA:140,23
DA:141,23
DA:144,23
DA:147,23
DA:148,0
DA:149,0
DA:150,0
DA:151,0
DA:152,0
DA:161,0
DA:166,23
DA:167,23
DA:169,0
DA:170,0
DA:171,0
DA:172,0
DA:173,0
DA:176,23
DA:177,23
DA:180,23
DA:182,0
DA:183,0
DA:184,0
DA:186,23
DA:187,23
DA:188,23
DA:189,23
DA:191,0
DA:192,0
DA:193,0
DA:195,0
DA:196,0
DA:197,0
DA:198,0
DA:203,23
DA:205,7
DA:206,7
DA:207,7
DA:210,16
DA:213,16
DA:214,0
DA:215,0
DA:216,0
DA:217,0
DA:220,0
DA:221,0
DA:222,0
DA:228,16
DA:229,16
DA:230,0
DA:232,16
DA:233,16
DA:234,16
DA:237,16
DA:239,16
DA:240,16
DA:241,2
DA:251,14
DA:252,0
DA:253,0
DA:254,0
DA:255,0
DA:256,0
DA:260,0
DA:262,0
DA:263,0
DA:264,0
DA:287,0
DA:293,14
DA:294,14
DA:295,14
DA:296,14
DA:297,14
DA:302,14
DA:303,14
DA:305,14
DA:306,14
DA:308,14
DA:309,14
DA:310,14
DA:316,0
DA:320,14
DA:321,14
DA:322,14
DA:323,14
DA:324,12
DA:326,14
DA:327,14
DA:330,14
DA:332,14
DA:339,14
DA:342,0
DA:347,0
DA:348,0
DA:350,0
DA:352,14
DA:354,12
DA:355,12
DA:356,0
DA:358,2
DA:361,2
DA:362,0
DA:365,0
DA:366,0
DA:367,0
DA:370,0
DA:374,14
DA:375,14
DA:376,14
DA:377,14
DA:378,14
DA:380,14
DA:383,14
DA:384,0
DA:385,0
DA:386,0
DA:389,14
DA:390,14
DA:392,0
DA:393,0
DA:399,20
DA:400,12
DA:401,12
DA:402,12
DA:403,12
DA:404,12
DA:406,12
DA:407,12
DA:409,0
DA:412,12
DA:415,12
DA:416,12
DA:417,12
DA:418,12
DA:420,0
DA:428,12
DA:429,12
DA:431,12
DA:432,12
DA:437,0
DA:438,0
DA:439,0
DA:442,12
DA:444,12
DA:447,12
DA:448,12
DA:449,0
DA:450,0
DA:452,12
DA:453,0
DA:456,0
DA:457,0
DA:460,12
DA:462,0
DA:463,0
DA:469,20
DA:470,4
DA:471,4
DA:472,4
DA:473,4
DA:474,4
DA:475,4
DA:476,4
DA:477,4
DA:478,4
DA:479,4
DA:480,2
DA:481,2
DA:483,2
DA:484,2
DA:485,2
DA:488,0
DA:489,0
DA:490,0
DA:491,0
DA:493,0
DA:494,0
DA:495,0
DA:501,0
DA:502,0
DA:505,0
DA:506,0
DA:507,0
DA:508,0
DA:509,0
DA:510,0
DA:511,0
DA:512,0
DA:515,0
DA:517,0
DA:519,0
DA:523,0
DA:524,0
DA:525,0
DA:526,0
DA:527,0
DA:530,0
DA:531,0
DA:532,0
DA:537,0
DA:538,0
DA:539,0
DA:544,0
DA:547,0
DA:548,0
DA:549,0
DA:550,0
DA:551,0
DA:560,0
DA:580,0
DA:581,0
DA:582,0
DA:583,0
DA:586,0
DA:587,0
DA:588,0
DA:589,0
DA:590,0
DA:593,0
DA:596,0
DA:597,0
DA:598,0
DA:601,0
DA:602,0
DA:604,0
DA:615,0
DA:620,0
DA:621,0
DA:623,0
DA:625,0
DA:626,0
DA:627,0
DA:628,0
DA:630,0
DA:631,0
DA:636,20
DA:637,0
DA:638,0
DA:639,0
DA:640,0
DA:641,0
DA:645,0
DA:646,0
DA:647,0
DA:655,0
DA:656,0
DA:659,0
DA:660,0
DA:661,0
DA:662,0
DA:664,0
DA:665,0
DA:666,0
DA:668,0
DA:670,0
DA:671,0
DA:672,0
DA:676,0
DA:677,0
DA:678,0
DA:679,0
DA:680,0
DA:681,0
DA:682,0
DA:683,0
DA:684,0
DA:685,0
DA:688,0
DA:689,0
DA:690,0
DA:691,0
DA:692,0
DA:695,0
DA:698,0
DA:699,0
DA:700,0
DA:704,0
DA:705,0
DA:706,0
DA:708,0
DA:709,0
DA:710,0
DA:715,0
DA:716,0
DA:717,0
DA:719,0
DA:720,0
DA:722,0
DA:734,0
DA:738,0
DA:739,0
DA:740,0
DA:742,0
DA:743,0
DA:744,0
DA:749,0
DA:750,0
DA:751,0
DA:754,0
DA:773,0
DA:774,0
DA:775,0
DA:776,0
DA:778,0
DA:780,0
DA:781,0
DA:787,20
DA:788,0
DA:789,0
DA:790,0
DA:791,0
DA:794,0
DA:795,0
DA:796,0
DA:797,0
DA:798,0
DA:799,0
DA:800,0
DA:801,0
DA:804,0
DA:805,0
DA:809,0
DA:811,0
DA:812,0
DA:814,0
DA:816,0
DA:817,0
DA:818,0
DA:819,0
DA:822,0
DA:823,0
DA:837,0
DA:840,0
DA:841,0
DA:842,0
DA:844,0
DA:845,0
DA:846,0
DA:848,0
DA:849,0
DA:854,0
DA:855,0
DA:856,0
DA:858,0
DA:859,0
DA:860,0
DA:865,0
DA:866,0
DA:867,0
DA:869,0
DA:886,0
DA:887,0
DA:888,0
DA:889,0
DA:892,0
DA:894,0
DA:895,0
DA:899,20
LF:415
LH:150
BRDA:25,0,0,0
BRDA:25,0,1,0
BRDA:26,1,0,0
BRDA:26,1,1,0
BRDA:31,2,0,31
BRDA:31,2,1,0
BRDA:35,3,0,0
BRDA:35,3,1,4
BRDA:39,4,0,0
BRDA:39,5,0,0
BRDA:39,6,0,0
BRDA:41,7,0,4
BRDA:41,7,1,0
BRDA:43,8,0,4
BRDA:43,8,1,0
BRDA:44,9,0,4
BRDA:44,9,1,0
BRDA:46,10,0,4
BRDA:46,10,1,0
BRDA:46,11,0,4
BRDA:46,11,1,4
BRDA:89,12,0,20
BRDA:89,12,1,20
BRDA:92,13,0,20
BRDA:92,13,1,0
BRDA:101,14,0,20
BRDA:101,14,1,0
BRDA:112,15,0,0
BRDA:112,15,1,0
BRDA:112,15,2,0
BRDA:112,15,3,0
BRDA:113,16,0,0
BRDA:113,16,1,0
BRDA:116,17,0,0
BRDA:116,17,1,0
BRDA:123,18,0,0
BRDA:123,18,1,0
BRDA:140,19,0,23
[...]
BRDA:1737,286,1,0
BRDA:1745,287,0,0
BRDA:1745,287,1,0
BRDA:1751,288,0,0
BRDA:1751,288,1,0
BRDA:1752,289,0,0
BRDA:1752,289,1,0
BRDA:1762,290,0,0
BRDA:1762,290,1,0
BRDA:1765,291,0,0
BRDA:1765,291,1,0
BRDA:1775,292,0,0
BRDA:1775,292,1,0
BRDA:1804,293,0,0
BRDA:1804,293,1,0
BRDA:1807,294,0,0
BRDA:1807,294,1,0
BRDA:1810,295,0,0
BRDA:1810,295,1,0
BRDA:1815,296,0,0
BRDA:1815,296,1,0
BRDA:1815,296,2,0
BRDA:1824,297,0,0
BRDA:1824,297,1,0
BRDA:1826,298,0,0
BRDA:1826,298,1,0
BRDA:1838,299,0,0
BRDA:1838,299,1,0
BRDA:1840,300,0,0
BRDA:1840,300,1,0
BRDA:1842,301,0,0
BRDA:1842,301,1,0
BRDA:1857,302,0,0
BRDA:1857,302,1,0
BRDA:1857,303,0,0
BRDA:1857,303,1,0
BRDA:1863,304,0,0
BRDA:1863,304,1,0
BRDA:1865,305,0,0
BRDA:1865,305,1,0
BRDA:1869,306,0,0
BRDA:1869,306,1,0
BRDA:1870,307,0,0
BRDA:1870,307,1,0
BRDA:1875,308,0,0
BRDA:1875,308,1,0
BRDA:1877,309,0,0
BRDA:1877,309,1,0
BRDA:1878,310,0,0
BRDA:1878,310,1,0
BRDA:1885,311,0,0
BRDA:1885,311,1,0
BRDA:1885,312,0,0
BRDA:1885,312,1,0
BRDA:1887,313,0,0
BRDA:1887,313,1,0
BRDA:1889,314,0,0
BRDA:1889,314,1,0
BRDA:1894,315,0,0
BRDA:1894,315,1,0
BRDA:1895,316,0,0
BRDA:1895,316,1,0
BRDA:1895,317,0,0
BRDA:1895,317,1,0
BRDA:1897,318,0,0
BRDA:1897,318,1,0
BRDA:1905,319,0,0
BRDA:1905,319,1,0
BRDA:1905,320,0,0
BRDA:1905,320,1,0
BRDA:1905,321,0,0
BRDA:1905,321,1,0
BRDA:1913,322,0,0
BRDA:1913,322,1,0
BRDA:1949,323,0,0
BRDA:1949,323,1,0
BRDA:1951,324,0,0
BRDA:1951,324,1,0
BRDA:1954,325,0,0
BRDA:1954,325,1,0
BRDA:1956,326,0,0
BRDA:1956,326,1,0
BRDA:1961,327,0,0
BRDA:1961,327,1,0
BRDA:1965,328,0,0
BRDA:1965,328,1,0
BRDA:1967,329,0,0
BRDA:1967,329,1,0
BRDA:1972,330,0,0
BRDA:1972,330,1,0
BRDA:1981,331,0,0
BRDA:1981,331,1,0
BRDA:1981,332,0,0
BRDA:1981,332,1,0
BRDA:1982,333,0,0
BRDA:1982,333,1,0
BRDA:1982,334,0,0
BRDA:1982,334,1,0
BRDA:1991,335,0,0
BRDA:1991,335,1,0
BRDA:1998,336,0,0
BRDA:1998,336,1,0
BRDA:1999,337,0,0
BRDA:1999,337,1,0
BRDA:2006,338,0,0
BRDA:2006,338,1,0
BRDA:2007,339,0,0
BRDA:2007,339,1,0
BRDA:2007,339,2,0
BRDA:2007,339,3,0
BRDA:2007,340,0,0
BRDA:2007,340,1,0
BRDA:2011,341,0,0
BRDA:2011,341,1,0
BRDA:2011,342,0,0
BRDA:2011,342,1,0
BRDA:2019,343,0,0
BRDA:2019,343,1,0
BRDA:2026,344,0,0
BRDA:2026,344,1,0
BRDA:2031,345,0,0
BRDA:2031,345,1,0
BRDA:2034,346,0,0
BRDA:2034,346,1,0
BRDA:2037,347,0,0
BRDA:2037,347,1,0
BRDA:2048,348,0,0
BRDA:2048,348,1,0
BRDA:2048,349,0,0
BRDA:2048,349,1,0
BRDA:2053,350,0,0
BRDA:2053,350,1,0
BRDA:2053,351,0,0
BRDA:2053,351,1,0
BRDA:2067,352,0,0
BRDA:2067,352,1,0
BRDA:2074,353,0,0
BRDA:2074,353,1,0
BRDA:2082,354,0,0
BRDA:2082,354,1,0
BRDA:2089,355,0,0
BRDA:2089,355,1,0
BRDA:2097,356,0,0
BRDA:2097,356,1,0
BRDA:2097,357,0,0
BRDA:2097,357,1,0
BRDA:2111,358,0,0
BRDA:2111,358,1,0
BRDA:2113,359,0,0
BRDA:2113,359,1,0
BRDA:2113,360,0,0
BRDA:2113,360,1,0
BRDA:2123,361,0,0
BRDA:2123,361,1,0
BRDA:2131,362,0,0
BRDA:2131,362,1,0
BRDA:2133,363,0,0
BRDA:2133,363,1,0
BRDA:2148,364,0,0
BRDA:2148,364,1,0
BRDA:2152,365,0,0
BRDA:2152,365,1,0
BRDA:2157,366,0,0
BRDA:2157,366,1,0
BRDA:2157,366,2,0
BRDA:2166,367,0,0
BRDA:2166,367,1,0
BRDA:2168,368,0,0
BRDA:2168,368,1,0
BRDA:2177,369,0,0
BRDA:2177,369,1,0
BRDA:2178,370,0,0
BRDA:2178,370,1,0
BRDA:2178,371,0,0
BRDA:2178,371,1,0
BRDA:2182,372,0,0
BRDA:2182,372,1,0
BRDA:2182,373,0,0
BRDA:2182,373,1,0
BRDA:2190,374,0,0
BRDA:2190,374,1,0
BRDA:2225,375,0,0
BRDA:2225,375,1,0
BRDA:2230,376,0,0
BRDA:2230,376,1,0
BRDA:2242,377,0,0
BRDA:2242,377,1,0
BRDA:2245,378,0,0
BRDA:2245,378,1,0
BRDA:2245,379,0,0
BRDA:2245,379,1,0
BRDA:2251,380,0,0
BRDA:2251,380,1,0
BRDA:2251,381,0,0
BRDA:2251,381,1,0
BRDA:2254,382,0,0
BRDA:2254,382,1,0
BRDA:2257,383,0,0
BRDA:2257,383,1,0
BRDA:2260,384,0,0
BRDA:2260,384,1,0
BRDA:2260,385,0,0
BRDA:2260,385,1,0
BRDA:2266,386,0,0
BRDA:2266,386,1,0
BRDA:2281,387,0,0
BRDA:2281,387,1,2
BRDA:2283,388,0,2
BRDA:2283,388,1,0
BRDA:2304,389,0,0
BRDA:2304,389,1,5
BRDA:2306,390,0,5
BRDA:2306,390,1,0
BRDA:2312,391,0,1
BRDA:2312,391,1,4
BRDA:2317,392,0,1
BRDA:2317,392,1,3
BRDA:2318,393,0,1
BRDA:2318,393,1,0
BRDA:2321,394,0,1
BRDA:2321,394,1,1
BRDA:2324,395,0,1
BRDA:2324,395,1,0
BRDA:2324,396,0,1
BRDA:2324,396,1,1
BRDA:2342,397,0,0
BRDA:2342,397,1,2
BRDA:2344,398,0,2
BRDA:2344,398,1,0
BRDA:2350,399,0,2
BRDA:2350,399,1,0
BRDA:2352,400,0,2
BRDA:2352,400,1,2
BRDA:2355,401,0,0
BRDA:2355,401,1,2
BRDA:2355,402,0,2
BRDA:2355,402,1,2
BRF:831
BRH:198
end_of_record
TN:
SF:src/routes/business/profile.js
FN:12,(anonymous_0)
FN:17,(anonymous_1)
FN:23,(anonymous_2)
FN:34,(anonymous_3)
FN:45,(anonymous_4)
FN:66,(anonymous_5)
FN:78,(anonymous_6)
FN:81,(anonymous_7)
FN:90,(anonymous_8)
FN:104,(anonymous_9)
FN:119,(anonymous_10)
FN:133,(anonymous_11)
FN:147,(anonymous_12)
FN:164,(anonymous_13)
FN:188,(anonymous_14)
FN:245,(anonymous_15)
FN:271,(anonymous_16)
FN:291,(anonymous_17)
FN:306,(anonymous_18)
FN:326,(anonymous_19)
FN:332,(anonymous_20)
FN:347,(anonymous_21)
FNF:22
FNH:0
FNDA:0,(anonymous_0)
FNDA:0,(anonymous_1)
FNDA:0,(anonymous_2)
FNDA:0,(anonymous_3)
FNDA:0,(anonymous_4)
FNDA:0,(anonymous_5)
FNDA:0,(anonymous_6)
FNDA:0,(anonymous_7)
FNDA:0,(anonymous_8)
FNDA:0,(anonymous_9)
FNDA:0,(anonymous_10)
FNDA:0,(anonymous_11)
FNDA:0,(anonymous_12)
FNDA:0,(anonymous_13)
FNDA:0,(anonymous_14)
FNDA:0,(anonymous_15)
FNDA:0,(anonymous_16)
FNDA:0,(anonymous_17)
FNDA:0,(anonymous_18)
FNDA:0,(anonymous_19)
FNDA:0,(anonymous_20)
FNDA:0,(anonymous_21)
DA:1,20
DA:2,20
DA:3,20
DA:4,20
DA:5,20
DA:6,20
DA:7,20
DA:8,20
DA:9,20
DA:11,20
DA:12,20
DA:13,0
DA:16,20
DA:18,0
DA:19,0
DA:20,0
DA:21,0
DA:24,0
DA:25,0
DA:26,0
DA:27,0
DA:31,20
DA:34,20
DA:35,0
DA:36,0
DA:37,0
DA:39,0
DA:40,0
DA:45,20
DA:46,0
DA:47,0
DA:48,0
DA:50,0
DA:53,0
DA:54,0
DA:55,0
DA:57,0
DA:58,0
DA:60,0
DA:61,0
DA:66,20
DA:67,0
DA:68,0
DA:69,0
DA:70,0
DA:72,0
DA:73,0
DA:78,20
DA:79,0
DA:80,0
DA:81,0
DA:82,0
DA:84,0
DA:85,0
DA:90,20
DA:91,0
DA:92,0
DA:93,0
DA:95,0
DA:96,0
DA:98,0
DA:99,0
DA:104,20
DA:105,0
DA:106,0
DA:107,0
DA:108,0
DA:110,0
DA:111,0
DA:113,0
DA:114,0
DA:119,20
DA:120,0
DA:121,0
DA:122,0
DA:124,0
DA:125,0
DA:127,0
DA:128,0
DA:133,20
DA:134,0
DA:135,0
DA:136,0
DA:138,0
DA:139,0
DA:141,0
DA:142,0
DA:147,20
DA:148,0
DA:149,0
DA:150,0
DA:151,0
DA:153,0
DA:154,0
DA:156,0
DA:157,0
DA:164,20
DA:165,0
DA:166,0
DA:167,0
DA:171,0
DA:172,0
DA:179,0
DA:180,0
DA:182,0
DA:183,0
DA:188,20
DA:189,0
DA:190,0
DA:191,0
DA:195,0
DA:198,0
DA:199,0
DA:200,0
DA:201,0
DA:202,0
DA:203,0
DA:205,0
DA:210,0
DA:216,0
DA:217,0
DA:219,0
DA:220,0
DA:221,0
DA:225,0
DA:226,0
DA:227,0
DA:229,0
DA:231,0
DA:233,0
DA:234,0
DA:236,0
DA:239,0
DA:240,0
DA:245,20
DA:246,0
DA:247,0
DA:248,0
DA:249,0
DA:253,0
DA:254,0
DA:257,0
DA:258,0
DA:260,0
DA:261,0
DA:266,20
DA:272,0
DA:273,0
DA:274,0
DA:275,0
DA:277,0
DA:278,0
DA:280,0
DA:281,0
DA:282,0
DA:284,0
DA:285,0
DA:291,20
DA:292,0
DA:293,0
DA:294,0
DA:295,0
DA:297,0
DA:298,0
DA:300,0
DA:301,0
DA:306,20
DA:307,0
DA:308,0
DA:309,0
DA:310,0
DA:313,0
DA:314,0
DA:317,0
DA:318,0
DA:320,0
DA:321,0
DA:326,20
DA:327,0
DA:328,0
DA:329,0
DA:331,0
DA:332,0
DA:334,0
DA:341,0
DA:342,0
DA:347,20
DA:348,0
DA:349,0
DA:350,0
DA:352,0
DA:353,0
DA:355,0
DA:356,0
DA:360,20
LF:195
LH:31
BRDA:19,0,0,0
BRDA:19,0,1,0
BRDA:24,1,0,0
BRDA:24,1,1,0
BRDA:50,2,0,0
BRDA:50,2,1,0
BRDA:50,3,0,0
BRDA:50,3,1,0
BRDA:53,4,0,0
BRDA:53,4,1,0
BRDA:53,4,2,0
BRDA:53,4,3,0
BRDA:54,5,0,0
BRDA:54,5,1,0
BRDA:61,6,0,0
BRDA:61,6,1,0
BRDA:69,7,0,0
BRDA:69,7,1,0
BRDA:81,8,0,0
BRDA:81,8,1,0
BRDA:99,9,0,0
BRDA:99,9,1,0
BRDA:114,10,0,0
BRDA:114,10,1,0
BRDA:128,11,0,0
BRDA:128,11,1,0
BRDA:142,12,0,0
BRDA:142,12,1,0
BRDA:157,13,0,0
BRDA:157,13,1,0
BRDA:171,14,0,0
BRDA:171,14,1,0
BRDA:171,15,0,0
BRDA:171,15,1,0
BRDA:183,16,0,0
BRDA:183,16,1,0
BRDA:195,17,0,0
BRDA:195,17,1,0
BRDA:198,18,0,0
BRDA:198,18,1,0
BRDA:201,19,0,0
BRDA:201,19,1,0
BRDA:219,20,0,0
BRDA:219,20,1,0
BRDA:219,21,0,0
BRDA:219,21,1,0
BRDA:233,22,0,0
BRDA:233,22,1,0
BRDA:233,23,0,0
BRDA:233,23,1,0
BRDA:240,24,0,0
BRDA:240,24,1,0
BRDA:253,25,0,0
BRDA:253,25,1,0
BRDA:253,26,0,0
BRDA:253,26,1,0
BRDA:261,27,0,0
BRDA:261,27,1,0
BRDA:274,28,0,0
BRDA:274,28,1,0
BRDA:274,29,0,0
BRDA:274,29,1,0
BRDA:277,30,0,0
BRDA:277,30,1,0
BRDA:285,31,0,0
BRDA:285,31,1,0
BRDA:301,32,0,0
BRDA:301,32,1,0
BRDA:313,33,0,0
BRDA:313,33,1,0
BRDA:321,34,0,0
BRDA:321,34,1,0
BRDA:342,35,0,0
BRDA:342,35,1,0
BRDA:356,36,0,0
BRDA:356,36,1,0
BRF:76
BRH:0
end_of_record
TN:
SF:src/services/businessProfileService.js
FN:9,(anonymous_0)
FN:31,(anonymous_1)
FN:42,(anonymous_2)
FN:53,(anonymous_3)
FN:61,(anonymous_4)
FN:66,(anonymous_5)
FN:148,(anonymous_6)
FN:152,(anonymous_7)
FN:157,(anonymous_8)
FN:177,(anonymous_9)
FN:205,(anonymous_10)
FN:222,(anonymous_11)
FN:372,(anonymous_12)
FN:378,(anonymous_13)
FN:400,(anonymous_14)
FN:520,(anonymous_15)
FN:535,(anonymous_16)
FN:587,(anonymous_17)
FN:593,(anonymous_18)
FN:604,(anonymous_19)
FN:648,(anonymous_20)
FN:654,(anonymous_21)
FN:715,(anonymous_22)
FN:729,(anonymous_23)
FN:734,(anonymous_24)
FN:744,(anonymous_25)
FN:750,(anonymous_26)
FN:779,(anonymous_27)
FN:785,(anonymous_28)
FN:807,(anonymous_29)
FN:813,(anonymous_30)
FN:841,(anonymous_31)
FN:847,(anonymous_32)
FN:882,(anonymous_33)
FN:888,(anonymous_34)
FN:917,(anonymous_35)
FN:923,(anonymous_36)
FN:980,(anonymous_37)
FN:986,(anonymous_38)
FNF:39
FNH:0
FNDA:0,(anonymous_0)
FNDA:0,(anonymous_1)
FNDA:0,(anonymous_2)
FNDA:0,(anonymous_3)
FNDA:0,(anonymous_4)
FNDA:0,(anonymous_5)
FNDA:0,(anonymous_6)
FNDA:0,(anonymous_7)
FNDA:0,(anonymous_8)
FNDA:0,(anonymous_9)
FNDA:0,(anonymous_10)
FNDA:0,(anonymous_11)
FNDA:0,(anonymous_12)
FNDA:0,(anonymous_13)
FNDA:0,(anonymous_14)
FNDA:0,(anonymous_15)
FNDA:0,(anonymous_16)
FNDA:0,(anonymous_17)
FNDA:0,(anonymous_18)
FNDA:0,(anonymous_19)
FNDA:0,(anonymous_20)
FNDA:0,(anonymous_21)
FNDA:0,(anonymous_22)
FNDA:0,(anonymous_23)
FNDA:0,(anonymous_24)
FNDA:0,(anonymous_25)
FNDA:0,(anonymous_26)
FNDA:0,(anonymous_27)
FNDA:0,(anonymous_28)
FNDA:0,(anonymous_29)
FNDA:0,(anonymous_30)
FNDA:0,(anonymous_31)
FNDA:0,(anonymous_32)
FNDA:0,(anonymous_33)
FNDA:0,(anonymous_34)
FNDA:0,(anonymous_35)
FNDA:0,(anonymous_36)
FNDA:0,(anonymous_37)
FNDA:0,(anonymous_38)
DA:1,20
DA:2,20
DA:3,20
DA:4,20
DA:5,20
DA:6,20
DA:10,0
DA:11,0
DA:13,0
DA:26,0
DA:33,0
DA:34,0
DA:35,0
DA:36,0
DA:39,0
DA:46,0
DA:55,0
DA:56,0
DA:57,0
DA:58,0
DA:63,0
DA:67,0
DA:69,0
DA:72,0
DA:73,0
DA:76,0
DA:78,0
DA:81,0
DA:82,0
DA:87,0
DA:90,0
DA:92,0
DA:93,0
DA:98,0
DA:102,0
DA:105,0
DA:109,0
DA:110,0
DA:113,0
DA:120,0
DA:121,0
DA:122,0
DA:123,0
DA:125,0
DA:140,0
DA:142,0
DA:143,0
DA:149,0
DA:150,0
DA:151,0
DA:152,0
DA:153,0
DA:158,0
DA:163,0
DA:166,0
DA:178,0
DA:179,0
DA:180,0
DA:184,0
DA:185,0
DA:186,0
DA:190,0
DA:191,0
DA:195,0
DA:199,0
DA:200,0
DA:204,0
DA:205,0
DA:208,0
DA:209,0
DA:214,0
DA:217,0
DA:218,0
DA:221,0
DA:222,0
DA:223,0
DA:228,0
DA:231,0
DA:331,0
DA:332,0
DA:334,0
DA:337,0
DA:338,0
DA:341,0
DA:342,0
DA:343,0
DA:345,0
DA:359,0
DA:362,0
DA:373,0
DA:374,0
DA:375,0
DA:378,0
DA:379,0
DA:380,0
DA:383,0
DA:385,0
DA:386,0
DA:388,0
DA:390,0
DA:394,0
DA:395,0
DA:399,0
DA:400,0
DA:404,0
DA:405,0
DA:410,0
DA:411,0
DA:415,0
DA:416,0
DA:423,0
DA:433,0
DA:435,0
DA:444,0
DA:445,0
DA:452,0
DA:453,0
DA:460,0
DA:461,0
DA:469,0
DA:470,0
DA:475,0
DA:477,0
DA:484,0
DA:487,0
DA:488,0
DA:491,0
DA:492,0
DA:493,0
DA:495,0
DA:508,0
DA:511,0
DA:521,0
DA:522,0
DA:523,0
DA:526,0
DA:527,0
DA:531,0
DA:532,0
DA:535,0
DA:536,0
DA:537,0
DA:540,0
DA:541,0
DA:544,0
DA:547,0
DA:548,0
DA:552,0
DA:553,0
DA:556,0
DA:557,0
DA:558,0
DA:560,0
DA:575,0
DA:578,0
DA:588,0
DA:589,0
DA:590,0
DA:593,0
DA:594,0
DA:595,0
DA:598,0
DA:599,0
DA:603,0
DA:604,0
DA:605,0
DA:610,0
DA:611,0
DA:614,0
DA:615,0
DA:618,0
DA:619,0
DA:620,0
DA:622,0
DA:635,0
DA:638,0
DA:649,0
DA:650,0
DA:651,0
DA:654,0
DA:655,0
DA:656,0
DA:660,0
DA:671,0
DA:674,0
DA:679,0
DA:682,0
DA:683,0
DA:686,0
DA:687,0
DA:688,0
DA:690,0
DA:704,0
DA:707,0
DA:716,0
DA:717,0
DA:718,0
DA:720,0
DA:730,0
DA:731,0
DA:732,0
DA:734,0
DA:735,0
DA:745,0
DA:746,0
DA:747,0
DA:750,0
DA:751,0
DA:752,0
DA:755,0
DA:756,0
DA:758,0
DA:759,0
DA:760,0
DA:762,0
DA:763,0
DA:765,0
DA:767,0
DA:768,0
DA:770,0
DA:780,0
DA:781,0
DA:782,0
DA:785,0
DA:786,0
DA:787,0
DA:790,0
DA:791,0
DA:792,0
DA:794,0
DA:795,0
DA:797,0
DA:808,0
DA:809,0
DA:810,0
DA:813,0
DA:814,0
DA:815,0
DA:818,0
DA:822,0
DA:823,0
DA:824,0
DA:826,0
DA:828,0
DA:829,0
DA:831,0
DA:842,0
DA:843,0
DA:844,0
DA:847,0
DA:848,0
DA:849,0
DA:852,0
DA:856,0
DA:863,0
DA:864,0
DA:865,0
DA:867,0
DA:869,0
DA:870,0
DA:872,0
DA:883,0
DA:884,0
DA:885,0
DA:888,0
DA:889,0
DA:890,0
DA:893,0
DA:897,0
DA:898,0
DA:899,0
DA:901,0
DA:903,0
DA:905,0
DA:906,0
DA:908,0
DA:918,0
DA:919,0
DA:920,0
DA:923,0
DA:924,0
DA:925,0
DA:929,0
DA:931,0
DA:935,0
DA:936,0
DA:937,0
DA:939,0
DA:940,0
DA:941,0
DA:942,0
DA:943,0
DA:944,0
DA:946,0
DA:947,0
DA:950,0
DA:951,0
DA:952,0
DA:954,0
DA:968,0
DA:971,0
DA:981,0
DA:982,0
DA:983,0
DA:986,0
DA:987,0
DA:988,0
DA:991,0
DA:1010,20
LF:309
LH:7
BRDA:11,0,0,0
BRDA:11,0,1,0
BRDA:33,1,0,0
BRDA:33,1,1,0
BRDA:35,2,0,0
BRDA:35,2,1,0
BRDA:56,3,0,0
BRDA:56,3,1,0
BRDA:57,4,0,0
BRDA:57,4,1,0
BRDA:66,5,0,0
BRDA:73,6,0,0
BRDA:73,6,1,0
BRDA:73,7,0,0
BRDA:73,7,1,0
BRDA:73,7,2,0
BRDA:78,8,0,0
BRDA:78,8,1,0
BRDA:78,8,2,0
BRDA:78,8,3,0
BRDA:78,8,4,0
BRDA:78,8,5,0
BRDA:109,9,0,0
BRDA:109,9,1,0
BRDA:121,10,0,0
BRDA:121,10,1,0
BRDA:121,11,0,0
BRDA:121,11,1,0
BRDA:121,12,0,0
BRDA:121,12,1,0
BRDA:122,13,0,0
BRDA:122,13,1,0
BRDA:122,14,0,0
BRDA:122,14,1,0
BRDA:140,15,0,0
BRDA:140,15,1,0
BRDA:149,16,0,0
BRDA:149,16,1,0
BRDA:179,17,0,0
BRDA:179,17,1,0
BRDA:184,18,0,0
BRDA:184,18,1,0
BRDA:184,18,2,0
BRDA:185,19,0,0
BRDA:185,19,1,0
BRDA:190,20,0,0
BRDA:190,20,1,0
BRDA:199,21,0,0
BRDA:199,21,1,0
BRDA:205,22,0,0
BRDA:205,22,1,0
BRDA:208,23,0,0
BRDA:208,23,1,0
BRDA:217,24,0,0
BRDA:217,24,1,0
BRDA:221,25,0,0
BRDA:221,25,1,0
BRDA:221,26,0,0
BRDA:221,26,1,0
BRDA:221,26,2,0
BRDA:234,27,0,0
BRDA:234,27,1,0
BRDA:235,28,0,0
BRDA:235,28,1,0
BRDA:236,29,0,0
BRDA:236,29,1,0
BRDA:240,30,0,0
BRDA:240,30,1,0
BRDA:241,31,0,0
BRDA:241,31,1,0
BRDA:242,32,0,0
BRDA:242,32,1,0
BRDA:243,33,0,0
BRDA:243,33,1,0
BRDA:244,34,0,0
BRDA:244,34,1,0
BRDA:244,34,2,0
BRDA:246,35,0,0
BRDA:246,35,1,0
BRDA:247,36,0,0
BRDA:247,36,1,0
BRDA:248,37,0,0
BRDA:248,37,1,0
BRDA:260,38,0,0
BRDA:260,38,1,0
BRDA:261,39,0,0
BRDA:261,39,1,0
BRDA:262,40,0,0
BRDA:262,40,1,0
BRDA:263,41,0,0
BRDA:263,41,1,0
BRDA:264,42,0,0
BRDA:264,42,1,0
BRDA:265,43,0,0
BRDA:265,43,1,0
BRDA:266,44,0,0
BRDA:266,44,1,0
BRDA:267,45,0,0
BRDA:267,45,1,0
BRDA:268,46,0,0
BRDA:268,46,1,0
BRDA:269,47,0,0
BRDA:269,47,1,0
BRDA:270,48,0,0
BRDA:270,48,1,0
BRDA:271,49,0,0
BRDA:271,49,1,0
BRDA:272,50,0,0
BRDA:272,50,1,0
BRDA:273,51,0,0
BRDA:273,51,1,0
BRDA:274,52,0,0
BRDA:274,52,1,0
BRDA:275,53,0,0
BRDA:275,53,1,0
BRDA:276,54,0,0
BRDA:276,54,1,0
BRDA:277,55,0,0
BRDA:277,55,1,0
BRDA:278,56,0,0
BRDA:278,56,1,0
BRDA:279,57,0,0
BRDA:279,57,1,0
BRDA:280,58,0,0
BRDA:280,58,1,0
BRDA:281,59,0,0
BRDA:281,59,1,0
BRDA:282,60,0,0
BRDA:282,60,1,0
BRDA:283,61,0,0
BRDA:283,61,1,0
BRDA:284,62,0,0
BRDA:284,62,1,0
BRDA:285,63,0,0
BRDA:285,63,1,0
BRDA:286,64,0,0
BRDA:286,64,1,0
BRDA:287,65,0,0
BRDA:287,65,1,0
BRDA:288,66,0,0
BRDA:288,66,1,0
BRDA:331,67,0,0
BRDA:331,67,1,0
BRDA:343,68,0,0
BRDA:343,68,1,0
BRDA:343,69,0,0
BRDA:343,69,1,0
BRDA:343,69,2,0
BRDA:374,70,0,0
BRDA:374,70,1,0
BRDA:379,71,0,0
BRDA:379,71,1,0
BRDA:379,72,0,0
BRDA:379,72,1,0
BRDA:385,73,0,0
BRDA:385,73,1,0
BRDA:385,73,2,0
BRDA:386,74,0,0
BRDA:386,74,1,0
BRDA:388,75,0,0
BRDA:388,75,1,0
BRDA:388,76,0,0
BRDA:388,76,1,0
BRDA:391,77,0,0
BRDA:391,77,1,0
BRDA:394,78,0,0
BRDA:394,78,1,0
BRDA:400,79,0,0
BRDA:400,79,1,0
BRDA:400,79,2,0
BRDA:402,80,0,0
BRDA:402,80,1,0
BRDA:404,81,0,0
BRDA:404,81,1,0
BRDA:410,82,0,0
BRDA:410,82,1,0
BRDA:415,83,0,0
BRDA:415,83,1,0
BRDA:423,84,0,0
BRDA:423,84,1,0
BRDA:423,84,2,0
BRDA:423,84,3,0
BRDA:423,84,4,0
BRDA:423,84,5,0
BRDA:423,84,6,0
BRDA:433,85,0,0
BRDA:433,85,1,0
BRDA:444,86,0,0
BRDA:444,86,1,0
BRDA:452,87,0,0
BRDA:452,87,1,0
BRDA:460,88,0,0
BRDA:460,88,1,0
BRDA:463,89,0,0
BRDA:463,89,1,0
BRDA:463,89,2,0
BRDA:463,89,3,0
BRDA:464,90,0,0
BRDA:464,90,1,0
BRDA:464,90,2,0
BRDA:464,90,3,0
BRDA:465,91,0,0
BRDA:465,91,1,0
BRDA:466,92,0,0
BRDA:466,92,1,0
BRDA:467,93,0,0
BRDA:467,93,1,0
BRDA:467,93,2,0
BRDA:472,94,0,0
BRDA:472,94,1,0
BRDA:475,95,0,0
BRDA:475,95,1,0
BRDA:493,96,0,0
BRDA:493,96,1,0
BRDA:493,97,0,0
BRDA:493,97,1,0
BRDA:493,97,2,0
BRDA:522,98,0,0
BRDA:522,98,1,0
BRDA:526,99,0,0
BRDA:526,99,1,0
BRDA:526,100,0,0
BRDA:526,100,1,0
BRDA:531,101,0,0
BRDA:531,101,1,0
BRDA:536,102,0,0
BRDA:536,102,1,0
BRDA:547,103,0,0
BRDA:547,103,1,0
BRDA:547,104,0,0
BRDA:547,104,1,0
BRDA:558,105,0,0
BRDA:558,105,1,0
BRDA:558,106,0,0
BRDA:558,106,1,0
BRDA:558,106,2,0
BRDA:571,107,0,0
BRDA:571,107,1,0
BRDA:571,108,0,0
BRDA:571,108,1,0
BRDA:589,109,0,0
BRDA:589,109,1,0
BRDA:594,110,0,0
BRDA:594,110,1,0
BRDA:598,111,0,0
BRDA:598,111,1,0
BRDA:603,112,0,0
BRDA:603,112,1,0
BRDA:620,113,0,0
BRDA:620,113,1,0
BRDA:620,114,0,0
BRDA:620,114,1,0
BRDA:620,114,2,0
BRDA:650,115,0,0
BRDA:650,115,1,0
BRDA:655,116,0,0
BRDA:655,116,1,0
BRDA:666,117,0,0
BRDA:666,117,1,0
BRDA:667,118,0,0
BRDA:667,118,1,0
BRDA:688,119,0,0
BRDA:688,119,1,0
BRDA:688,120,0,0
BRDA:688,120,1,0
BRDA:688,120,2,0
BRDA:717,121,0,0
BRDA:717,121,1,0
BRDA:720,122,0,0
BRDA:720,122,1,0
BRDA:731,123,0,0
BRDA:731,123,1,0
BRDA:735,124,0,0
BRDA:735,124,1,0
BRDA:746,125,0,0
BRDA:746,125,1,0
BRDA:751,126,0,0
BRDA:751,126,1,0
BRDA:755,127,0,0
BRDA:755,127,1,0
BRDA:758,128,0,0
BRDA:758,128,1,0
BRDA:762,129,0,0
BRDA:762,129,1,0
BRDA:781,130,0,0
BRDA:781,130,1,0
BRDA:786,131,0,0
BRDA:786,131,1,0
BRDA:809,132,0,0
BRDA:809,132,1,0
BRDA:814,133,0,0
BRDA:814,133,1,0
BRDA:823,134,0,0
BRDA:823,134,1,0
BRDA:843,135,0,0
BRDA:843,135,1,0
BRDA:848,136,0,0
BRDA:848,136,1,0
BRDA:857,137,0,0
BRDA:857,137,1,0
BRDA:857,137,2,0
BRDA:857,137,3,0
BRDA:857,137,4,0
BRDA:864,138,0,0
BRDA:864,138,1,0
BRDA:864,139,0,0
BRDA:864,139,1,0
BRDA:884,140,0,0
BRDA:884,140,1,0
BRDA:889,141,0,0
BRDA:889,141,1,0
BRDA:897,142,0,0
BRDA:897,142,1,0
BRDA:897,143,0,0
BRDA:897,143,1,0
BRDA:899,144,0,0
BRDA:899,144,1,0
BRDA:899,145,0,0
BRDA:899,145,1,0
BRDA:919,146,0,0
BRDA:919,146,1,0
BRDA:924,147,0,0
BRDA:924,147,1,0
BRDA:929,148,0,0
BRDA:929,148,1,0
BRDA:929,149,0,0
BRDA:929,149,1,0
BRDA:952,150,0,0
BRDA:952,150,1,0
BRDA:952,151,0,0
BRDA:952,151,1,0
BRDA:952,151,2,0
BRDA:982,152,0,0
BRDA:982,152,1,0
BRDA:987,153,0,0
BRDA:987,153,1,0
BRDA:998,154,0,0
BRDA:998,154,1,0
BRDA:1001,155,0,0
BRDA:1001,155,1,0
BRDA:1002,156,0,0
BRDA:1002,156,1,0
BRDA:1002,156,2,0
BRF:343
BRH:0
end_of_record
TN:
SF:src/services/pdfService.js
FN:6,getPDFDocument
FN:22,(anonymous_1)
FN:23,(anonymous_2)
FN:34,(anonymous_3)
FN:35,(anonymous_4)
FN:175,(anonymous_5)
FN:226,(anonymous_6)
FN:257,(anonymous_7)
FN:288,(anonymous_8)
FN:332,(anonymous_9)
FNF:10
FNH:0
FNDA:0,getPDFDocument
FNDA:0,(anonymous_1)
FNDA:0,(anonymous_2)
FNDA:0,(anonymous_3)
FNDA:0,(anonymous_4)
FNDA:0,(anonymous_5)
FNDA:0,(anonymous_6)
FNDA:0,(anonymous_7)
FNDA:0,(anonymous_8)
FNDA:0,(anonymous_9)
DA:1,20
DA:2,20
DA:5,20
DA:7,0
DA:8,0
DA:9,0
DA:11,0
DA:14,0
DA:23,0
DA:24,0
DA:25,0
DA:27,0
DA:28,0
DA:33,0
DA:34,0
DA:35,0
DA:36,0
DA:38,0
DA:39,0
DA:40,0
DA:43,0
DA:44,0
DA:49,0
DA:54,0
DA:57,0
DA:58,0
DA:59,0
DA:62,0
DA:63,0
DA:68,0
DA:74,0
DA:79,0
DA:85,0
DA:86,0
DA:87,0
DA:88,0
DA:91,0
DA:97,0
DA:98,0
DA:100,0
DA:108,0
DA:116,0
DA:117,0
DA:120,0
DA:126,0
DA:127,0
DA:128,0
DA:131,0
DA:132,0
DA:133,0
DA:134,0
DA:137,0
DA:140,0
DA:141,0
DA:148,0
DA:149,0
DA:150,0
DA:154,0
DA:155,0
DA:159,0
DA:175,0
DA:176,0
DA:177,0
DA:179,0
DA:185,0
DA:191,0
DA:194,0
DA:195,0
DA:202,0
DA:203,0
DA:204,0
DA:208,0
DA:209,0
DA:215,0
DA:218,0
DA:226,0
DA:227,0
DA:228,0
DA:229,0
DA:234,0
DA:240,0
DA:242,0
DA:248,0
DA:252,0
DA:257,0
DA:258,0
DA:259,0
DA:260,0
DA:265,0
DA:271,0
DA:273,0
DA:279,0
DA:283,0
DA:288,0
DA:289,0
DA:290,0
DA:291,0
DA:296,0
DA:302,0
DA:305,0
DA:306,0
DA:313,0
DA:314,0
DA:315,0
DA:319,0
DA:320,0
DA:326,0
DA:332,0
DA:333,0
DA:334,0
DA:335,0
DA:340,0
DA:346,0
DA:349,0
DA:350,0
DA:357,0
DA:366,0
DA:375,0
DA:376,0
DA:379,0
DA:380,0
DA:381,0
DA:384,0
DA:387,0
DA:397,0
DA:398,0
DA:399,0
DA:402,0
DA:403,0
DA:407,0
DA:409,0
DA:415,20
LF:132
LH:4
BRDA:7,0,0,0
BRDA:7,0,1,0
BRF:2
BRH:0
end_of_record
