<?xml version="1.0" encoding="UTF-8"?>
<coverage generated="1776579221017" clover="3.2.0">
  <project timestamp="1776579221017" name="All files">
    <metrics statements="12" coveredstatements="1" conditionals="4" coveredconditionals="0" methods="6" coveredmethods="0" elements="22" coveredelements="1" complexity="0" loc="12" ncloc="12" packages="1" files="1" classes="1"/>
    <file name="handlers.js" path="C:\Xapolion\Capstone\web\src\test\msw\handlers.js">
      <metrics statements="12" coveredstatements="1" conditionals="4" coveredconditionals="0" methods="6" coveredmethods="0"/>
      <line num="7" count="1" type="stmt"/>
      <line num="10" count="0" type="stmt"/>
      <line num="11" count="0" type="stmt"/>
      <line num="16" count="0" type="stmt"/>
      <line num="17" count="0" type="cond" truecount="0" falsecount="2"/>
      <line num="18" count="0" type="stmt"/>
      <line num="20" count="0" type="stmt"/>
      <line num="25" count="0" type="stmt"/>
      <line num="26" count="0" type="cond" truecount="0" falsecount="2"/>
      <line num="27" count="0" type="stmt"/>
      <line num="29" count="0" type="stmt"/>
      <line num="34" count="0" type="stmt"/>
    </file>
  </project>
</coverage>
