{"/Users/pendiaz/Documents/my-projects/Capstone/web/.storybook/preview.js": {"path":"/Users/pendiaz/Documents/my-projects/Capstone/web/.storybook/preview.js","statementMap":{"0":{"start":{"line":4,"column":16},"end":{"line":19,"column":1}}},"fnMap":{},"branchMap":{},"s":{"0":3},"f":{},"b":{},"meta":{"lastBranch":0,"lastFunction":0,"lastStatement":1,"seen":{"s:4:16:19:1":0}}}
,"/Users/pendiaz/Documents/my-projects/Capstone/web/src/index.css": {"path":"/Users/pendiaz/Documents/my-projects/Capstone/web/src/index.css","statementMap":{},"fnMap":{},"branchMap":{},"s":{},"f":{},"b":{},"meta":{"lastBranch":0,"lastFunction":0,"lastStatement":0,"seen":{}}}
,"/Users/pendiaz/Documents/my-projects/Capstone/web/src/features/admin/index.js": {"path":"/Users/pendiaz/Documents/my-projects/Capstone/web/src/features/admin/index.js","statementMap":{},"fnMap":{},"branchMap":{},"s":{},"f":{},"b":{},"meta":{"lastBranch":0,"lastFunction":0,"lastStatement":0,"seen":{}}}
,"/Users/pendiaz/Documents/my-projects/Capstone/web/src/features/admin/components/IssueTemporaryCredentialsModal.jsx": {"path":"/Users/pendiaz/Documents/my-projects/Capstone/web/src/features/admin/components/IssueTemporaryCredentialsModal.jsx","statementMap":{"0":{"start":{"line":7,"column":17},"end":{"line":7,"column":null}},"1":{"start":{"line":10,"column":17},"end":{"line":10,"column":null}},"2":{"start":{"line":11,"column":34},"end":{"line":11,"column":null}},"3":{"start":{"line":12,"column":26},"end":{"line":12,"column":null}},"4":{"start":{"line":13,"column":25},"end":{"line":13,"column":null}},"5":{"start":{"line":15,"column":23},"end":{"line":33,"column":null}},"6":{"start":{"line":16,"column":4},"end":{"line":32,"column":null}},"7":{"start":{"line":17,"column":6},"end":{"line":17,"column":null}},"8":{"start":{"line":18,"column":22},"end":{"line":22,"column":null}},"9":{"start":{"line":23,"column":18},"end":{"line":23,"column":null}},"10":{"start":{"line":24,"column":6},"end":{"line":24,"column":null}},"11":{"start":{"line":25,"column":6},"end":{"line":25,"column":null}},"12":{"start":{"line":26,"column":6},"end":{"line":26,"column":null}},"13":{"start":{"line":28,"column":6},"end":{"line":28,"column":null}},"14":{"start":{"line":29,"column":6},"end":{"line":29,"column":null}},"15":{"start":{"line":31,"column":6},"end":{"line":31,"column":null}},"16":{"start":{"line":35,"column":22},"end":{"line":38,"column":null}},"17":{"start":{"line":36,"column":4},"end":{"line":36,"column":null}},"18":{"start":{"line":37,"column":4},"end":{"line":37,"column":null}},"19":{"start":{"line":40,"column":2},"end":{"line":89,"column":null}}},"fnMap":{"0":{"name":"IssueTemporaryCredentialsModal","decl":{"start":{"line":9,"column":24},"end":{"line":9,"column":55}},"loc":{"start":{"line":9,"column":101},"end":{"line":91,"column":null}},"line":9},"1":{"name":"(anonymous_1)","decl":{"start":{"line":15,"column":23},"end":{"line":15,"column":30}},"loc":{"start":{"line":15,"column":41},"end":{"line":33,"column":null}},"line":15},"2":{"name":"(anonymous_2)","decl":{"start":{"line":35,"column":22},"end":{"line":35,"column":28}},"loc":{"start":{"line":35,"column":28},"end":{"line":38,"column":null}},"line":35}},"branchMap":{"0":{"loc":{"start":{"line":48,"column":7},"end":{"line":59,"column":null}},"type":"binary-expr","locations":[{"start":{"line":48,"column":7},"end":{"line":48,"column":null}},{"start":{"line":49,"column":8},"end":{"line":59,"column":null}}],"line":48},"1":{"loc":{"start":{"line":55,"column":91},"end":{"line":55,"column":null}},"type":"binary-expr","locations":[{"start":{"line":55,"column":91},"end":{"line":55,"column":123}},{"start":{"line":55,"column":123},"end":{"line":55,"column":162}},{"start":{"line":55,"column":162},"end":{"line":55,"column":null}}],"line":55},"2":{"loc":{"start":{"line":62,"column":7},"end":{"line":87,"column":null}},"type":"cond-expr","locations":[{"start":{"line":63,"column":8},"end":{"line":85,"column":null}},{"start":{"line":87,"column":8},"end":{"line":87,"column":null}}],"line":62}},"s":{"0":5,"1":0,"2":0,"3":0,"4":0,"5":0,"6":0,"7":0,"8":0,"9":0,"10":0,"11":0,"12":0,"13":0,"14":0,"15":0,"16":0,"17":0,"18":0,"19":0},"f":{"0":0,"1":0,"2":0},"b":{"0":[0,0],"1":[0,0,0],"2":[0,0]},"meta":{"lastBranch":3,"lastFunction":3,"lastStatement":20,"seen":{"s:7:17:7:Infinity":0,"f:9:24:9:55":0,"s:10:17:10:Infinity":1,"s:11:34:11:Infinity":2,"s:12:26:12:Infinity":3,"s:13:25:13:Infinity":4,"s:15:23:33:Infinity":5,"f:15:23:15:30":1,"s:16:4:32:Infinity":6,"s:17:6:17:Infinity":7,"s:18:22:22:Infinity":8,"s:23:18:23:Infinity":9,"s:24:6:24:Infinity":10,"s:25:6:25:Infinity":11,"s:26:6:26:Infinity":12,"s:28:6:28:Infinity":13,"s:29:6:29:Infinity":14,"s:31:6:31:Infinity":15,"s:35:22:38:Infinity":16,"f:35:22:35:28":2,"s:36:4:36:Infinity":17,"s:37:4:37:Infinity":18,"s:40:2:89:Infinity":19,"b:48:7:48:Infinity:49:8:59:Infinity":0,"b:55:91:55:123:55:123:55:162:55:162:55:Infinity":1,"b:63:8:85:Infinity:87:8:87:Infinity":2}}}
,"/Users/pendiaz/Documents/my-projects/Capstone/web/src/features/admin/components/RecoveryRequestDetail.jsx": {"path":"/Users/pendiaz/Documents/my-projects/Capstone/web/src/features/admin/components/RecoveryRequestDetail.jsx","statementMap":{"0":{"start":{"line":3,"column":17},"end":{"line":3,"column":null}},"1":{"start":{"line":6,"column":2},"end":{"line":53,"column":null}}},"fnMap":{"0":{"name":"RecoveryRequestDetail","decl":{"start":{"line":5,"column":24},"end":{"line":5,"column":46}},"loc":{"start":{"line":5,"column":68},"end":{"line":55,"column":null}},"line":5}},"branchMap":{"0":{"loc":{"start":{"line":14,"column":7},"end":{"line":51,"column":null}},"type":"cond-expr","locations":[{"start":{"line":14,"column":18},"end":{"line":14,"column":null}},{"start":{"line":15,"column":8},"end":{"line":51,"column":null}}],"line":14},"1":{"loc":{"start":{"line":19,"column":47},"end":{"line":19,"column":69}},"type":"binary-expr","locations":[{"start":{"line":19,"column":47},"end":{"line":19,"column":65}},{"start":{"line":19,"column":65},"end":{"line":19,"column":69}}],"line":19},"2":{"loc":{"start":{"line":20,"column":45},"end":{"line":20,"column":65}},"type":"binary-expr","locations":[{"start":{"line":20,"column":45},"end":{"line":20,"column":61}},{"start":{"line":20,"column":61},"end":{"line":20,"column":65}}],"line":20},"3":{"loc":{"start":{"line":22,"column":26},"end":{"line":22,"column":null}},"type":"cond-expr","locations":[{"start":{"line":22,"column":58},"end":{"line":22,"column":68}},{"start":{"line":22,"column":68},"end":{"line":22,"column":null}}],"line":22},"4":{"loc":{"start":{"line":22,"column":68},"end":{"line":22,"column":null}},"type":"cond-expr","locations":[{"start":{"line":22,"column":99},"end":{"line":22,"column":108}},{"start":{"line":22,"column":108},"end":{"line":22,"column":null}}],"line":22},"5":{"loc":{"start":{"line":26,"column":53},"end":{"line":26,"column":128}},"type":"cond-expr","locations":[{"start":{"line":26,"column":75},"end":{"line":26,"column":124}},{"start":{"line":26,"column":124},"end":{"line":26,"column":128}}],"line":26},"6":{"loc":{"start":{"line":27,"column":52},"end":{"line":27,"column":125}},"type":"cond-expr","locations":[{"start":{"line":27,"column":73},"end":{"line":27,"column":121}},{"start":{"line":27,"column":121},"end":{"line":27,"column":125}}],"line":27},"7":{"loc":{"start":{"line":28,"column":53},"end":{"line":28,"column":80}},"type":"binary-expr","locations":[{"start":{"line":28,"column":53},"end":{"line":28,"column":76}},{"start":{"line":28,"column":76},"end":{"line":28,"column":80}}],"line":28},"8":{"loc":{"start":{"line":29,"column":54},"end":{"line":29,"column":82}},"type":"binary-expr","locations":[{"start":{"line":29,"column":54},"end":{"line":29,"column":78}},{"start":{"line":29,"column":78},"end":{"line":29,"column":82}}],"line":29},"9":{"loc":{"start":{"line":35,"column":45},"end":{"line":35,"column":104}},"type":"binary-expr","locations":[{"start":{"line":35,"column":45},"end":{"line":35,"column":69}},{"start":{"line":35,"column":69},"end":{"line":35,"column":100}},{"start":{"line":35,"column":100},"end":{"line":35,"column":104}}],"line":35},"10":{"loc":{"start":{"line":36,"column":53},"end":{"line":36,"column":88}},"type":"binary-expr","locations":[{"start":{"line":36,"column":53},"end":{"line":36,"column":84}},{"start":{"line":36,"column":84},"end":{"line":36,"column":88}}],"line":36},"11":{"loc":{"start":{"line":37,"column":63},"end":{"line":37,"column":124}},"type":"cond-expr","locations":[{"start":{"line":37,"column":111},"end":{"line":37,"column":119}},{"start":{"line":37,"column":119},"end":{"line":37,"column":124}}],"line":37},"12":{"loc":{"start":{"line":38,"column":62},"end":{"line":38,"column":122}},"type":"cond-expr","locations":[{"start":{"line":38,"column":109},"end":{"line":38,"column":117}},{"start":{"line":38,"column":117},"end":{"line":38,"column":122}}],"line":38},"13":{"loc":{"start":{"line":42,"column":11},"end":{"line":49,"column":null}},"type":"binary-expr","locations":[{"start":{"line":42,"column":11},"end":{"line":42,"column":null}},{"start":{"line":43,"column":12},"end":{"line":49,"column":null}}],"line":42}},"s":{"0":5,"1":0},"f":{"0":0},"b":{"0":[0,0],"1":[0,0],"2":[0,0],"3":[0,0],"4":[0,0],"5":[0,0],"6":[0,0],"7":[0,0],"8":[0,0],"9":[0,0,0],"10":[0,0],"11":[0,0],"12":[0,0],"13":[0,0]},"meta":{"lastBranch":14,"lastFunction":1,"lastStatement":2,"seen":{"s:3:17:3:Infinity":0,"f:5:24:5:46":0,"s:6:2:53:Infinity":1,"b:14:18:14:Infinity:15:8:51:Infinity":0,"b:19:47:19:65:19:65:19:69":1,"b:20:45:20:61:20:61:20:65":2,"b:22:58:22:68:22:68:22:Infinity":3,"b:22:99:22:108:22:108:22:Infinity":4,"b:26:75:26:124:26:124:26:128":5,"b:27:73:27:121:27:121:27:125":6,"b:28:53:28:76:28:76:28:80":7,"b:29:54:29:78:29:78:29:82":8,"b:35:45:35:69:35:69:35:100:35:100:35:104":9,"b:36:53:36:84:36:84:36:88":10,"b:37:111:37:119:37:119:37:124":11,"b:38:109:38:117:38:117:38:122":12,"b:42:11:42:Infinity:43:12:49:Infinity":13}}}
,"/Users/pendiaz/Documents/my-projects/Capstone/web/src/features/admin/components/RecoveryRequestFilters.jsx": {"path":"/Users/pendiaz/Documents/my-projects/Capstone/web/src/features/admin/components/RecoveryRequestFilters.jsx","statementMap":{"0":{"start":{"line":3,"column":22},"end":{"line":7,"column":null}},"1":{"start":{"line":10,"column":17},"end":{"line":10,"column":null}},"2":{"start":{"line":12,"column":29},"end":{"line":14,"column":null}},"3":{"start":{"line":13,"column":4},"end":{"line":13,"column":null}},"4":{"start":{"line":16,"column":2},"end":{"line":39,"column":null}},"5":{"start":{"line":35,"column":33},"end":{"line":35,"column":53}}},"fnMap":{"0":{"name":"RecoveryRequestFilters","decl":{"start":{"line":9,"column":24},"end":{"line":9,"column":47}},"loc":{"start":{"line":9,"column":84},"end":{"line":41,"column":null}},"line":9},"1":{"name":"(anonymous_1)","decl":{"start":{"line":12,"column":29},"end":{"line":12,"column":30}},"loc":{"start":{"line":12,"column":41},"end":{"line":14,"column":null}},"line":12},"2":{"name":"(anonymous_2)","decl":{"start":{"line":35,"column":27},"end":{"line":35,"column":33}},"loc":{"start":{"line":35,"column":33},"end":{"line":35,"column":53}},"line":35}},"branchMap":{"0":{"loc":{"start":{"line":9,"column":49},"end":{"line":9,"column":61}},"type":"default-arg","locations":[{"start":{"line":9,"column":57},"end":{"line":9,"column":61}}],"line":9}},"s":{"0":5,"1":0,"2":0,"3":0,"4":0,"5":0},"f":{"0":0,"1":0,"2":0},"b":{"0":[0]},"meta":{"lastBranch":1,"lastFunction":3,"lastStatement":6,"seen":{"s:3:22:7:Infinity":0,"f:9:24:9:47":0,"b:9:57:9:61":0,"s:10:17:10:Infinity":1,"s:12:29:14:Infinity":2,"f:12:29:12:30":1,"s:13:4:13:Infinity":3,"s:16:2:39:Infinity":4,"f:35:27:35:33":2,"s:35:33:35:53":5}}}
,"/Users/pendiaz/Documents/my-projects/Capstone/web/src/features/admin/components/RecoveryRequestsTable.jsx": {"path":"/Users/pendiaz/Documents/my-projects/Capstone/web/src/features/admin/components/RecoveryRequestsTable.jsx","statementMap":{"0":{"start":{"line":8,"column":17},"end":{"line":8,"column":null}},"1":{"start":{"line":11,"column":30},"end":{"line":11,"column":null}},"2":{"start":{"line":12,"column":28},"end":{"line":12,"column":null}},"3":{"start":{"line":13,"column":28},"end":{"line":13,"column":null}},"4":{"start":{"line":14,"column":30},"end":{"line":14,"column":null}},"5":{"start":{"line":15,"column":32},"end":{"line":15,"column":null}},"6":{"start":{"line":17,"column":15},"end":{"line":27,"column":null}},"7":{"start":{"line":18,"column":4},"end":{"line":26,"column":null}},"8":{"start":{"line":19,"column":6},"end":{"line":19,"column":null}},"9":{"start":{"line":20,"column":19},"end":{"line":20,"column":null}},"10":{"start":{"line":21,"column":6},"end":{"line":21,"column":null}},"11":{"start":{"line":23,"column":6},"end":{"line":23,"column":null}},"12":{"start":{"line":25,"column":6},"end":{"line":25,"column":null}},"13":{"start":{"line":29,"column":2},"end":{"line":31,"column":null}},"14":{"start":{"line":30,"column":4},"end":{"line":30,"column":null}},"15":{"start":{"line":33,"column":8},"end":{"line":61,"column":null}},"16":{"start":{"line":33,"column":33},"end":{"line":61,"column":6}},"17":{"start":{"line":42,"column":22},"end":{"line":42,"column":null}},"18":{"start":{"line":43,"column":8},"end":{"line":43,"column":null}},"19":{"start":{"line":46,"column":88},"end":{"line":46,"column":128}},"20":{"start":{"line":51,"column":8},"end":{"line":58,"column":null}},"21":{"start":{"line":52,"column":46},"end":{"line":52,"column":64}},"22":{"start":{"line":54,"column":65},"end":{"line":54,"column":83}},"23":{"start":{"line":54,"column":83},"end":{"line":54,"column":102}},"24":{"start":{"line":63,"column":2},"end":{"line":87,"column":null}},"25":{"start":{"line":78,"column":63},"end":{"line":78,"column":82}},"26":{"start":{"line":82,"column":25},"end":{"line":82,"column":null}}},"fnMap":{"0":{"name":"RecoveryRequestsTable","decl":{"start":{"line":10,"column":24},"end":{"line":10,"column":48}},"loc":{"start":{"line":10,"column":48},"end":{"line":89,"column":null}},"line":10},"1":{"name":"(anonymous_1)","decl":{"start":{"line":17,"column":15},"end":{"line":17,"column":27}},"loc":{"start":{"line":17,"column":27},"end":{"line":27,"column":null}},"line":17},"2":{"name":"(anonymous_2)","decl":{"start":{"line":29,"column":12},"end":{"line":29,"column":18}},"loc":{"start":{"line":29,"column":18},"end":{"line":31,"column":5}},"line":29},"3":{"name":"(anonymous_3)","decl":{"start":{"line":33,"column":26},"end":{"line":33,"column":33}},"loc":{"start":{"line":33,"column":33},"end":{"line":61,"column":6}},"line":33},"4":{"name":"(anonymous_4)","decl":{"start":{"line":41,"column":14},"end":{"line":41,"column":15}},"loc":{"start":{"line":41,"column":26},"end":{"line":44,"column":null}},"line":41},"5":{"name":"(anonymous_5)","decl":{"start":{"line":46,"column":80},"end":{"line":46,"column":81}},"loc":{"start":{"line":46,"column":88},"end":{"line":46,"column":128}},"line":46},"6":{"name":"(anonymous_6)","decl":{"start":{"line":50,"column":14},"end":{"line":50,"column":15}},"loc":{"start":{"line":51,"column":8},"end":{"line":58,"column":null}},"line":51},"7":{"name":"(anonymous_7)","decl":{"start":{"line":52,"column":40},"end":{"line":52,"column":46}},"loc":{"start":{"line":52,"column":46},"end":{"line":52,"column":64}},"line":52},"8":{"name":"(anonymous_8)","decl":{"start":{"line":54,"column":57},"end":{"line":54,"column":63}},"loc":{"start":{"line":54,"column":63},"end":{"line":54,"column":105}},"line":54},"9":{"name":"(anonymous_9)","decl":{"start":{"line":78,"column":57},"end":{"line":78,"column":63}},"loc":{"start":{"line":78,"column":63},"end":{"line":78,"column":82}},"line":78},"10":{"name":"(anonymous_10)","decl":{"start":{"line":82,"column":19},"end":{"line":82,"column":25}},"loc":{"start":{"line":82,"column":25},"end":{"line":82,"column":null}},"line":82}},"branchMap":{"0":{"loc":{"start":{"line":21,"column":18},"end":{"line":21,"column":38}},"type":"binary-expr","locations":[{"start":{"line":21,"column":18},"end":{"line":21,"column":36}},{"start":{"line":21,"column":36},"end":{"line":21,"column":38}}],"line":21},"1":{"loc":{"start":{"line":42,"column":22},"end":{"line":42,"column":null}},"type":"cond-expr","locations":[{"start":{"line":42,"column":50},"end":{"line":42,"column":60}},{"start":{"line":42,"column":60},"end":{"line":42,"column":null}}],"line":42},"2":{"loc":{"start":{"line":42,"column":60},"end":{"line":42,"column":null}},"type":"cond-expr","locations":[{"start":{"line":42,"column":87},"end":{"line":42,"column":96}},{"start":{"line":42,"column":96},"end":{"line":42,"column":null}}],"line":42},"3":{"loc":{"start":{"line":46,"column":88},"end":{"line":46,"column":128}},"type":"cond-expr","locations":[{"start":{"line":46,"column":92},"end":{"line":46,"column":123}},{"start":{"line":46,"column":123},"end":{"line":46,"column":128}}],"line":46},"4":{"loc":{"start":{"line":53,"column":11},"end":{"line":56,"column":null}},"type":"binary-expr","locations":[{"start":{"line":53,"column":11},"end":{"line":53,"column":null}},{"start":{"line":54,"column":12},"end":{"line":56,"column":null}}],"line":53},"5":{"loc":{"start":{"line":75,"column":9},"end":{"line":75,"column":null}},"type":"binary-expr","locations":[{"start":{"line":75,"column":9},"end":{"line":75,"column":34}},{"start":{"line":75,"column":34},"end":{"line":75,"column":46}},{"start":{"line":75,"column":46},"end":{"line":75,"column":null}}],"line":75},"6":{"loc":{"start":{"line":79,"column":7},"end":{"line":85,"column":null}},"type":"binary-expr","locations":[{"start":{"line":79,"column":7},"end":{"line":79,"column":null}},{"start":{"line":80,"column":8},"end":{"line":85,"column":null}}],"line":79}},"s":{"0":5,"1":0,"2":0,"3":0,"4":0,"5":0,"6":0,"7":0,"8":0,"9":0,"10":0,"11":0,"12":0,"13":0,"14":0,"15":0,"16":0,"17":0,"18":0,"19":0,"20":0,"21":0,"22":0,"23":0,"24":0,"25":0,"26":0},"f":{"0":0,"1":0,"2":0,"3":0,"4":0,"5":0,"6":0,"7":0,"8":0,"9":0,"10":0},"b":{"0":[0,0],"1":[0,0],"2":[0,0],"3":[0,0],"4":[0,0],"5":[0,0,0],"6":[0,0]},"meta":{"lastBranch":7,"lastFunction":11,"lastStatement":27,"seen":{"s:8:17:8:Infinity":0,"f:10:24:10:48":0,"s:11:30:11:Infinity":1,"s:12:28:12:Infinity":2,"s:13:28:13:Infinity":3,"s:14:30:14:Infinity":4,"s:15:32:15:Infinity":5,"s:17:15:27:Infinity":6,"f:17:15:17:27":1,"s:18:4:26:Infinity":7,"s:19:6:19:Infinity":8,"s:20:19:20:Infinity":9,"s:21:6:21:Infinity":10,"b:21:18:21:36:21:36:21:38":0,"s:23:6:23:Infinity":11,"s:25:6:25:Infinity":12,"s:29:2:31:Infinity":13,"f:29:12:29:18":2,"s:30:4:30:Infinity":14,"s:33:8:61:Infinity":15,"f:33:26:33:33":3,"s:33:33:61:6":16,"f:41:14:41:15":4,"s:42:22:42:Infinity":17,"b:42:50:42:60:42:60:42:Infinity":1,"b:42:87:42:96:42:96:42:Infinity":2,"s:43:8:43:Infinity":18,"f:46:80:46:81":5,"s:46:88:46:128":19,"b:46:92:46:123:46:123:46:128":3,"f:50:14:50:15":6,"s:51:8:58:Infinity":20,"f:52:40:52:46":7,"s:52:46:52:64":21,"b:53:11:53:Infinity:54:12:56:Infinity":4,"f:54:57:54:63":8,"s:54:65:54:83":22,"s:54:83:54:102":23,"s:63:2:87:Infinity":24,"b:75:9:75:34:75:34:75:46:75:46:75:Infinity":5,"f:78:57:78:63":9,"s:78:63:78:82":25,"b:79:7:79:Infinity:80:8:85:Infinity":6,"f:82:19:82:25":10,"s:82:25:82:Infinity":26}}}
,"/Users/pendiaz/Documents/my-projects/Capstone/web/src/features/admin/components/SecurityAlertsWidget.jsx": {"path":"/Users/pendiaz/Documents/my-projects/Capstone/web/src/features/admin/components/SecurityAlertsWidget.jsx","statementMap":{"0":{"start":{"line":4,"column":2},"end":{"line":18,"column":null}},"1":{"start":{"line":10,"column":10},"end":{"line":15,"column":null}}},"fnMap":{"0":{"name":"SecurityAlertsWidget","decl":{"start":{"line":3,"column":24},"end":{"line":3,"column":45}},"loc":{"start":{"line":3,"column":62},"end":{"line":20,"column":null}},"line":3},"1":{"name":"(anonymous_1)","decl":{"start":{"line":9,"column":20},"end":{"line":9,"column":21}},"loc":{"start":{"line":10,"column":10},"end":{"line":15,"column":null}},"line":10}},"branchMap":{"0":{"loc":{"start":{"line":3,"column":47},"end":{"line":3,"column":59}},"type":"default-arg","locations":[{"start":{"line":3,"column":56},"end":{"line":3,"column":59}}],"line":3},"1":{"loc":{"start":{"line":12,"column":28},"end":{"line":12,"column":60}},"type":"binary-expr","locations":[{"start":{"line":12,"column":28},"end":{"line":12,"column":43}},{"start":{"line":12,"column":43},"end":{"line":12,"column":60}}],"line":12},"2":{"loc":{"start":{"line":12,"column":73},"end":{"line":12,"column":120}},"type":"cond-expr","locations":[{"start":{"line":12,"column":101},"end":{"line":12,"column":109}},{"start":{"line":12,"column":109},"end":{"line":12,"column":120}}],"line":12},"3":{"loc":{"start":{"line":12,"column":120},"end":{"line":12,"column":145}},"type":"binary-expr","locations":[{"start":{"line":12,"column":120},"end":{"line":12,"column":138}},{"start":{"line":12,"column":138},"end":{"line":12,"column":145}}],"line":12},"4":{"loc":{"start":{"line":13,"column":27},"end":{"line":13,"column":null}},"type":"cond-expr","locations":[{"start":{"line":13,"column":45},"end":{"line":13,"column":90}},{"start":{"line":13,"column":90},"end":{"line":13,"column":null}}],"line":13}},"s":{"0":0,"1":0},"f":{"0":0,"1":0},"b":{"0":[0],"1":[0,0],"2":[0,0],"3":[0,0],"4":[0,0]},"meta":{"lastBranch":5,"lastFunction":2,"lastStatement":2,"seen":{"f:3:24:3:45":0,"b:3:56:3:59":0,"s:4:2:18:Infinity":0,"f:9:20:9:21":1,"s:10:10:15:Infinity":1,"b:12:28:12:43:12:43:12:60":1,"b:12:101:12:109:12:109:12:120":2,"b:12:120:12:138:12:138:12:145":3,"b:13:45:13:90:13:90:13:Infinity":4}}}
,"/Users/pendiaz/Documents/my-projects/Capstone/web/src/features/admin/components/SecurityEventsTable.jsx": {"path":"/Users/pendiaz/Documents/my-projects/Capstone/web/src/features/admin/components/SecurityEventsTable.jsx","statementMap":{"0":{"start":{"line":4,"column":18},"end":{"line":10,"column":null}},"1":{"start":{"line":8,"column":79},"end":{"line":8,"column":119}},"2":{"start":{"line":9,"column":80},"end":{"line":9,"column":171}},"3":{"start":{"line":12,"column":2},"end":{"line":20,"column":null}},"4":{"start":{"line":14,"column":28},"end":{"line":14,"column":null}}},"fnMap":{"0":{"name":"SecurityEventsTable","decl":{"start":{"line":3,"column":24},"end":{"line":3,"column":44}},"loc":{"start":{"line":3,"column":70},"end":{"line":22,"column":null}},"line":3},"1":{"name":"(anonymous_1)","decl":{"start":{"line":8,"column":71},"end":{"line":8,"column":72}},"loc":{"start":{"line":8,"column":79},"end":{"line":8,"column":119}},"line":8},"2":{"name":"(anonymous_2)","decl":{"start":{"line":9,"column":73},"end":{"line":9,"column":74}},"loc":{"start":{"line":9,"column":80},"end":{"line":9,"column":171}},"line":9},"3":{"name":"(anonymous_3)","decl":{"start":{"line":14,"column":14},"end":{"line":14,"column":15}},"loc":{"start":{"line":14,"column":28},"end":{"line":14,"column":null}},"line":14}},"branchMap":{"0":{"loc":{"start":{"line":3,"column":46},"end":{"line":3,"column":59}},"type":"default-arg","locations":[{"start":{"line":3,"column":55},"end":{"line":3,"column":59}}],"line":3},"1":{"loc":{"start":{"line":8,"column":79},"end":{"line":8,"column":119}},"type":"cond-expr","locations":[{"start":{"line":8,"column":83},"end":{"line":8,"column":114}},{"start":{"line":8,"column":114},"end":{"line":8,"column":119}}],"line":8},"2":{"loc":{"start":{"line":9,"column":92},"end":{"line":9,"column":152}},"type":"cond-expr","locations":[{"start":{"line":9,"column":107},"end":{"line":9,"column":115}},{"start":{"line":9,"column":115},"end":{"line":9,"column":152}}],"line":9},"3":{"loc":{"start":{"line":9,"column":115},"end":{"line":9,"column":152}},"type":"cond-expr","locations":[{"start":{"line":9,"column":132},"end":{"line":9,"column":143}},{"start":{"line":9,"column":143},"end":{"line":9,"column":152}}],"line":9},"4":{"loc":{"start":{"line":9,"column":152},"end":{"line":9,"column":164}},"type":"binary-expr","locations":[{"start":{"line":9,"column":152},"end":{"line":9,"column":157}},{"start":{"line":9,"column":157},"end":{"line":9,"column":164}}],"line":9},"5":{"loc":{"start":{"line":14,"column":28},"end":{"line":14,"column":null}},"type":"binary-expr","locations":[{"start":{"line":14,"column":28},"end":{"line":14,"column":38}},{"start":{"line":14,"column":38},"end":{"line":14,"column":null}}],"line":14}},"s":{"0":0,"1":0,"2":0,"3":0,"4":0},"f":{"0":0,"1":0,"2":0,"3":0},"b":{"0":[0],"1":[0,0],"2":[0,0],"3":[0,0],"4":[0,0],"5":[0,0]},"meta":{"lastBranch":6,"lastFunction":4,"lastStatement":5,"seen":{"f:3:24:3:44":0,"b:3:55:3:59":0,"s:4:18:10:Infinity":0,"f:8:71:8:72":1,"s:8:79:8:119":1,"b:8:83:8:114:8:114:8:119":1,"f:9:73:9:74":2,"s:9:80:9:171":2,"b:9:107:9:115:9:115:9:152":2,"b:9:132:9:143:9:143:9:152":3,"b:9:152:9:157:9:157:9:164":4,"s:12:2:20:Infinity":3,"f:14:14:14:15":3,"s:14:28:14:Infinity":4,"b:14:28:14:38:14:38:14:Infinity":5}}}
,"/Users/pendiaz/Documents/my-projects/Capstone/web/src/features/admin/components/TamperIncidentsPanel.jsx": {"path":"/Users/pendiaz/Documents/my-projects/Capstone/web/src/features/admin/components/TamperIncidentsPanel.jsx","statementMap":{"0":{"start":{"line":11,"column":21},"end":{"line":15,"column":null}},"1":{"start":{"line":17,"column":23},"end":{"line":21,"column":null}},"2":{"start":{"line":24,"column":28},"end":{"line":24,"column":null}},"3":{"start":{"line":25,"column":32},"end":{"line":25,"column":null}},"4":{"start":{"line":26,"column":24},"end":{"line":26,"column":null}},"5":{"start":{"line":28,"column":15},"end":{"line":39,"column":null}},"6":{"start":{"line":29,"column":4},"end":{"line":29,"column":null}},"7":{"start":{"line":30,"column":4},"end":{"line":38,"column":null}},"8":{"start":{"line":31,"column":33},"end":{"line":31,"column":null}},"9":{"start":{"line":32,"column":6},"end":{"line":32,"column":null}},"10":{"start":{"line":32,"column":29},"end":{"line":32,"column":null}},"11":{"start":{"line":33,"column":6},"end":{"line":33,"column":null}},"12":{"start":{"line":33,"column":27},"end":{"line":33,"column":null}},"13":{"start":{"line":35,"column":6},"end":{"line":35,"column":null}},"14":{"start":{"line":37,"column":6},"end":{"line":37,"column":null}},"15":{"start":{"line":41,"column":2},"end":{"line":43,"column":null}},"16":{"start":{"line":42,"column":4},"end":{"line":42,"column":null}},"17":{"start":{"line":45,"column":20},"end":{"line":53,"column":null}},"18":{"start":{"line":46,"column":4},"end":{"line":52,"column":null}},"19":{"start":{"line":47,"column":6},"end":{"line":47,"column":null}},"20":{"start":{"line":48,"column":6},"end":{"line":48,"column":null}},"21":{"start":{"line":49,"column":6},"end":{"line":49,"column":null}},"22":{"start":{"line":51,"column":6},"end":{"line":51,"column":null}},"23":{"start":{"line":55,"column":28},"end":{"line":63,"column":null}},"24":{"start":{"line":56,"column":4},"end":{"line":62,"column":null}},"25":{"start":{"line":57,"column":6},"end":{"line":57,"column":null}},"26":{"start":{"line":58,"column":6},"end":{"line":58,"column":null}},"27":{"start":{"line":59,"column":6},"end":{"line":59,"column":null}},"28":{"start":{"line":61,"column":6},"end":{"line":61,"column":null}},"29":{"start":{"line":65,"column":24},"end":{"line":74,"column":null}},"30":{"start":{"line":66,"column":18},"end":{"line":66,"column":null}},"31":{"start":{"line":67,"column":4},"end":{"line":73,"column":null}},"32":{"start":{"line":68,"column":6},"end":{"line":68,"column":null}},"33":{"start":{"line":69,"column":6},"end":{"line":69,"column":null}},"34":{"start":{"line":70,"column":6},"end":{"line":70,"column":null}},"35":{"start":{"line":72,"column":6},"end":{"line":72,"column":null}},"36":{"start":{"line":76,"column":8},"end":{"line":138,"column":null}},"37":{"start":{"line":77,"column":10},"end":{"line":136,"column":null}},"38":{"start":{"line":83,"column":23},"end":{"line":83,"column":null}},"39":{"start":{"line":89,"column":23},"end":{"line":89,"column":null}},"40":{"start":{"line":95,"column":23},"end":{"line":95,"column":null}},"41":{"start":{"line":101,"column":23},"end":{"line":101,"column":null}},"42":{"start":{"line":107,"column":24},"end":{"line":107,"column":null}},"43":{"start":{"line":113,"column":10},"end":{"line":133,"column":null}},"44":{"start":{"line":115,"column":50},"end":{"line":115,"column":72}},"45":{"start":{"line":122,"column":31},"end":{"line":122,"column":null}},"46":{"start":{"line":129,"column":65},"end":{"line":129,"column":91}},"47":{"start":{"line":140,"column":2},"end":{"line":165,"column":null}},"48":{"start":{"line":158,"column":25},"end":{"line":158,"column":null}}},"fnMap":{"0":{"name":"TamperIncidentsPanel","decl":{"start":{"line":23,"column":24},"end":{"line":23,"column":47}},"loc":{"start":{"line":23,"column":47},"end":{"line":167,"column":null}},"line":23},"1":{"name":"(anonymous_1)","decl":{"start":{"line":28,"column":15},"end":{"line":28,"column":27}},"loc":{"start":{"line":28,"column":27},"end":{"line":39,"column":null}},"line":28},"2":{"name":"(anonymous_2)","decl":{"start":{"line":41,"column":12},"end":{"line":41,"column":18}},"loc":{"start":{"line":41,"column":18},"end":{"line":43,"column":5}},"line":41},"3":{"name":"(anonymous_3)","decl":{"start":{"line":45,"column":20},"end":{"line":45,"column":27}},"loc":{"start":{"line":45,"column":34},"end":{"line":53,"column":null}},"line":45},"4":{"name":"(anonymous_4)","decl":{"start":{"line":55,"column":28},"end":{"line":55,"column":35}},"loc":{"start":{"line":55,"column":48},"end":{"line":63,"column":null}},"line":55},"5":{"name":"(anonymous_5)","decl":{"start":{"line":65,"column":24},"end":{"line":65,"column":31}},"loc":{"start":{"line":65,"column":38},"end":{"line":74,"column":null}},"line":65},"6":{"name":"(anonymous_6)","decl":{"start":{"line":77,"column":4},"end":{"line":77,"column":10}},"loc":{"start":{"line":77,"column":10},"end":{"line":136,"column":null}},"line":77},"7":{"name":"(anonymous_7)","decl":{"start":{"line":83,"column":16},"end":{"line":83,"column":17}},"loc":{"start":{"line":83,"column":23},"end":{"line":83,"column":null}},"line":83},"8":{"name":"(anonymous_8)","decl":{"start":{"line":89,"column":16},"end":{"line":89,"column":17}},"loc":{"start":{"line":89,"column":23},"end":{"line":89,"column":null}},"line":89},"9":{"name":"(anonymous_9)","decl":{"start":{"line":95,"column":16},"end":{"line":95,"column":17}},"loc":{"start":{"line":95,"column":23},"end":{"line":95,"column":null}},"line":95},"10":{"name":"(anonymous_10)","decl":{"start":{"line":101,"column":16},"end":{"line":101,"column":17}},"loc":{"start":{"line":101,"column":23},"end":{"line":101,"column":null}},"line":101},"11":{"name":"(anonymous_11)","decl":{"start":{"line":107,"column":16},"end":{"line":107,"column":17}},"loc":{"start":{"line":107,"column":24},"end":{"line":107,"column":null}},"line":107},"12":{"name":"(anonymous_12)","decl":{"start":{"line":112,"column":16},"end":{"line":112,"column":17}},"loc":{"start":{"line":113,"column":10},"end":{"line":133,"column":null}},"line":113},"13":{"name":"(anonymous_13)","decl":{"start":{"line":115,"column":44},"end":{"line":115,"column":50}},"loc":{"start":{"line":115,"column":50},"end":{"line":115,"column":72}},"line":115},"14":{"name":"(anonymous_14)","decl":{"start":{"line":122,"column":25},"end":{"line":122,"column":31}},"loc":{"start":{"line":122,"column":31},"end":{"line":122,"column":null}},"line":122},"15":{"name":"(anonymous_15)","decl":{"start":{"line":129,"column":59},"end":{"line":129,"column":65}},"loc":{"start":{"line":129,"column":65},"end":{"line":129,"column":91}},"line":129},"16":{"name":"(anonymous_16)","decl":{"start":{"line":158,"column":16},"end":{"line":158,"column":17}},"loc":{"start":{"line":158,"column":25},"end":{"line":158,"column":null}},"line":158}},"branchMap":{"0":{"loc":{"start":{"line":32,"column":6},"end":{"line":32,"column":null}},"type":"if","locations":[{"start":{"line":32,"column":6},"end":{"line":32,"column":null}},{"start":{},"end":{}}],"line":32},"1":{"loc":{"start":{"line":33,"column":6},"end":{"line":33,"column":null}},"type":"if","locations":[{"start":{"line":33,"column":6},"end":{"line":33,"column":null}},{"start":{},"end":{}}],"line":33},"2":{"loc":{"start":{"line":58,"column":22},"end":{"line":58,"column":73}},"type":"cond-expr","locations":[{"start":{"line":58,"column":29},"end":{"line":58,"column":53}},{"start":{"line":58,"column":53},"end":{"line":58,"column":73}}],"line":58},"3":{"loc":{"start":{"line":68,"column":32},"end":{"line":68,"column":45}},"type":"binary-expr","locations":[{"start":{"line":68,"column":32},"end":{"line":68,"column":41}},{"start":{"line":68,"column":41},"end":{"line":68,"column":45}}],"line":68},"4":{"loc":{"start":{"line":83,"column":35},"end":{"line":83,"column":66}},"type":"binary-expr","locations":[{"start":{"line":83,"column":35},"end":{"line":83,"column":54}},{"start":{"line":83,"column":54},"end":{"line":83,"column":66}}],"line":83},"5":{"loc":{"start":{"line":89,"column":35},"end":{"line":89,"column":68}},"type":"binary-expr","locations":[{"start":{"line":89,"column":35},"end":{"line":89,"column":56}},{"start":{"line":89,"column":56},"end":{"line":89,"column":68}}],"line":89},"6":{"loc":{"start":{"line":95,"column":29},"end":{"line":95,"column":44}},"type":"binary-expr","locations":[{"start":{"line":95,"column":29},"end":{"line":95,"column":34}},{"start":{"line":95,"column":34},"end":{"line":95,"column":44}}],"line":95},"7":{"loc":{"start":{"line":101,"column":35},"end":{"line":101,"column":56}},"type":"cond-expr","locations":[{"start":{"line":101,"column":39},"end":{"line":101,"column":47}},{"start":{"line":101,"column":47},"end":{"line":101,"column":56}}],"line":101},"8":{"loc":{"start":{"line":101,"column":56},"end":{"line":101,"column":77}},"type":"cond-expr","locations":[{"start":{"line":101,"column":60},"end":{"line":101,"column":71}},{"start":{"line":101,"column":71},"end":{"line":101,"column":77}}],"line":101},"9":{"loc":{"start":{"line":107,"column":24},"end":{"line":107,"column":null}},"type":"cond-expr","locations":[{"start":{"line":107,"column":28},"end":{"line":107,"column":59}},{"start":{"line":107,"column":59},"end":{"line":107,"column":null}}],"line":107},"10":{"loc":{"start":{"line":125,"column":17},"end":{"line":125,"column":null}},"type":"cond-expr","locations":[{"start":{"line":125,"column":44},"end":{"line":125,"column":53}},{"start":{"line":125,"column":53},"end":{"line":125,"column":null}}],"line":125},"11":{"loc":{"start":{"line":146,"column":11},"end":{"line":149,"column":null}},"type":"binary-expr","locations":[{"start":{"line":146,"column":11},"end":{"line":146,"column":null}},{"start":{"line":147,"column":12},"end":{"line":149,"column":null}}],"line":146},"12":{"loc":{"start":{"line":148,"column":20},"end":{"line":148,"column":36}},"type":"binary-expr","locations":[{"start":{"line":148,"column":20},"end":{"line":148,"column":34}},{"start":{"line":148,"column":34},"end":{"line":148,"column":36}}],"line":148},"13":{"loc":{"start":{"line":148,"column":44},"end":{"line":148,"column":68}},"type":"binary-expr","locations":[{"start":{"line":148,"column":44},"end":{"line":148,"column":66}},{"start":{"line":148,"column":66},"end":{"line":148,"column":68}}],"line":148},"14":{"loc":{"start":{"line":148,"column":81},"end":{"line":148,"column":null}},"type":"binary-expr","locations":[{"start":{"line":148,"column":81},"end":{"line":148,"column":99}},{"start":{"line":148,"column":99},"end":{"line":148,"column":null}}],"line":148}},"s":{"0":5,"1":5,"2":0,"3":0,"4":0,"5":0,"6":0,"7":0,"8":0,"9":0,"10":0,"11":0,"12":0,"13":0,"14":0,"15":0,"16":0,"17":0,"18":0,"19":0,"20":0,"21":0,"22":0,"23":0,"24":0,"25":0,"26":0,"27":0,"28":0,"29":0,"30":0,"31":0,"32":0,"33":0,"34":0,"35":0,"36":0,"37":0,"38":0,"39":0,"40":0,"41":0,"42":0,"43":0,"44":0,"45":0,"46":0,"47":0,"48":0},"f":{"0":0,"1":0,"2":0,"3":0,"4":0,"5":0,"6":0,"7":0,"8":0,"9":0,"10":0,"11":0,"12":0,"13":0,"14":0,"15":0,"16":0},"b":{"0":[0,0],"1":[0,0],"2":[0,0],"3":[0,0],"4":[0,0],"5":[0,0],"6":[0,0],"7":[0,0],"8":[0,0],"9":[0,0],"10":[0,0],"11":[0,0],"12":[0,0],"13":[0,0],"14":[0,0]},"meta":{"lastBranch":15,"lastFunction":17,"lastStatement":49,"seen":{"s:11:21:15:Infinity":0,"s:17:23:21:Infinity":1,"f:23:24:23:47":0,"s:24:28:24:Infinity":2,"s:25:32:25:Infinity":3,"s:26:24:26:Infinity":4,"s:28:15:39:Infinity":5,"f:28:15:28:27":1,"s:29:4:29:Infinity":6,"s:30:4:38:Infinity":7,"s:31:33:31:Infinity":8,"b:32:6:32:Infinity:undefined:undefined:undefined:undefined":0,"s:32:6:32:Infinity":9,"s:32:29:32:Infinity":10,"b:33:6:33:Infinity:undefined:undefined:undefined:undefined":1,"s:33:6:33:Infinity":11,"s:33:27:33:Infinity":12,"s:35:6:35:Infinity":13,"s:37:6:37:Infinity":14,"s:41:2:43:Infinity":15,"f:41:12:41:18":2,"s:42:4:42:Infinity":16,"s:45:20:53:Infinity":17,"f:45:20:45:27":3,"s:46:4:52:Infinity":18,"s:47:6:47:Infinity":19,"s:48:6:48:Infinity":20,"s:49:6:49:Infinity":21,"s:51:6:51:Infinity":22,"s:55:28:63:Infinity":23,"f:55:28:55:35":4,"s:56:4:62:Infinity":24,"s:57:6:57:Infinity":25,"s:58:6:58:Infinity":26,"b:58:29:58:53:58:53:58:73":2,"s:59:6:59:Infinity":27,"s:61:6:61:Infinity":28,"s:65:24:74:Infinity":29,"f:65:24:65:31":5,"s:66:18:66:Infinity":30,"s:67:4:73:Infinity":31,"s:68:6:68:Infinity":32,"b:68:32:68:41:68:41:68:45":3,"s:69:6:69:Infinity":33,"s:70:6:70:Infinity":34,"s:72:6:72:Infinity":35,"s:76:8:138:Infinity":36,"f:77:4:77:10":6,"s:77:10:136:Infinity":37,"f:83:16:83:17":7,"s:83:23:83:Infinity":38,"b:83:35:83:54:83:54:83:66":4,"f:89:16:89:17":8,"s:89:23:89:Infinity":39,"b:89:35:89:56:89:56:89:68":5,"f:95:16:95:17":9,"s:95:23:95:Infinity":40,"b:95:29:95:34:95:34:95:44":6,"f:101:16:101:17":10,"s:101:23:101:Infinity":41,"b:101:39:101:47:101:47:101:56":7,"b:101:60:101:71:101:71:101:77":8,"f:107:16:107:17":11,"s:107:24:107:Infinity":42,"b:107:28:107:59:107:59:107:Infinity":9,"f:112:16:112:17":12,"s:113:10:133:Infinity":43,"f:115:44:115:50":13,"s:115:50:115:72":44,"f:122:25:122:31":14,"s:122:31:122:Infinity":45,"b:125:44:125:53:125:53:125:Infinity":10,"f:129:59:129:65":15,"s:129:65:129:91":46,"s:140:2:165:Infinity":47,"b:146:11:146:Infinity:147:12:149:Infinity":11,"b:148:20:148:34:148:34:148:36":12,"b:148:44:148:66:148:66:148:68":13,"b:148:81:148:99:148:99:148:Infinity":14,"f:158:16:158:17":16,"s:158:25:158:Infinity":48}}}
,"/Users/pendiaz/Documents/my-projects/Capstone/web/src/features/admin/components/TemporaryCredentialsDisplay.jsx": {"path":"/Users/pendiaz/Documents/my-projects/Capstone/web/src/features/admin/components/TemporaryCredentialsDisplay.jsx","statementMap":{"0":{"start":{"line":3,"column":17},"end":{"line":3,"column":null}},"1":{"start":{"line":6,"column":2},"end":{"line":6,"column":null}},"2":{"start":{"line":6,"column":20},"end":{"line":6,"column":null}},"3":{"start":{"line":8,"column":2},"end":{"line":30,"column":null}}},"fnMap":{"0":{"name":"TemporaryCredentialsDisplay","decl":{"start":{"line":5,"column":24},"end":{"line":5,"column":52}},"loc":{"start":{"line":5,"column":78},"end":{"line":32,"column":null}},"line":5}},"branchMap":{"0":{"loc":{"start":{"line":6,"column":2},"end":{"line":6,"column":null}},"type":"if","locations":[{"start":{"line":6,"column":2},"end":{"line":6,"column":null}},{"start":{},"end":{}}],"line":6},"1":{"loc":{"start":{"line":18,"column":9},"end":{"line":22,"column":null}},"type":"binary-expr","locations":[{"start":{"line":18,"column":9},"end":{"line":18,"column":null}},{"start":{"line":19,"column":10},"end":{"line":22,"column":null}}],"line":18},"2":{"loc":{"start":{"line":24,"column":47},"end":{"line":24,"column":128}},"type":"cond-expr","locations":[{"start":{"line":24,"column":71},"end":{"line":24,"column":122}},{"start":{"line":24,"column":122},"end":{"line":24,"column":128}}],"line":24},"3":{"loc":{"start":{"line":25,"column":62},"end":{"line":25,"column":112}},"type":"cond-expr","locations":[{"start":{"line":25,"column":99},"end":{"line":25,"column":107}},{"start":{"line":25,"column":107},"end":{"line":25,"column":112}}],"line":25}},"s":{"0":5,"1":0,"2":0,"3":0},"f":{"0":0},"b":{"0":[0,0],"1":[0,0],"2":[0,0],"3":[0,0]},"meta":{"lastBranch":4,"lastFunction":1,"lastStatement":4,"seen":{"s:3:17:3:Infinity":0,"f:5:24:5:52":0,"b:6:2:6:Infinity:undefined:undefined:undefined:undefined":0,"s:6:2:6:Infinity":1,"s:6:20:6:Infinity":2,"s:8:2:30:Infinity":3,"b:18:9:18:Infinity:19:10:22:Infinity":1,"b:24:71:24:122:24:122:24:128":2,"b:25:99:25:107:25:107:25:112":3}}}
,"/Users/pendiaz/Documents/my-projects/Capstone/web/src/features/admin/components/index.js": {"path":"/Users/pendiaz/Documents/my-projects/Capstone/web/src/features/admin/components/index.js","statementMap":{},"fnMap":{},"branchMap":{},"s":{},"f":{},"b":{},"meta":{"lastBranch":0,"lastFunction":0,"lastStatement":0,"seen":{}}}
,"/Users/pendiaz/Documents/my-projects/Capstone/web/src/features/admin/hooks/index.js": {"path":"/Users/pendiaz/Documents/my-projects/Capstone/web/src/features/admin/hooks/index.js","statementMap":{},"fnMap":{},"branchMap":{},"s":{},"f":{},"b":{},"meta":{"lastBranch":0,"lastFunction":0,"lastStatement":0,"seen":{}}}
,"/Users/pendiaz/Documents/my-projects/Capstone/web/src/features/admin/hooks/useStaffManagement.js": {"path":"/Users/pendiaz/Documents/my-projects/Capstone/web/src/features/admin/hooks/useStaffManagement.js","statementMap":{"0":{"start":{"line":6,"column":28},"end":{"line":45,"column":null}},"1":{"start":{"line":47,"column":27},"end":{"line":52,"column":null}},"2":{"start":{"line":55,"column":14},"end":{"line":55,"column":null}},"3":{"start":{"line":56,"column":14},"end":{"line":61,"column":null}},"4":{"start":{"line":62,"column":2},"end":{"line":62,"column":null}},"5":{"start":{"line":66,"column":12},"end":{"line":66,"column":null}},"6":{"start":{"line":67,"column":2},"end":{"line":71,"column":null}},"7":{"start":{"line":68,"column":4},"end":{"line":70,"column":null}},"8":{"start":{"line":69,"column":6},"end":{"line":69,"column":null}},"9":{"start":{"line":69,"column":27},"end":{"line":69,"column":null}},"10":{"start":{"line":72,"column":2},"end":{"line":72,"column":null}},"11":{"start":{"line":76,"column":28},"end":{"line":76,"column":null}},"12":{"start":{"line":77,"column":27},"end":{"line":77,"column":null}},"13":{"start":{"line":78,"column":41},"end":{"line":78,"column":null}},"14":{"start":{"line":79,"column":29},"end":{"line":79,"column":null}},"15":{"start":{"line":80,"column":37},"end":{"line":80,"column":null}},"16":{"start":{"line":81,"column":17},"end":{"line":81,"column":null}},"17":{"start":{"line":82,"column":39},"end":{"line":82,"column":null}},"18":{"start":{"line":83,"column":37},"end":{"line":83,"column":null}},"19":{"start":{"line":84,"column":43},"end":{"line":84,"column":null}},"20":{"start":{"line":85,"column":39},"end":{"line":85,"column":null}},"21":{"start":{"line":86,"column":39},"end":{"line":86,"column":null}},"22":{"start":{"line":88,"column":19},"end":{"line":100,"column":null}},"23":{"start":{"line":89,"column":4},"end":{"line":89,"column":null}},"24":{"start":{"line":90,"column":4},"end":{"line":99,"column":null}},"25":{"start":{"line":91,"column":24},"end":{"line":91,"column":null}},"26":{"start":{"line":92,"column":6},"end":{"line":92,"column":null}},"27":{"start":{"line":94,"column":6},"end":{"line":94,"column":null}},"28":{"start":{"line":95,"column":6},"end":{"line":95,"column":null}},"29":{"start":{"line":96,"column":6},"end":{"line":96,"column":null}},"30":{"start":{"line":98,"column":6},"end":{"line":98,"column":null}},"31":{"start":{"line":102,"column":1},"end":{"line":104,"column":null}},"32":{"start":{"line":103,"column":4},"end":{"line":103,"column":null}},"33":{"start":{"line":106,"column":29},"end":{"line":109,"column":null}},"34":{"start":{"line":107,"column":4},"end":{"line":107,"column":null}},"35":{"start":{"line":108,"column":4},"end":{"line":108,"column":null}},"36":{"start":{"line":111,"column":30},"end":{"line":147,"column":null}},"37":{"start":{"line":112,"column":19},"end":{"line":112,"column":null}},"38":{"start":{"line":113,"column":4},"end":{"line":146,"column":null}},"39":{"start":{"line":114,"column":6},"end":{"line":114,"column":null}},"40":{"start":{"line":115,"column":24},"end":{"line":115,"column":null}},"41":{"start":{"line":116,"column":22},"end":{"line":120,"column":null}},"42":{"start":{"line":121,"column":22},"end":{"line":121,"column":null}},"43":{"start":{"line":122,"column":22},"end":{"line":122,"column":null}},"44":{"start":{"line":123,"column":6},"end":{"line":125,"column":null}},"45":{"start":{"line":124,"column":8},"end":{"line":124,"column":null}},"46":{"start":{"line":124,"column":33},"end":{"line":124,"column":62}},"47":{"start":{"line":126,"column":6},"end":{"line":126,"column":null}},"48":{"start":{"line":127,"column":6},"end":{"line":127,"column":null}},"49":{"start":{"line":128,"column":6},"end":{"line":128,"column":null}},"50":{"start":{"line":129,"column":6},"end":{"line":129,"column":null}},"51":{"start":{"line":130,"column":6},"end":{"line":130,"column":null}},"52":{"start":{"line":131,"column":6},"end":{"line":131,"column":null}},"53":{"start":{"line":132,"column":6},"end":{"line":132,"column":null}},"54":{"start":{"line":133,"column":6},"end":{"line":139,"column":null}},"55":{"start":{"line":140,"column":6},"end":{"line":140,"column":null}},"56":{"start":{"line":142,"column":6},"end":{"line":142,"column":null}},"57":{"start":{"line":143,"column":6},"end":{"line":143,"column":null}},"58":{"start":{"line":145,"column":6},"end":{"line":145,"column":null}},"59":{"start":{"line":149,"column":26},"end":{"line":149,"column":null}},"60":{"start":{"line":149,"column":32},"end":{"line":149,"column":null}},"61":{"start":{"line":150,"column":27},"end":{"line":150,"column":null}},"62":{"start":{"line":150,"column":33},"end":{"line":150,"column":null}},"63":{"start":{"line":151,"column":28},"end":{"line":151,"column":null}},"64":{"start":{"line":151,"column":34},"end":{"line":151,"column":null}},"65":{"start":{"line":152,"column":28},"end":{"line":152,"column":null}},"66":{"start":{"line":152,"column":34},"end":{"line":152,"column":null}},"67":{"start":{"line":154,"column":2},"end":{"line":173,"column":null}}},"fnMap":{"0":{"name":"roleLabel","decl":{"start":{"line":54,"column":16},"end":{"line":54,"column":25}},"loc":{"start":{"line":54,"column":32},"end":{"line":63,"column":null}},"line":54},"1":{"name":"officeLabel","decl":{"start":{"line":65,"column":16},"end":{"line":65,"column":27}},"loc":{"start":{"line":65,"column":35},"end":{"line":73,"column":null}},"line":65},"2":{"name":"useStaffManagement","decl":{"start":{"line":75,"column":16},"end":{"line":75,"column":34}},"loc":{"start":{"line":75,"column":37},"end":{"line":174,"column":null}},"line":75},"3":{"name":"(anonymous_3)","decl":{"start":{"line":88,"column":32},"end":{"line":88,"column":37}},"loc":{"start":{"line":88,"column":44},"end":{"line":100,"column":3}},"line":88},"4":{"name":"(anonymous_4)","decl":{"start":{"line":102,"column":12},"end":{"line":102,"column":13}},"loc":{"start":{"line":102,"column":18},"end":{"line":104,"column":3}},"line":102},"5":{"name":"(anonymous_5)","decl":{"start":{"line":106,"column":29},"end":{"line":106,"column":30}},"loc":{"start":{"line":106,"column":41},"end":{"line":109,"column":null}},"line":106},"6":{"name":"(anonymous_6)","decl":{"start":{"line":111,"column":30},"end":{"line":111,"column":35}},"loc":{"start":{"line":111,"column":42},"end":{"line":147,"column":null}},"line":111},"7":{"name":"(anonymous_7)","decl":{"start":{"line":124,"column":26},"end":{"line":124,"column":27}},"loc":{"start":{"line":124,"column":33},"end":{"line":124,"column":62}},"line":124},"8":{"name":"(anonymous_8)","decl":{"start":{"line":149,"column":26},"end":{"line":149,"column":27}},"loc":{"start":{"line":149,"column":32},"end":{"line":149,"column":null}},"line":149},"9":{"name":"(anonymous_9)","decl":{"start":{"line":150,"column":27},"end":{"line":150,"column":28}},"loc":{"start":{"line":150,"column":33},"end":{"line":150,"column":null}},"line":150},"10":{"name":"(anonymous_10)","decl":{"start":{"line":151,"column":28},"end":{"line":151,"column":29}},"loc":{"start":{"line":151,"column":34},"end":{"line":151,"column":null}},"line":151},"11":{"name":"(anonymous_11)","decl":{"start":{"line":152,"column":28},"end":{"line":152,"column":29}},"loc":{"start":{"line":152,"column":34},"end":{"line":152,"column":null}},"line":152}},"branchMap":{"0":{"loc":{"start":{"line":55,"column":21},"end":{"line":55,"column":31}},"type":"binary-expr","locations":[{"start":{"line":55,"column":21},"end":{"line":55,"column":25}},{"start":{"line":55,"column":29},"end":{"line":55,"column":31}}],"line":55},"1":{"loc":{"start":{"line":62,"column":9},"end":{"line":62,"column":null}},"type":"binary-expr","locations":[{"start":{"line":62,"column":9},"end":{"line":62,"column":17}},{"start":{"line":62,"column":21},"end":{"line":62,"column":null}}],"line":62},"2":{"loc":{"start":{"line":66,"column":19},"end":{"line":66,"column":30}},"type":"binary-expr","locations":[{"start":{"line":66,"column":19},"end":{"line":66,"column":24}},{"start":{"line":66,"column":28},"end":{"line":66,"column":30}}],"line":66},"3":{"loc":{"start":{"line":69,"column":6},"end":{"line":69,"column":null}},"type":"if","locations":[{"start":{"line":69,"column":6},"end":{"line":69,"column":null}},{"start":{},"end":{}}],"line":69},"4":{"loc":{"start":{"line":112,"column":19},"end":{"line":112,"column":null}},"type":"binary-expr","locations":[{"start":{"line":112,"column":19},"end":{"line":112,"column":32}},{"start":{"line":112,"column":36},"end":{"line":112,"column":null}}],"line":112},"5":{"loc":{"start":{"line":123,"column":6},"end":{"line":125,"column":null}},"type":"if","locations":[{"start":{"line":123,"column":6},"end":{"line":125,"column":null}},{"start":{},"end":{}}],"line":123},"6":{"loc":{"start":{"line":135,"column":15},"end":{"line":135,"column":45}},"type":"binary-expr","locations":[{"start":{"line":135,"column":15},"end":{"line":135,"column":29}},{"start":{"line":135,"column":33},"end":{"line":135,"column":45}}],"line":135},"7":{"loc":{"start":{"line":136,"column":16},"end":{"line":136,"column":48}},"type":"binary-expr","locations":[{"start":{"line":136,"column":16},"end":{"line":136,"column":31}},{"start":{"line":136,"column":35},"end":{"line":136,"column":48}}],"line":136},"8":{"loc":{"start":{"line":137,"column":14},"end":{"line":137,"column":42}},"type":"binary-expr","locations":[{"start":{"line":137,"column":14},"end":{"line":137,"column":27}},{"start":{"line":137,"column":31},"end":{"line":137,"column":42}}],"line":137},"9":{"loc":{"start":{"line":151,"column":34},"end":{"line":151,"column":null}},"type":"binary-expr","locations":[{"start":{"line":151,"column":34},"end":{"line":151,"column":45}},{"start":{"line":151,"column":49},"end":{"line":151,"column":null}}],"line":151}},"s":{"0":5,"1":5,"2":0,"3":0,"4":0,"5":0,"6":0,"7":0,"8":0,"9":0,"10":0,"11":0,"12":0,"13":0,"14":0,"15":0,"16":0,"17":0,"18":0,"19":0,"20":0,"21":0,"22":0,"23":0,"24":0,"25":0,"26":0,"27":0,"28":0,"29":0,"30":0,"31":0,"32":0,"33":0,"34":0,"35":0,"36":0,"37":0,"38":0,"39":0,"40":0,"41":0,"42":0,"43":0,"44":0,"45":0,"46":0,"47":0,"48":0,"49":0,"50":0,"51":0,"52":0,"53":0,"54":0,"55":0,"56":0,"57":0,"58":0,"59":0,"60":0,"61":0,"62":0,"63":0,"64":0,"65":0,"66":0,"67":0},"f":{"0":0,"1":0,"2":0,"3":0,"4":0,"5":0,"6":0,"7":0,"8":0,"9":0,"10":0,"11":0},"b":{"0":[0,0],"1":[0,0],"2":[0,0],"3":[0,0],"4":[0,0],"5":[0,0],"6":[0,0],"7":[0,0],"8":[0,0],"9":[0,0]},"meta":{"lastBranch":10,"lastFunction":12,"lastStatement":68,"seen":{"s:6:28:45:Infinity":0,"s:47:27:52:Infinity":1,"f:54:16:54:25":0,"s:55:14:55:Infinity":2,"b:55:21:55:25:55:29:55:31":0,"s:56:14:61:Infinity":3,"s:62:2:62:Infinity":4,"b:62:9:62:17:62:21:62:Infinity":1,"f:65:16:65:27":1,"s:66:12:66:Infinity":5,"b:66:19:66:24:66:28:66:30":2,"s:67:2:71:Infinity":6,"s:68:4:70:Infinity":7,"b:69:6:69:Infinity:undefined:undefined:undefined:undefined":3,"s:69:6:69:Infinity":8,"s:69:27:69:Infinity":9,"s:72:2:72:Infinity":10,"f:75:16:75:34":2,"s:76:28:76:Infinity":11,"s:77:27:77:Infinity":12,"s:78:41:78:Infinity":13,"s:79:29:79:Infinity":14,"s:80:37:80:Infinity":15,"s:81:17:81:Infinity":16,"s:82:39:82:Infinity":17,"s:83:37:83:Infinity":18,"s:84:43:84:Infinity":19,"s:85:39:85:Infinity":20,"s:86:39:86:Infinity":21,"s:88:19:100:Infinity":22,"f:88:32:88:37":3,"s:89:4:89:Infinity":23,"s:90:4:99:Infinity":24,"s:91:24:91:Infinity":25,"s:92:6:92:Infinity":26,"s:94:6:94:Infinity":27,"s:95:6:95:Infinity":28,"s:96:6:96:Infinity":29,"s:98:6:98:Infinity":30,"s:102:1:104:Infinity":31,"f:102:12:102:13":4,"s:103:4:103:Infinity":32,"s:106:29:109:Infinity":33,"f:106:29:106:30":5,"s:107:4:107:Infinity":34,"s:108:4:108:Infinity":35,"s:111:30:147:Infinity":36,"f:111:30:111:35":6,"s:112:19:112:Infinity":37,"b:112:19:112:32:112:36:112:Infinity":4,"s:113:4:146:Infinity":38,"s:114:6:114:Infinity":39,"s:115:24:115:Infinity":40,"s:116:22:120:Infinity":41,"s:121:22:121:Infinity":42,"s:122:22:122:Infinity":43,"b:123:6:125:Infinity:undefined:undefined:undefined:undefined":5,"s:123:6:125:Infinity":44,"s:124:8:124:Infinity":45,"f:124:26:124:27":7,"s:124:33:124:62":46,"s:126:6:126:Infinity":47,"s:127:6:127:Infinity":48,"s:128:6:128:Infinity":49,"s:129:6:129:Infinity":50,"s:130:6:130:Infinity":51,"s:131:6:131:Infinity":52,"s:132:6:132:Infinity":53,"s:133:6:139:Infinity":54,"b:135:15:135:29:135:33:135:45":6,"b:136:16:136:31:136:35:136:48":7,"b:137:14:137:27:137:31:137:42":8,"s:140:6:140:Infinity":55,"s:142:6:142:Infinity":56,"s:143:6:143:Infinity":57,"s:145:6:145:Infinity":58,"s:149:26:149:Infinity":59,"f:149:26:149:27":8,"s:149:32:149:Infinity":60,"s:150:27:150:Infinity":61,"f:150:27:150:28":9,"s:150:33:150:Infinity":62,"s:151:28:151:Infinity":63,"f:151:28:151:29":10,"s:151:34:151:Infinity":64,"b:151:34:151:45:151:49:151:Infinity":9,"s:152:28:152:Infinity":65,"f:152:28:152:29":11,"s:152:34:152:Infinity":66,"s:154:2:173:Infinity":67}}}
,"/Users/pendiaz/Documents/my-projects/Capstone/web/src/features/admin/pages/AdminCreateRole.jsx": {"path":"/Users/pendiaz/Documents/my-projects/Capstone/web/src/features/admin/pages/AdminCreateRole.jsx","statementMap":{"0":{"start":{"line":5,"column":29},"end":{"line":5,"column":null}},"1":{"start":{"line":8,"column":15},"end":{"line":8,"column":null}},"2":{"start":{"line":8,"column":24},"end":{"line":8,"column":48}},"3":{"start":{"line":10,"column":2},"end":{"line":58,"column":null}}},"fnMap":{"0":{"name":"AdminCreateRole","decl":{"start":{"line":7,"column":24},"end":{"line":7,"column":42}},"loc":{"start":{"line":7,"column":42},"end":{"line":60,"column":null}},"line":7},"1":{"name":"(anonymous_1)","decl":{"start":{"line":8,"column":15},"end":{"line":8,"column":16}},"loc":{"start":{"line":8,"column":22},"end":{"line":8,"column":null}},"line":8}},"branchMap":{"0":{"loc":{"start":{"line":8,"column":24},"end":{"line":8,"column":48}},"type":"binary-expr","locations":[{"start":{"line":8,"column":24},"end":{"line":8,"column":29}},{"start":{"line":8,"column":29},"end":{"line":8,"column":48}}],"line":8}},"s":{"0":5,"1":0,"2":0,"3":0},"f":{"0":0,"1":0},"b":{"0":[0,0]},"meta":{"lastBranch":1,"lastFunction":2,"lastStatement":4,"seen":{"s:5:29:5:Infinity":0,"f:7:24:7:42":0,"s:8:15:8:Infinity":1,"f:8:15:8:16":1,"s:8:24:8:48":2,"b:8:24:8:29:8:29:8:48":0,"s:10:2:58:Infinity":3}}}
,"/Users/pendiaz/Documents/my-projects/Capstone/web/src/features/admin/pages/AdminDashboard.jsx": {"path":"/Users/pendiaz/Documents/my-projects/Capstone/web/src/features/admin/pages/AdminDashboard.jsx","statementMap":{"0":{"start":{"line":9,"column":2},"end":{"line":31,"column":null}}},"fnMap":{"0":{"name":"AdminDashboard","decl":{"start":{"line":8,"column":24},"end":{"line":8,"column":41}},"loc":{"start":{"line":8,"column":41},"end":{"line":33,"column":null}},"line":8}},"branchMap":{},"s":{"0":0},"f":{"0":0},"b":{},"meta":{"lastBranch":0,"lastFunction":1,"lastStatement":1,"seen":{"f:8:24:8:41":0,"s:9:2:31:Infinity":0}}}
,"/Users/pendiaz/Documents/my-projects/Capstone/web/src/features/admin/pages/AdminFullDashboard.jsx": {"path":"/Users/pendiaz/Documents/my-projects/Capstone/web/src/features/admin/pages/AdminFullDashboard.jsx","statementMap":{"0":{"start":{"line":6,"column":29},"end":{"line":6,"column":null}},"1":{"start":{"line":9,"column":2},"end":{"line":133,"column":null}}},"fnMap":{"0":{"name":"AdminFullDashboard","decl":{"start":{"line":8,"column":24},"end":{"line":8,"column":45}},"loc":{"start":{"line":8,"column":45},"end":{"line":135,"column":null}},"line":8}},"branchMap":{},"s":{"0":5,"1":0},"f":{"0":0},"b":{},"meta":{"lastBranch":0,"lastFunction":1,"lastStatement":2,"seen":{"s:6:29:6:Infinity":0,"f:8:24:8:45":0,"s:9:2:133:Infinity":1}}}
,"/Users/pendiaz/Documents/my-projects/Capstone/web/src/features/admin/pages/AdminMaintenance.jsx": {"path":"/Users/pendiaz/Documents/my-projects/Capstone/web/src/features/admin/pages/AdminMaintenance.jsx","statementMap":{"0":{"start":{"line":8,"column":24},"end":{"line":8,"column":null}},"1":{"start":{"line":11,"column":17},"end":{"line":11,"column":null}},"2":{"start":{"line":12,"column":28},"end":{"line":12,"column":null}},"3":{"start":{"line":13,"column":32},"end":{"line":13,"column":null}},"4":{"start":{"line":14,"column":28},"end":{"line":14,"column":null}},"5":{"start":{"line":15,"column":25},"end":{"line":15,"column":null}},"6":{"start":{"line":17,"column":15},"end":{"line":29,"column":null}},"7":{"start":{"line":18,"column":4},"end":{"line":18,"column":null}},"8":{"start":{"line":19,"column":4},"end":{"line":28,"column":null}},"9":{"start":{"line":20,"column":40},"end":{"line":20,"column":null}},"10":{"start":{"line":21,"column":6},"end":{"line":21,"column":null}},"11":{"start":{"line":22,"column":6},"end":{"line":22,"column":null}},"12":{"start":{"line":22,"column":65},"end":{"line":22,"column":101}},"13":{"start":{"line":24,"column":6},"end":{"line":24,"column":null}},"14":{"start":{"line":25,"column":6},"end":{"line":25,"column":null}},"15":{"start":{"line":27,"column":6},"end":{"line":27,"column":null}},"16":{"start":{"line":31,"column":2},"end":{"line":33,"column":null}},"17":{"start":{"line":32,"column":4},"end":{"line":32,"column":null}},"18":{"start":{"line":35,"column":23},"end":{"line":49,"column":null}},"19":{"start":{"line":36,"column":4},"end":{"line":48,"column":null}},"20":{"start":{"line":37,"column":6},"end":{"line":41,"column":null}},"21":{"start":{"line":42,"column":6},"end":{"line":42,"column":null}},"22":{"start":{"line":43,"column":6},"end":{"line":43,"column":null}},"23":{"start":{"line":44,"column":6},"end":{"line":44,"column":null}},"24":{"start":{"line":46,"column":6},"end":{"line":46,"column":null}},"25":{"start":{"line":47,"column":6},"end":{"line":47,"column":null}},"26":{"start":{"line":51,"column":24},"end":{"line":60,"column":null}},"27":{"start":{"line":52,"column":4},"end":{"line":59,"column":null}},"28":{"start":{"line":53,"column":6},"end":{"line":53,"column":null}},"29":{"start":{"line":54,"column":6},"end":{"line":54,"column":null}},"30":{"start":{"line":55,"column":6},"end":{"line":55,"column":null}},"31":{"start":{"line":57,"column":6},"end":{"line":57,"column":null}},"32":{"start":{"line":58,"column":6},"end":{"line":58,"column":null}},"33":{"start":{"line":62,"column":18},"end":{"line":77,"column":null}},"34":{"start":{"line":64,"column":74},"end":{"line":64,"column":159}},"35":{"start":{"line":65,"column":58},"end":{"line":65,"column":92}},"36":{"start":{"line":66,"column":60},"end":{"line":66,"column":95}},"37":{"start":{"line":70,"column":26},"end":{"line":75,"column":null}},"38":{"start":{"line":72,"column":61},"end":{"line":72,"column":98}},"39":{"start":{"line":73,"column":53},"end":{"line":73,"column":91}},"40":{"start":{"line":79,"column":2},"end":{"line":125,"column":null}}},"fnMap":{"0":{"name":"AdminMaintenance","decl":{"start":{"line":10,"column":24},"end":{"line":10,"column":43}},"loc":{"start":{"line":10,"column":43},"end":{"line":127,"column":null}},"line":10},"1":{"name":"(anonymous_1)","decl":{"start":{"line":17,"column":15},"end":{"line":17,"column":27}},"loc":{"start":{"line":17,"column":27},"end":{"line":29,"column":null}},"line":17},"2":{"name":"(anonymous_2)","decl":{"start":{"line":22,"column":58},"end":{"line":22,"column":59}},"loc":{"start":{"line":22,"column":65},"end":{"line":22,"column":101}},"line":22},"3":{"name":"(anonymous_3)","decl":{"start":{"line":31,"column":12},"end":{"line":31,"column":18}},"loc":{"start":{"line":31,"column":18},"end":{"line":33,"column":5}},"line":31},"4":{"name":"(anonymous_4)","decl":{"start":{"line":35,"column":23},"end":{"line":35,"column":30}},"loc":{"start":{"line":35,"column":41},"end":{"line":49,"column":null}},"line":35},"5":{"name":"(anonymous_5)","decl":{"start":{"line":51,"column":24},"end":{"line":51,"column":31}},"loc":{"start":{"line":51,"column":56},"end":{"line":60,"column":null}},"line":51},"6":{"name":"(anonymous_6)","decl":{"start":{"line":64,"column":67},"end":{"line":64,"column":68}},"loc":{"start":{"line":64,"column":74},"end":{"line":64,"column":159}},"line":64},"7":{"name":"(anonymous_7)","decl":{"start":{"line":65,"column":46},"end":{"line":65,"column":47}},"loc":{"start":{"line":65,"column":58},"end":{"line":65,"column":92}},"line":65},"8":{"name":"(anonymous_8)","decl":{"start":{"line":66,"column":48},"end":{"line":66,"column":49}},"loc":{"start":{"line":66,"column":60},"end":{"line":66,"column":95}},"line":66},"9":{"name":"(anonymous_9)","decl":{"start":{"line":70,"column":14},"end":{"line":70,"column":15}},"loc":{"start":{"line":70,"column":26},"end":{"line":75,"column":null}},"line":70},"10":{"name":"(anonymous_10)","decl":{"start":{"line":72,"column":55},"end":{"line":72,"column":61}},"loc":{"start":{"line":72,"column":61},"end":{"line":72,"column":98}},"line":72},"11":{"name":"(anonymous_11)","decl":{"start":{"line":73,"column":47},"end":{"line":73,"column":53}},"loc":{"start":{"line":73,"column":53},"end":{"line":73,"column":91}},"line":73}},"branchMap":{"0":{"loc":{"start":{"line":21,"column":17},"end":{"line":21,"column":47}},"type":"binary-expr","locations":[{"start":{"line":21,"column":17},"end":{"line":21,"column":43}},{"start":{"line":21,"column":43},"end":{"line":21,"column":47}}],"line":21},"1":{"loc":{"start":{"line":22,"column":20},"end":{"line":22,"column":51}},"type":"binary-expr","locations":[{"start":{"line":22,"column":20},"end":{"line":22,"column":47}},{"start":{"line":22,"column":47},"end":{"line":22,"column":51}}],"line":22},"2":{"loc":{"start":{"line":40,"column":26},"end":{"line":40,"column":null}},"type":"cond-expr","locations":[{"start":{"line":40,"column":52},"end":{"line":40,"column":92}},{"start":{"line":40,"column":92},"end":{"line":40,"column":null}}],"line":40},"3":{"loc":{"start":{"line":54,"column":14},"end":{"line":54,"column":86}},"type":"cond-expr","locations":[{"start":{"line":54,"column":25},"end":{"line":54,"column":57}},{"start":{"line":54,"column":57},"end":{"line":54,"column":86}}],"line":54},"4":{"loc":{"start":{"line":64,"column":86},"end":{"line":64,"column":150}},"type":"cond-expr","locations":[{"start":{"line":64,"column":104},"end":{"line":64,"column":113}},{"start":{"line":64,"column":113},"end":{"line":64,"column":150}}],"line":64},"5":{"loc":{"start":{"line":64,"column":113},"end":{"line":64,"column":150}},"type":"cond-expr","locations":[{"start":{"line":64,"column":132},"end":{"line":64,"column":142}},{"start":{"line":64,"column":142},"end":{"line":64,"column":150}}],"line":64},"6":{"loc":{"start":{"line":65,"column":58},"end":{"line":65,"column":92}},"type":"binary-expr","locations":[{"start":{"line":65,"column":58},"end":{"line":65,"column":88}},{"start":{"line":65,"column":88},"end":{"line":65,"column":92}}],"line":65},"7":{"loc":{"start":{"line":66,"column":60},"end":{"line":66,"column":95}},"type":"binary-expr","locations":[{"start":{"line":66,"column":60},"end":{"line":66,"column":91}},{"start":{"line":66,"column":91},"end":{"line":66,"column":95}}],"line":66},"8":{"loc":{"start":{"line":70,"column":26},"end":{"line":75,"column":null}},"type":"cond-expr","locations":[{"start":{"line":71,"column":8},"end":{"line":74,"column":null}},{"start":{"line":75,"column":10},"end":{"line":75,"column":null}}],"line":70},"9":{"loc":{"start":{"line":86,"column":13},"end":{"line":93,"column":null}},"type":"cond-expr","locations":[{"start":{"line":87,"column":14},"end":{"line":91,"column":null}},{"start":{"line":93,"column":14},"end":{"line":93,"column":null}}],"line":86},"10":{"loc":{"start":{"line":86,"column":13},"end":{"line":86,"column":null}},"type":"binary-expr","locations":[{"start":{"line":86,"column":13},"end":{"line":86,"column":24}},{"start":{"line":86,"column":24},"end":{"line":86,"column":null}}],"line":86},"11":{"loc":{"start":{"line":89,"column":23},"end":{"line":89,"column":59}},"type":"binary-expr","locations":[{"start":{"line":89,"column":23},"end":{"line":89,"column":42}},{"start":{"line":89,"column":42},"end":{"line":89,"column":59}}],"line":89},"12":{"loc":{"start":{"line":90,"column":17},"end":{"line":90,"column":null}},"type":"binary-expr","locations":[{"start":{"line":90,"column":17},"end":{"line":90,"column":45}},{"start":{"line":90,"column":45},"end":{"line":90,"column":null}}],"line":90}},"s":{"0":5,"1":0,"2":0,"3":0,"4":0,"5":0,"6":0,"7":0,"8":0,"9":0,"10":0,"11":0,"12":0,"13":0,"14":0,"15":0,"16":0,"17":0,"18":0,"19":0,"20":0,"21":0,"22":0,"23":0,"24":0,"25":0,"26":0,"27":0,"28":0,"29":0,"30":0,"31":0,"32":0,"33":0,"34":0,"35":0,"36":0,"37":0,"38":0,"39":0,"40":0},"f":{"0":0,"1":0,"2":0,"3":0,"4":0,"5":0,"6":0,"7":0,"8":0,"9":0,"10":0,"11":0},"b":{"0":[0,0],"1":[0,0],"2":[0,0],"3":[0,0],"4":[0,0],"5":[0,0],"6":[0,0],"7":[0,0],"8":[0,0],"9":[0,0],"10":[0,0],"11":[0,0],"12":[0,0]},"meta":{"lastBranch":13,"lastFunction":12,"lastStatement":41,"seen":{"s:8:24:8:Infinity":0,"f:10:24:10:43":0,"s:11:17:11:Infinity":1,"s:12:28:12:Infinity":2,"s:13:32:13:Infinity":3,"s:14:28:14:Infinity":4,"s:15:25:15:Infinity":5,"s:17:15:29:Infinity":6,"f:17:15:17:27":1,"s:18:4:18:Infinity":7,"s:19:4:28:Infinity":8,"s:20:40:20:Infinity":9,"s:21:6:21:Infinity":10,"b:21:17:21:43:21:43:21:47":0,"s:22:6:22:Infinity":11,"b:22:20:22:47:22:47:22:51":1,"f:22:58:22:59":2,"s:22:65:22:101":12,"s:24:6:24:Infinity":13,"s:25:6:25:Infinity":14,"s:27:6:27:Infinity":15,"s:31:2:33:Infinity":16,"f:31:12:31:18":3,"s:32:4:32:Infinity":17,"s:35:23:49:Infinity":18,"f:35:23:35:30":4,"s:36:4:48:Infinity":19,"s:37:6:41:Infinity":20,"b:40:52:40:92:40:92:40:Infinity":2,"s:42:6:42:Infinity":21,"s:43:6:43:Infinity":22,"s:44:6:44:Infinity":23,"s:46:6:46:Infinity":24,"s:47:6:47:Infinity":25,"s:51:24:60:Infinity":26,"f:51:24:51:31":5,"s:52:4:59:Infinity":27,"s:53:6:53:Infinity":28,"s:54:6:54:Infinity":29,"b:54:25:54:57:54:57:54:86":3,"s:55:6:55:Infinity":30,"s:57:6:57:Infinity":31,"s:58:6:58:Infinity":32,"s:62:18:77:Infinity":33,"f:64:67:64:68":6,"s:64:74:64:159":34,"b:64:104:64:113:64:113:64:150":4,"b:64:132:64:142:64:142:64:150":5,"f:65:46:65:47":7,"s:65:58:65:92":35,"b:65:58:65:88:65:88:65:92":6,"f:66:48:66:49":8,"s:66:60:66:95":36,"b:66:60:66:91:66:91:66:95":7,"f:70:14:70:15":9,"s:70:26:75:Infinity":37,"b:71:8:74:Infinity:75:10:75:Infinity":8,"f:72:55:72:61":10,"s:72:61:72:98":38,"f:73:47:73:53":11,"s:73:53:73:91":39,"s:79:2:125:Infinity":40,"b:87:14:91:Infinity:93:14:93:Infinity":9,"b:86:13:86:24:86:24:86:Infinity":10,"b:89:23:89:42:89:42:89:59":11,"b:90:17:90:45:90:45:90:Infinity":12}}}
,"/Users/pendiaz/Documents/my-projects/Capstone/web/src/features/admin/pages/AdminUsers.jsx": {"path":"/Users/pendiaz/Documents/my-projects/Capstone/web/src/features/admin/pages/AdminUsers.jsx","statementMap":{"0":{"start":{"line":8,"column":17},"end":{"line":8,"column":null}},"1":{"start":{"line":30,"column":2},"end":{"line":30,"column":null}},"2":{"start":{"line":32,"column":23},"end":{"line":59,"column":null}},"3":{"start":{"line":36,"column":27},"end":{"line":36,"column":null}},"4":{"start":{"line":41,"column":62},"end":{"line":41,"column":81}},"5":{"start":{"line":46,"column":23},"end":{"line":46,"column":null}},"6":{"start":{"line":47,"column":8},"end":{"line":47,"column":null}},"7":{"start":{"line":54,"column":23},"end":{"line":54,"column":null}},"8":{"start":{"line":55,"column":8},"end":{"line":55,"column":null}},"9":{"start":{"line":58,"column":82},"end":{"line":58,"column":121}},"10":{"start":{"line":61,"column":2},"end":{"line":243,"column":null}},"11":{"start":{"line":141,"column":48},"end":{"line":144,"column":18}},"12":{"start":{"line":143,"column":47},"end":{"line":143,"column":82}},"13":{"start":{"line":208,"column":18},"end":{"line":208,"column":null}},"14":{"start":{"line":209,"column":18},"end":{"line":209,"column":null}},"15":{"start":{"line":217,"column":18},"end":{"line":217,"column":null}},"16":{"start":{"line":218,"column":18},"end":{"line":218,"column":null}}},"fnMap":{"0":{"name":"AdminUsers","decl":{"start":{"line":10,"column":24},"end":{"line":10,"column":37}},"loc":{"start":{"line":10,"column":37},"end":{"line":245,"column":null}},"line":10},"1":{"name":"(anonymous_1)","decl":{"start":{"line":36,"column":14},"end":{"line":36,"column":15}},"loc":{"start":{"line":36,"column":27},"end":{"line":36,"column":null}},"line":36},"2":{"name":"(anonymous_2)","decl":{"start":{"line":41,"column":61},"end":{"line":41,"column":62}},"loc":{"start":{"line":41,"column":62},"end":{"line":41,"column":81}},"line":41},"3":{"name":"(anonymous_3)","decl":{"start":{"line":45,"column":14},"end":{"line":45,"column":15}},"loc":{"start":{"line":45,"column":27},"end":{"line":48,"column":null}},"line":45},"4":{"name":"(anonymous_4)","decl":{"start":{"line":53,"column":14},"end":{"line":53,"column":15}},"loc":{"start":{"line":53,"column":27},"end":{"line":56,"column":null}},"line":53},"5":{"name":"(anonymous_5)","decl":{"start":{"line":58,"column":74},"end":{"line":58,"column":75}},"loc":{"start":{"line":58,"column":82},"end":{"line":58,"column":121}},"line":58},"6":{"name":"(anonymous_6)","decl":{"start":{"line":141,"column":42},"end":{"line":141,"column":48}},"loc":{"start":{"line":141,"column":48},"end":{"line":144,"column":18}},"line":141},"7":{"name":"(anonymous_7)","decl":{"start":{"line":143,"column":41},"end":{"line":143,"column":47}},"loc":{"start":{"line":143,"column":47},"end":{"line":143,"column":82}},"line":143},"8":{"name":"(anonymous_8)","decl":{"start":{"line":207,"column":25},"end":{"line":207,"column":31}},"loc":{"start":{"line":207,"column":31},"end":{"line":210,"column":null}},"line":207},"9":{"name":"(anonymous_9)","decl":{"start":{"line":216,"column":25},"end":{"line":216,"column":31}},"loc":{"start":{"line":216,"column":31},"end":{"line":219,"column":null}},"line":216}},"branchMap":{"0":{"loc":{"start":{"line":47,"column":15},"end":{"line":47,"column":null}},"type":"cond-expr","locations":[{"start":{"line":47,"column":24},"end":{"line":47,"column":58}},{"start":{"line":47,"column":58},"end":{"line":47,"column":null}}],"line":47},"1":{"loc":{"start":{"line":54,"column":23},"end":{"line":54,"column":null}},"type":"binary-expr","locations":[{"start":{"line":54,"column":23},"end":{"line":54,"column":53}},{"start":{"line":54,"column":53},"end":{"line":54,"column":null}}],"line":54},"2":{"loc":{"start":{"line":55,"column":15},"end":{"line":55,"column":null}},"type":"cond-expr","locations":[{"start":{"line":55,"column":23},"end":{"line":55,"column":60}},{"start":{"line":55,"column":60},"end":{"line":55,"column":null}}],"line":55},"3":{"loc":{"start":{"line":58,"column":82},"end":{"line":58,"column":121}},"type":"cond-expr","locations":[{"start":{"line":58,"column":86},"end":{"line":58,"column":117}},{"start":{"line":58,"column":117},"end":{"line":58,"column":121}}],"line":58},"4":{"loc":{"start":{"line":181,"column":58},"end":{"line":181,"column":85}},"type":"binary-expr","locations":[{"start":{"line":181,"column":58},"end":{"line":181,"column":82}},{"start":{"line":181,"column":82},"end":{"line":181,"column":85}}],"line":181},"5":{"loc":{"start":{"line":192,"column":13},"end":{"line":195,"column":null}},"type":"binary-expr","locations":[{"start":{"line":192,"column":13},"end":{"line":192,"column":null}},{"start":{"line":193,"column":14},"end":{"line":195,"column":null}}],"line":192},"6":{"loc":{"start":{"line":229,"column":79},"end":{"line":229,"column":104}},"type":"binary-expr","locations":[{"start":{"line":229,"column":79},"end":{"line":229,"column":101}},{"start":{"line":229,"column":101},"end":{"line":229,"column":104}}],"line":229},"7":{"loc":{"start":{"line":232,"column":67},"end":{"line":232,"column":93}},"type":"binary-expr","locations":[{"start":{"line":232,"column":67},"end":{"line":232,"column":90}},{"start":{"line":232,"column":90},"end":{"line":232,"column":93}}],"line":232}},"s":{"0":5,"1":0,"2":0,"3":0,"4":0,"5":0,"6":0,"7":0,"8":0,"9":0,"10":0,"11":0,"12":0,"13":0,"14":0,"15":0,"16":0},"f":{"0":0,"1":0,"2":0,"3":0,"4":0,"5":0,"6":0,"7":0,"8":0,"9":0},"b":{"0":[0,0],"1":[0,0],"2":[0,0],"3":[0,0],"4":[0,0],"5":[0,0],"6":[0,0],"7":[0,0]},"meta":{"lastBranch":8,"lastFunction":10,"lastStatement":17,"seen":{"s:8:17:8:Infinity":0,"f:10:24:10:37":0,"s:30:2:30:Infinity":1,"s:32:23:59:Infinity":2,"f:36:14:36:15":1,"s:36:27:36:Infinity":3,"f:41:61:41:62":2,"s:41:62:41:81":4,"f:45:14:45:15":3,"s:46:23:46:Infinity":5,"s:47:8:47:Infinity":6,"b:47:24:47:58:47:58:47:Infinity":0,"f:53:14:53:15":4,"s:54:23:54:Infinity":7,"b:54:23:54:53:54:53:54:Infinity":1,"s:55:8:55:Infinity":8,"b:55:23:55:60:55:60:55:Infinity":2,"f:58:74:58:75":5,"s:58:82:58:121":9,"b:58:86:58:117:58:117:58:121":3,"s:61:2:243:Infinity":10,"f:141:42:141:48":6,"s:141:48:144:18":11,"f:143:41:143:47":7,"s:143:47:143:82":12,"b:181:58:181:82:181:82:181:85":4,"b:192:13:192:Infinity:193:14:195:Infinity":5,"f:207:25:207:31":8,"s:208:18:208:Infinity":13,"s:209:18:209:Infinity":14,"f:216:25:216:31":9,"s:217:18:217:Infinity":15,"s:218:18:218:Infinity":16,"b:229:79:229:101:229:101:229:104":6,"b:232:67:232:90:232:90:232:93":7}}}
,"/Users/pendiaz/Documents/my-projects/Capstone/web/src/features/admin/services/index.js": {"path":"/Users/pendiaz/Documents/my-projects/Capstone/web/src/features/admin/services/index.js","statementMap":{},"fnMap":{},"branchMap":{},"s":{},"f":{},"b":{},"meta":{"lastBranch":0,"lastFunction":0,"lastStatement":0,"seen":{}}}
,"/Users/pendiaz/Documents/my-projects/Capstone/web/src/features/admin/services/maintenanceService.js": {"path":"/Users/pendiaz/Documents/my-projects/Capstone/web/src/features/admin/services/maintenanceService.js","statementMap":{"0":{"start":{"line":5,"column":17},"end":{"line":5,"column":null}},"1":{"start":{"line":6,"column":17},"end":{"line":6,"column":null}},"2":{"start":{"line":7,"column":2},"end":{"line":11,"column":null}},"3":{"start":{"line":15,"column":17},"end":{"line":15,"column":null}},"4":{"start":{"line":16,"column":17},"end":{"line":16,"column":null}},"5":{"start":{"line":17,"column":2},"end":{"line":20,"column":null}},"6":{"start":{"line":24,"column":17},"end":{"line":24,"column":null}},"7":{"start":{"line":25,"column":17},"end":{"line":25,"column":null}},"8":{"start":{"line":26,"column":2},"end":{"line":29,"column":null}},"9":{"start":{"line":33,"column":17},"end":{"line":33,"column":null}},"10":{"start":{"line":34,"column":17},"end":{"line":34,"column":null}},"11":{"start":{"line":35,"column":2},"end":{"line":39,"column":null}}},"fnMap":{"0":{"name":"requestMaintenance","decl":{"start":{"line":4,"column":22},"end":{"line":4,"column":40}},"loc":{"start":{"line":4,"column":50},"end":{"line":12,"column":null}},"line":4},"1":{"name":"getMaintenanceCurrent","decl":{"start":{"line":14,"column":22},"end":{"line":14,"column":43}},"loc":{"start":{"line":14,"column":46},"end":{"line":21,"column":null}},"line":14},"2":{"name":"getMaintenanceApprovals","decl":{"start":{"line":23,"column":22},"end":{"line":23,"column":45}},"loc":{"start":{"line":23,"column":48},"end":{"line":30,"column":null}},"line":23},"3":{"name":"approveMaintenance","decl":{"start":{"line":32,"column":22},"end":{"line":32,"column":40}},"loc":{"start":{"line":32,"column":84},"end":{"line":40,"column":null}},"line":32}},"branchMap":{"0":{"loc":{"start":{"line":32,"column":53},"end":{"line":32,"column":68}},"type":"default-arg","locations":[{"start":{"line":32,"column":64},"end":{"line":32,"column":68}}],"line":32},"1":{"loc":{"start":{"line":32,"column":70},"end":{"line":32,"column":82}},"type":"default-arg","locations":[{"start":{"line":32,"column":80},"end":{"line":32,"column":82}}],"line":32}},"s":{"0":0,"1":0,"2":0,"3":0,"4":0,"5":0,"6":0,"7":0,"8":0,"9":0,"10":0,"11":0},"f":{"0":0,"1":0,"2":0,"3":0},"b":{"0":[0],"1":[0]},"meta":{"lastBranch":2,"lastFunction":4,"lastStatement":12,"seen":{"f:4:22:4:40":0,"s:5:17:5:Infinity":0,"s:6:17:6:Infinity":1,"s:7:2:11:Infinity":2,"f:14:22:14:43":1,"s:15:17:15:Infinity":3,"s:16:17:16:Infinity":4,"s:17:2:20:Infinity":5,"f:23:22:23:45":2,"s:24:17:24:Infinity":6,"s:25:17:25:Infinity":7,"s:26:2:29:Infinity":8,"f:32:22:32:40":3,"b:32:64:32:68":0,"b:32:80:32:82":1,"s:33:17:33:Infinity":9,"s:34:17:34:Infinity":10,"s:35:2:39:Infinity":11}}}
,"/Users/pendiaz/Documents/my-projects/Capstone/web/src/features/admin/services/recoveryService.js": {"path":"/Users/pendiaz/Documents/my-projects/Capstone/web/src/features/admin/services/recoveryService.js","statementMap":{"0":{"start":{"line":5,"column":17},"end":{"line":5,"column":null}},"1":{"start":{"line":6,"column":17},"end":{"line":6,"column":null}},"2":{"start":{"line":7,"column":16},"end":{"line":7,"column":null}},"3":{"start":{"line":8,"column":14},"end":{"line":8,"column":null}},"4":{"start":{"line":9,"column":2},"end":{"line":9,"column":null}},"5":{"start":{"line":13,"column":17},"end":{"line":13,"column":null}},"6":{"start":{"line":14,"column":17},"end":{"line":14,"column":null}},"7":{"start":{"line":15,"column":2},"end":{"line":19,"column":null}},"8":{"start":{"line":23,"column":17},"end":{"line":23,"column":null}},"9":{"start":{"line":24,"column":17},"end":{"line":24,"column":null}},"10":{"start":{"line":25,"column":2},"end":{"line":29,"column":null}}},"fnMap":{"0":{"name":"getRecoveryRequests","decl":{"start":{"line":4,"column":22},"end":{"line":4,"column":41}},"loc":{"start":{"line":4,"column":55},"end":{"line":10,"column":null}},"line":4},"1":{"name":"issueTemporaryCredentials","decl":{"start":{"line":12,"column":22},"end":{"line":12,"column":47}},"loc":{"start":{"line":12,"column":57},"end":{"line":20,"column":null}},"line":12},"2":{"name":"denyRecoveryRequest","decl":{"start":{"line":22,"column":22},"end":{"line":22,"column":41}},"loc":{"start":{"line":22,"column":51},"end":{"line":30,"column":null}},"line":22}},"branchMap":{"0":{"loc":{"start":{"line":4,"column":42},"end":{"line":4,"column":53}},"type":"default-arg","locations":[{"start":{"line":4,"column":51},"end":{"line":4,"column":53}}],"line":4},"1":{"loc":{"start":{"line":8,"column":14},"end":{"line":8,"column":null}},"type":"cond-expr","locations":[{"start":{"line":8,"column":22},"end":{"line":8,"column":66}},{"start":{"line":8,"column":69},"end":{"line":8,"column":null}}],"line":8}},"s":{"0":0,"1":0,"2":0,"3":0,"4":0,"5":0,"6":0,"7":0,"8":0,"9":0,"10":0},"f":{"0":0,"1":0,"2":0},"b":{"0":[0],"1":[0,0]},"meta":{"lastBranch":2,"lastFunction":3,"lastStatement":11,"seen":{"f:4:22:4:41":0,"b:4:51:4:53":0,"s:5:17:5:Infinity":0,"s:6:17:6:Infinity":1,"s:7:16:7:Infinity":2,"s:8:14:8:Infinity":3,"b:8:22:8:66:8:69:8:Infinity":1,"s:9:2:9:Infinity":4,"f:12:22:12:47":1,"s:13:17:13:Infinity":5,"s:14:17:14:Infinity":6,"s:15:2:19:Infinity":7,"f:22:22:22:41":2,"s:23:17:23:Infinity":8,"s:24:17:24:Infinity":9,"s:25:2:29:Infinity":10}}}
[...]
nd":{"line":45,"column":null}},{"start":{"line":41,"column":9},"end":{"line":45,"column":null}}],"line":39},"9":{"loc":{"start":{"line":41,"column":9},"end":{"line":45,"column":null}},"type":"if","locations":[{"start":{"line":41,"column":9},"end":{"line":45,"column":null}},{"start":{"line":43,"column":9},"end":{"line":45,"column":null}}],"line":41},"10":{"loc":{"start":{"line":54,"column":2},"end":{"line":65,"column":null}},"type":"if","locations":[{"start":{"line":54,"column":2},"end":{"line":65,"column":null}},{"start":{},"end":{}}],"line":54}},"s":{"0":0,"1":0,"2":0,"3":0,"4":0,"5":0,"6":0,"7":0,"8":0,"9":0,"10":0,"11":0,"12":0,"13":0,"14":0,"15":0,"16":0,"17":0,"18":0,"19":0,"20":0,"21":0,"22":0,"23":0,"24":0,"25":0,"26":0,"27":0,"28":0,"29":5},"f":{"0":0,"1":0,"2":0,"3":0},"b":{"0":[0,0],"1":[0,0],"2":[0,0],"3":[0,0],"4":[0,0],"5":[0,0],"6":[0,0],"7":[0,0],"8":[0,0],"9":[0,0],"10":[0,0]},"meta":{"lastBranch":11,"lastFunction":4,"lastStatement":30,"seen":{"f:10:16:10:41":0,"b:11:2:11:Infinity:undefined:undefined:undefined:undefined":0,"s:11:2:11:Infinity":0,"s:11:17:11:Infinity":1,"s:13:14:13:Infinity":2,"b:16:2:16:Infinity:undefined:undefined:undefined:undefined":1,"s:16:2:16:Infinity":3,"s:16:28:16:Infinity":4,"b:17:2:17:Infinity:undefined:undefined:undefined:undefined":2,"s:17:2:17:Infinity":5,"s:17:29:17:Infinity":6,"b:20:2:20:37:undefined:undefined:undefined:undefined":3,"s:20:2:20:37":7,"s:20:30:20:37":8,"b:21:2:21:37:undefined:undefined:undefined:undefined":4,"s:21:2:21:37":9,"s:21:30:21:37":10,"b:22:2:22:34:undefined:undefined:undefined:undefined":5,"s:22:2:22:34":11,"s:22:27:22:34":12,"b:23:2:23:44:undefined:undefined:undefined:undefined":6,"s:23:2:23:44":13,"s:23:37:23:44":14,"s:26:2:26:Infinity":15,"f:34:16:34:35":1,"s:35:16:35:Infinity":16,"b:37:2:45:Infinity:39:9:45:Infinity":7,"s:37:2:45:Infinity":17,"s:38:4:38:Infinity":18,"b:39:9:45:Infinity:41:9:45:Infinity":8,"s:39:9:45:Infinity":19,"s:40:4:40:Infinity":20,"b:41:9:45:Infinity:43:9:45:Infinity":9,"s:41:9:45:Infinity":21,"s:42:4:42:Infinity":22,"s:44:4:44:Infinity":23,"f:53:16:53:44":2,"b:54:2:65:Infinity:undefined:undefined:undefined:undefined":10,"s:54:2:65:Infinity":24,"s:55:4:64:Infinity":25,"s:67:17:73:Infinity":26,"s:75:2:78:Infinity":27,"f:76:39:76:44":3,"s:76:48:76:62":28,"s:84:34:90:Infinity":29}}}
,"/Users/pendiaz/Documents/my-projects/Capstone/web/src/shared/utils/phoneFormatter.js": {"path":"/Users/pendiaz/Documents/my-projects/Capstone/web/src/shared/utils/phoneFormatter.js","statementMap":{"0":{"start":{"line":11,"column":2},"end":{"line":11,"column":null}},"1":{"start":{"line":11,"column":14},"end":{"line":11,"column":null}},"2":{"start":{"line":14,"column":18},"end":{"line":14,"column":null}},"3":{"start":{"line":17,"column":18},"end":{"line":17,"column":null}},"4":{"start":{"line":20,"column":2},"end":{"line":22,"column":null}},"5":{"start":{"line":21,"column":4},"end":{"line":21,"column":null}},"6":{"start":{"line":24,"column":2},"end":{"line":24,"column":null}},"7":{"start":{"line":33,"column":2},"end":{"line":33,"column":null}},"8":{"start":{"line":33,"column":14},"end":{"line":33,"column":null}},"9":{"start":{"line":35,"column":18},"end":{"line":35,"column":null}},"10":{"start":{"line":37,"column":2},"end":{"line":45,"column":null}},"11":{"start":{"line":38,"column":4},"end":{"line":38,"column":null}},"12":{"start":{"line":39,"column":9},"end":{"line":45,"column":null}},"13":{"start":{"line":40,"column":4},"end":{"line":40,"column":null}},"14":{"start":{"line":41,"column":9},"end":{"line":45,"column":null}},"15":{"start":{"line":42,"column":4},"end":{"line":42,"column":null}},"16":{"start":{"line":44,"column":4},"end":{"line":44,"column":null}},"17":{"start":{"line":54,"column":2},"end":{"line":54,"column":null}},"18":{"start":{"line":54,"column":14},"end":{"line":54,"column":null}},"19":{"start":{"line":55,"column":18},"end":{"line":55,"column":null}},"20":{"start":{"line":56,"column":2},"end":{"line":56,"column":null}}},"fnMap":{"0":{"name":"formatPhoneNumber","decl":{"start":{"line":10,"column":16},"end":{"line":10,"column":33}},"loc":{"start":{"line":10,"column":41},"end":{"line":25,"column":null}},"line":10},"1":{"name":"formatPhoneDisplay","decl":{"start":{"line":32,"column":16},"end":{"line":32,"column":34}},"loc":{"start":{"line":32,"column":42},"end":{"line":46,"column":null}},"line":32},"2":{"name":"isValidPhoneFormat","decl":{"start":{"line":53,"column":16},"end":{"line":53,"column":34}},"loc":{"start":{"line":53,"column":42},"end":{"line":57,"column":null}},"line":53}},"branchMap":{"0":{"loc":{"start":{"line":11,"column":2},"end":{"line":11,"column":null}},"type":"if","locations":[{"start":{"line":11,"column":2},"end":{"line":11,"column":null}},{"start":{},"end":{}}],"line":11},"1":{"loc":{"start":{"line":20,"column":2},"end":{"line":22,"column":null}},"type":"if","locations":[{"start":{"line":20,"column":2},"end":{"line":22,"column":null}},{"start":{},"end":{}}],"line":20},"2":{"loc":{"start":{"line":20,"column":6},"end":{"line":20,"column":46}},"type":"binary-expr","locations":[{"start":{"line":20,"column":6},"end":{"line":20,"column":24}},{"start":{"line":20,"column":28},"end":{"line":20,"column":46}}],"line":20},"3":{"loc":{"start":{"line":33,"column":2},"end":{"line":33,"column":null}},"type":"if","locations":[{"start":{"line":33,"column":2},"end":{"line":33,"column":null}},{"start":{},"end":{}}],"line":33},"4":{"loc":{"start":{"line":37,"column":2},"end":{"line":45,"column":null}},"type":"if","locations":[{"start":{"line":37,"column":2},"end":{"line":45,"column":null}},{"start":{"line":39,"column":9},"end":{"line":45,"column":null}}],"line":37},"5":{"loc":{"start":{"line":39,"column":9},"end":{"line":45,"column":null}},"type":"if","locations":[{"start":{"line":39,"column":9},"end":{"line":45,"column":null}},{"start":{"line":41,"column":9},"end":{"line":45,"column":null}}],"line":39},"6":{"loc":{"start":{"line":41,"column":9},"end":{"line":45,"column":null}},"type":"if","locations":[{"start":{"line":41,"column":9},"end":{"line":45,"column":null}},{"start":{"line":43,"column":9},"end":{"line":45,"column":null}}],"line":41},"7":{"loc":{"start":{"line":54,"column":2},"end":{"line":54,"column":null}},"type":"if","locations":[{"start":{"line":54,"column":2},"end":{"line":54,"column":null}},{"start":{},"end":{}}],"line":54},"8":{"loc":{"start":{"line":56,"column":9},"end":{"line":56,"column":null}},"type":"binary-expr","locations":[{"start":{"line":56,"column":9},"end":{"line":56,"column":30}},{"start":{"line":56,"column":34},"end":{"line":56,"column":null}}],"line":56}},"s":{"0":0,"1":0,"2":0,"3":0,"4":0,"5":0,"6":0,"7":0,"8":0,"9":0,"10":0,"11":0,"12":0,"13":0,"14":0,"15":0,"16":0,"17":0,"18":0,"19":0,"20":0},"f":{"0":0,"1":0,"2":0},"b":{"0":[0,0],"1":[0,0],"2":[0,0],"3":[0,0],"4":[0,0],"5":[0,0],"6":[0,0],"7":[0,0],"8":[0,0]},"meta":{"lastBranch":9,"lastFunction":3,"lastStatement":21,"seen":{"f:10:16:10:33":0,"b:11:2:11:Infinity:undefined:undefined:undefined:undefined":0,"s:11:2:11:Infinity":0,"s:11:14:11:Infinity":1,"s:14:18:14:Infinity":2,"s:17:18:17:Infinity":3,"b:20:2:22:Infinity:undefined:undefined:undefined:undefined":1,"s:20:2:22:Infinity":4,"b:20:6:20:24:20:28:20:46":2,"s:21:4:21:Infinity":5,"s:24:2:24:Infinity":6,"f:32:16:32:34":1,"b:33:2:33:Infinity:undefined:undefined:undefined:undefined":3,"s:33:2:33:Infinity":7,"s:33:14:33:Infinity":8,"s:35:18:35:Infinity":9,"b:37:2:45:Infinity:39:9:45:Infinity":4,"s:37:2:45:Infinity":10,"s:38:4:38:Infinity":11,"b:39:9:45:Infinity:41:9:45:Infinity":5,"s:39:9:45:Infinity":12,"s:40:4:40:Infinity":13,"b:41:9:45:Infinity:43:9:45:Infinity":6,"s:41:9:45:Infinity":14,"s:42:4:42:Infinity":15,"s:44:4:44:Infinity":16,"f:53:16:53:34":2,"b:54:2:54:Infinity:undefined:undefined:undefined:undefined":7,"s:54:2:54:Infinity":17,"s:54:14:54:Infinity":18,"s:55:18:55:Infinity":19,"s:56:2:56:Infinity":20,"b:56:9:56:30:56:34:56:Infinity":8}}}
,"/Users/pendiaz/Documents/my-projects/Capstone/web/src/stories/Button.jsx": {"path":"/Users/pendiaz/Documents/my-projects/Capstone/web/src/stories/Button.jsx","statementMap":{"0":{"start":{"line":17,"column":4},"end":{"line":17,"column":5}},"1":{"start":{"line":1,"column":18},"end":{"line":1,"column":null}},"2":{"start":{"line":3,"column":22},"end":{"line":3,"column":null}},"3":{"start":{"line":8,"column":22},"end":{"line":26,"column":null}},"4":{"start":{"line":15,"column":15},"end":{"line":15,"column":null}},"5":{"start":{"line":16,"column":2},"end":{"line":24,"column":null}},"6":{"start":{"line":28,"column":0},"end":{"line":39,"column":null}}},"fnMap":{"0":{"name":"(anonymous_0)","decl":{"start":{"line":8,"column":22},"end":{"line":8,"column":23}},"loc":{"start":{"line":14,"column":6},"end":{"line":26,"column":null}},"line":14}},"branchMap":{"0":{"loc":{"start":{"line":9,"column":2},"end":{"line":9,"column":null}},"type":"default-arg","locations":[{"start":{"line":9,"column":12},"end":{"line":9,"column":null}}],"line":9},"1":{"loc":{"start":{"line":10,"column":2},"end":{"line":10,"column":null}},"type":"default-arg","locations":[{"start":{"line":10,"column":20},"end":{"line":10,"column":null}}],"line":10},"2":{"loc":{"start":{"line":11,"column":2},"end":{"line":11,"column":null}},"type":"default-arg","locations":[{"start":{"line":11,"column":9},"end":{"line":11,"column":null}}],"line":11},"3":{"loc":{"start":{"line":15,"column":15},"end":{"line":15,"column":null}},"type":"cond-expr","locations":[{"start":{"line":15,"column":25},"end":{"line":15,"column":55}},{"start":{"line":15,"column":55},"end":{"line":15,"column":null}}],"line":15},"4":{"loc":{"start":{"line":20,"column":13},"end":{"line":20,"column":null}},"type":"binary-expr","locations":[{"start":{"line":20,"column":13},"end":{"line":20,"column":32}},{"start":{"line":20,"column":32},"end":{"line":20,"column":null}}],"line":20}},"s":{"0":3,"1":3,"2":3,"3":3,"4":12,"5":12,"6":3},"f":{"0":12},"b":{"0":[12],"1":[12],"2":[12],"3":[4,8],"4":[12,0]},"meta":{"lastBranch":5,"lastFunction":1,"lastStatement":7,"seen":{"s:17:4:17:5":0,"s:1:18:1:Infinity":1,"s:3:22:3:Infinity":2,"s:8:22:26:Infinity":3,"f:8:22:8:23":0,"b:9:12:9:Infinity":0,"b:10:20:10:Infinity":1,"b:11:9:11:Infinity":2,"s:15:15:15:Infinity":4,"b:15:25:15:55:15:55:15:Infinity":3,"s:16:2:24:Infinity":5,"b:20:13:20:32:20:32:20:Infinity":4,"s:28:0:39:Infinity":6}}}
,"/Users/pendiaz/Documents/my-projects/Capstone/web/src/stories/Header.jsx": {"path":"/Users/pendiaz/Documents/my-projects/Capstone/web/src/stories/Header.jsx","statementMap":{"0":{"start":{"line":14,"column":12},"end":{"line":14,"column":13}},"1":{"start":{"line":1,"column":18},"end":{"line":1,"column":null}},"2":{"start":{"line":3,"column":22},"end":{"line":3,"column":null}},"3":{"start":{"line":8,"column":22},"end":{"line":46,"column":null}},"4":{"start":{"line":9,"column":2},"end":{"line":46,"column":null}},"5":{"start":{"line":49,"column":0},"end":{"line":56,"column":null}}},"fnMap":{"0":{"name":"(anonymous_0)","decl":{"start":{"line":8,"column":22},"end":{"line":8,"column":23}},"loc":{"start":{"line":9,"column":2},"end":{"line":46,"column":null}},"line":9}},"branchMap":{"0":{"loc":{"start":{"line":8,"column":25},"end":{"line":8,"column":38}},"type":"default-arg","locations":[{"start":{"line":8,"column":32},"end":{"line":8,"column":38}}],"line":8},"1":{"loc":{"start":{"line":31,"column":9},"end":{"line":42,"column":null}},"type":"cond-expr","locations":[{"start":{"line":32,"column":10},"end":{"line":37,"column":null}},{"start":{"line":39,"column":10},"end":{"line":42,"column":null}}],"line":31}},"s":{"0":2,"1":2,"2":2,"3":2,"4":5,"5":2},"f":{"0":5},"b":{"0":[5],"1":[2,3]},"meta":{"lastBranch":2,"lastFunction":1,"lastStatement":6,"seen":{"s:14:12:14:13":0,"s:1:18:1:Infinity":1,"s:3:22:3:Infinity":2,"s:8:22:46:Infinity":3,"f:8:22:8:23":0,"s:9:2:46:Infinity":4,"b:8:32:8:38":0,"b:32:10:37:Infinity:39:10:42:Infinity":1,"s:49:0:56:Infinity":5}}}
,"/Users/pendiaz/Documents/my-projects/Capstone/web/src/stories/Page.jsx": {"path":"/Users/pendiaz/Documents/my-projects/Capstone/web/src/stories/Page.jsx","statementMap":{"0":{"start":{"line":11,"column":6},"end":{"line":11,"column":7}},"1":{"start":{"line":1,"column":18},"end":{"line":1,"column":null}},"2":{"start":{"line":6,"column":20},"end":{"line":69,"column":null}},"3":{"start":{"line":7,"column":26},"end":{"line":7,"column":null}},"4":{"start":{"line":9,"column":2},"end":{"line":67,"column":null}},"5":{"start":{"line":13,"column":23},"end":{"line":13,"column":null}},"6":{"start":{"line":14,"column":24},"end":{"line":14,"column":null}},"7":{"start":{"line":15,"column":31},"end":{"line":15,"column":null}}},"fnMap":{"0":{"name":"(anonymous_0)","decl":{"start":{"line":6,"column":20},"end":{"line":6,"column":26}},"loc":{"start":{"line":6,"column":26},"end":{"line":69,"column":null}},"line":6},"1":{"name":"(anonymous_1)","decl":{"start":{"line":13,"column":17},"end":{"line":13,"column":23}},"loc":{"start":{"line":13,"column":23},"end":{"line":13,"column":null}},"line":13},"2":{"name":"(anonymous_2)","decl":{"start":{"line":14,"column":18},"end":{"line":14,"column":24}},"loc":{"start":{"line":14,"column":24},"end":{"line":14,"column":null}},"line":14},"3":{"name":"(anonymous_3)","decl":{"start":{"line":15,"column":25},"end":{"line":15,"column":31}},"loc":{"start":{"line":15,"column":31},"end":{"line":15,"column":null}},"line":15}},"branchMap":{},"s":{"0":1,"1":1,"2":1,"3":3,"4":3,"5":1,"6":0,"7":0},"f":{"0":3,"1":1,"2":0,"3":0},"b":{},"meta":{"lastBranch":0,"lastFunction":4,"lastStatement":8,"seen":{"s:11:6:11:7":0,"s:1:18:1:Infinity":1,"s:6:20:69:Infinity":2,"f:6:20:6:26":0,"s:7:26:7:Infinity":3,"s:9:2:67:Infinity":4,"f:13:17:13:23":1,"s:13:23:13:Infinity":5,"f:14:18:14:24":2,"s:14:24:14:Infinity":6,"f:15:25:15:31":3,"s:15:31:15:Infinity":7}}}
,"/Users/pendiaz/Documents/my-projects/Capstone/web/src/stories/button.css": {"path":"/Users/pendiaz/Documents/my-projects/Capstone/web/src/stories/button.css","statementMap":{},"fnMap":{},"branchMap":{},"s":{},"f":{},"b":{},"meta":{"lastBranch":0,"lastFunction":0,"lastStatement":0,"seen":{}}}
,"/Users/pendiaz/Documents/my-projects/Capstone/web/src/stories/header.css": {"path":"/Users/pendiaz/Documents/my-projects/Capstone/web/src/stories/header.css","statementMap":{},"fnMap":{},"branchMap":{},"s":{},"f":{},"b":{},"meta":{"lastBranch":0,"lastFunction":0,"lastStatement":0,"seen":{}}}
,"/Users/pendiaz/Documents/my-projects/Capstone/web/src/stories/page.css": {"path":"/Users/pendiaz/Documents/my-projects/Capstone/web/src/stories/page.css","statementMap":{},"fnMap":{},"branchMap":{},"s":{},"f":{},"b":{},"meta":{"lastBranch":0,"lastFunction":0,"lastStatement":0,"seen":{}}}
,"/Users/pendiaz/Documents/my-projects/Capstone/web/src/test/msw/handlers.js": {"path":"/Users/pendiaz/Documents/my-projects/Capstone/web/src/test/msw/handlers.js","statementMap":{"0":{"start":{"line":7,"column":24},"end":{"line":36,"column":null}},"1":{"start":{"line":10,"column":4},"end":{"line":10,"column":null}},"2":{"start":{"line":11,"column":4},"end":{"line":11,"column":null}},"3":{"start":{"line":16,"column":17},"end":{"line":16,"column":null}},"4":{"start":{"line":16,"column":51},"end":{"line":16,"column":53}},"5":{"start":{"line":17,"column":4},"end":{"line":19,"column":null}},"6":{"start":{"line":18,"column":6},"end":{"line":18,"column":null}},"7":{"start":{"line":20,"column":4},"end":{"line":20,"column":null}},"8":{"start":{"line":25,"column":22},"end":{"line":25,"column":null}},"9":{"start":{"line":25,"column":56},"end":{"line":25,"column":58}},"10":{"start":{"line":26,"column":4},"end":{"line":28,"column":null}},"11":{"start":{"line":27,"column":6},"end":{"line":27,"column":null}},"12":{"start":{"line":29,"column":4},"end":{"line":29,"column":null}},"13":{"start":{"line":34,"column":4},"end":{"line":34,"column":null}}},"fnMap":{"0":{"name":"(anonymous_0)","decl":{"start":{"line":9,"column":38},"end":{"line":9,"column":43}},"loc":{"start":{"line":9,"column":50},"end":{"line":12,"column":3}},"line":9},"1":{"name":"(anonymous_1)","decl":{"start":{"line":15,"column":37},"end":{"line":15,"column":42}},"loc":{"start":{"line":15,"column":60},"end":{"line":21,"column":3}},"line":15},"2":{"name":"(anonymous_2)","decl":{"start":{"line":16,"column":44},"end":{"line":16,"column":45}},"loc":{"start":{"line":16,"column":51},"end":{"line":16,"column":53}},"line":16},"3":{"name":"(anonymous_3)","decl":{"start":{"line":24,"column":31},"end":{"line":24,"column":36}},"loc":{"start":{"line":24,"column":54},"end":{"line":30,"column":3}},"line":24},"4":{"name":"(anonymous_4)","decl":{"start":{"line":25,"column":49},"end":{"line":25,"column":50}},"loc":{"start":{"line":25,"column":56},"end":{"line":25,"column":58}},"line":25},"5":{"name":"(anonymous_5)","decl":{"start":{"line":33,"column":27},"end":{"line":33,"column":28}},"loc":{"start":{"line":33,"column":33},"end":{"line":35,"column":3}},"line":33}},"branchMap":{"0":{"loc":{"start":{"line":17,"column":4},"end":{"line":19,"column":null}},"type":"if","locations":[{"start":{"line":17,"column":4},"end":{"line":19,"column":null}},{"start":{},"end":{}}],"line":17},"1":{"loc":{"start":{"line":26,"column":4},"end":{"line":28,"column":null}},"type":"if","locations":[{"start":{"line":26,"column":4},"end":{"line":28,"column":null}},{"start":{},"end":{}}],"line":26}},"s":{"0":9,"1":0,"2":0,"3":0,"4":0,"5":0,"6":0,"7":0,"8":0,"9":0,"10":0,"11":0,"12":0,"13":0},"f":{"0":0,"1":0,"2":0,"3":0,"4":0,"5":0},"b":{"0":[0,0],"1":[0,0]},"meta":{"lastBranch":2,"lastFunction":6,"lastStatement":14,"seen":{"s:7:24:36:Infinity":0,"f:9:38:9:43":0,"s:10:4:10:Infinity":1,"s:11:4:11:Infinity":2,"f:15:37:15:42":1,"s:16:17:16:Infinity":3,"f:16:44:16:45":2,"s:16:51:16:53":4,"b:17:4:19:Infinity:undefined:undefined:undefined:undefined":0,"s:17:4:19:Infinity":5,"s:18:6:18:Infinity":6,"s:20:4:20:Infinity":7,"f:24:31:24:36":3,"s:25:22:25:Infinity":8,"f:25:49:25:50":4,"s:25:56:25:58":9,"b:26:4:28:Infinity:undefined:undefined:undefined:undefined":1,"s:26:4:28:Infinity":10,"s:27:6:27:Infinity":11,"s:29:4:29:Infinity":12,"f:33:27:33:28":5,"s:34:4:34:Infinity":13}}}
,"/Users/pendiaz/Documents/my-projects/Capstone/web/src/test/utils/renderWithProviders.jsx": {"path":"/Users/pendiaz/Documents/my-projects/Capstone/web/src/test/utils/renderWithProviders.jsx","statementMap":{"0":{"start":{"line":15,"column":18},"end":{"line":20,"column":null}},"1":{"start":{"line":16,"column":4},"end":{"line":20,"column":null}},"2":{"start":{"line":23,"column":2},"end":{"line":23,"column":null}}},"fnMap":{"0":{"name":"renderWithProviders","decl":{"start":{"line":11,"column":16},"end":{"line":11,"column":null}},"loc":{"start":{"line":14,"column":2},"end":{"line":24,"column":null}},"line":14},"1":{"name":"(anonymous_1)","decl":{"start":{"line":15,"column":18},"end":{"line":15,"column":19}},"loc":{"start":{"line":16,"column":4},"end":{"line":20,"column":null}},"line":16}},"branchMap":{"0":{"loc":{"start":{"line":13,"column":2},"end":{"line":13,"column":null}},"type":"default-arg","locations":[{"start":{"line":13,"column":76},"end":{"line":13,"column":null}}],"line":13},"1":{"loc":{"start":{"line":13,"column":4},"end":{"line":13,"column":17}},"type":"default-arg","locations":[{"start":{"line":13,"column":12},"end":{"line":13,"column":17}}],"line":13},"2":{"loc":{"start":{"line":13,"column":17},"end":{"line":13,"column":43}},"type":"default-arg","locations":[{"start":{"line":13,"column":34},"end":{"line":13,"column":43}}],"line":13},"3":{"loc":{"start":{"line":13,"column":43},"end":{"line":13,"column":61}},"type":"default-arg","locations":[{"start":{"line":13,"column":57},"end":{"line":13,"column":61}}],"line":13}},"s":{"0":10,"1":10,"2":10},"f":{"0":10,"1":10},"b":{"0":[10],"1":[10],"2":[10],"3":[10]},"meta":{"lastBranch":4,"lastFunction":2,"lastStatement":3,"seen":{"f:11:16:11:Infinity":0,"b:13:76:13:Infinity":0,"b:13:12:13:17":1,"b:13:34:13:43":2,"b:13:57:13:61":3,"s:15:18:20:Infinity":0,"f:15:18:15:19":1,"s:16:4:20:Infinity":1,"s:23:2:23:Infinity":2}}}
}
