{"C:\\Xapolion\\Capstone\\web\\src\\test\\msw\\handlers.js": {"path":"C:\\Xapolion\\Capstone\\web\\src\\test\\msw\\handlers.js","statementMap":{"0":{"start":{"line":7,"column":24},"end":{"line":36,"column":1}},"1":{"start":{"line":10,"column":4},"end":{"line":10,"column":19}},"2":{"start":{"line":11,"column":4},"end":{"line":11,"column":47}},"3":{"start":{"line":16,"column":17},"end":{"line":16,"column":55}},"4":{"start":{"line":16,"column":51},"end":{"line":16,"column":53}},"5":{"start":{"line":17,"column":4},"end":{"line":19,"column":5}},"6":{"start":{"line":18,"column":6},"end":{"line":18,"column":78}},"7":{"start":{"line":20,"column":4},"end":{"line":20,"column":44}},"8":{"start":{"line":25,"column":22},"end":{"line":25,"column":60}},"9":{"start":{"line":25,"column":56},"end":{"line":25,"column":58}},"10":{"start":{"line":26,"column":4},"end":{"line":28,"column":5}},"11":{"start":{"line":27,"column":6},"end":{"line":27,"column":70}},"12":{"start":{"line":29,"column":4},"end":{"line":29,"column":86}},"13":{"start":{"line":34,"column":4},"end":{"line":34,"column":86}}},"fnMap":{"0":{"name":"(anonymous_0)","decl":{"start":{"line":9,"column":38},"end":{"line":9,"column":43}},"loc":{"start":{"line":9,"column":50},"end":{"line":12,"column":3}},"line":9},"1":{"name":"(anonymous_1)","decl":{"start":{"line":15,"column":37},"end":{"line":15,"column":42}},"loc":{"start":{"line":15,"column":60},"end":{"line":21,"column":3}},"line":15},"2":{"name":"(anonymous_2)","decl":{"start":{"line":16,"column":44},"end":{"line":16,"column":45}},"loc":{"start":{"line":16,"column":51},"end":{"line":16,"column":53}},"line":16},"3":{"name":"(anonymous_3)","decl":{"start":{"line":24,"column":31},"end":{"line":24,"column":36}},"loc":{"start":{"line":24,"column":54},"end":{"line":30,"column":3}},"line":24},"4":{"name":"(anonymous_4)","decl":{"start":{"line":25,"column":49},"end":{"line":25,"column":50}},"loc":{"start":{"line":25,"column":56},"end":{"line":25,"column":58}},"line":25},"5":{"name":"(anonymous_5)","decl":{"start":{"line":33,"column":27},"end":{"line":33,"column":28}},"loc":{"start":{"line":33,"column":33},"end":{"line":35,"column":3}},"line":33}},"branchMap":{"0":{"loc":{"start":{"line":17,"column":4},"end":{"line":19,"column":5}},"type":"if","locations":[{"start":{"line":17,"column":4},"end":{"line":19,"column":5}},{"start":{},"end":{}}],"line":17},"1":{"loc":{"start":{"line":26,"column":4},"end":{"line":28,"column":5}},"type":"if","locations":[{"start":{"line":26,"column":4},"end":{"line":28,"column":5}},{"start":{},"end":{}}],"line":26}},"s":{"0":1,"1":0,"2":0,"3":0,"4":0,"5":0,"6":0,"7":0,"8":0,"9":0,"10":0,"11":0,"12":0,"13":0},"f":{"0":0,"1":0,"2":0,"3":0,"4":0,"5":0},"b":{"0":[0,0],"1":[0,0]},"meta":{"lastBranch":2,"lastFunction":6,"lastStatement":14,"seen":{"s:7:24:36:1":0,"f:9:38:9:43":0,"s:10:4:10:19":1,"s:11:4:11:47":2,"f:15:37:15:42":1,"s:16:17:16:55":3,"f:16:44:16:45":2,"s:16:51:16:53":4,"b:17:4:19:5:undefined:undefined:undefined:undefined":0,"s:17:4:19:5":5,"s:18:6:18:78":6,"s:20:4:20:44":7,"f:24:31:24:36":3,"s:25:22:25:60":8,"f:25:49:25:50":4,"s:25:56:25:58":9,"b:26:4:28:5:undefined:undefined:undefined:undefined":1,"s:26:4:28:5":10,"s:27:6:27:70":11,"s:29:4:29:86":12,"f:33:27:33:28":5,"s:34:4:34:86":13}}}
}
